  Using 'git status' to determine working set for adaptive non-unity build.
  Creating makefile for CoopGameEditor (game project files are newer)
  Using Visual Studio 2017 14.15.26726 toolchain (C:\Program Files (x86)\Microsoft Visual Studio\2017\Community\VC\Tools\MSVC\14.15.26726) and Windows 10.0.17134.0 SDK (C:\Program Files (x86)\Windows Kits\10).
  Parsing headers for CoopGameEditor
    Running UnrealHeaderTool "E:\Unreal Projects\CoopGame\CoopGame.uproject" "E:\Unreal Projects\CoopGame\Intermediate\Build\Win64\CoopGameEditor\Development\CoopGameEditor.uhtmanifest" -LogCmds="loginit warning, logexit warning, logdatabase error" -Unattended -WarningsAsErrors -installed
  Reflection code generated for CoopGameEditor in 10.9719958 seconds
  Building 11 actions with 4 processes...
    [1/11] SharedPCH.Engine.cpp
    [2/11] CoopGame.init.gen.cpp
    [3/11] SWeapon.cpp
    [4/11] CoopGameGameModeBase.cpp
    [5/11] CoopGameGameModeBase.gen.cpp
    [6/11] SCharacter.cpp
    [7/11] SWeapon.gen.cpp
    [8/11] SCharacter.gen.cpp
    [9/11] CoopGame.cpp
    [10/11] UE4Editor-CoopGame.lib
       E:\Unreal Projects\CoopGame\Intermediate\Build\Win64\UE4Editor\Development\CoopGame\UE4Editor-CoopGame.lib ????귯?? ?? E:\Unreal Projects\CoopGame\Intermediate\Build\Win64\UE4Editor\Development\CoopGame\UE4Editor-CoopGame.exp ??u?? ??????? ??????.
    [11/11] UE4Editor-CoopGame.dll
       E:\Unreal Projects\CoopGame\Intermediate\Build\Win64\UE4Editor\Development\CoopGame\UE4Editor-CoopGame.suppressed.lib ????귯?? ?? E:\Unreal Projects\CoopGame\Intermediate\Build\Win64\UE4Editor\Development\CoopGame\UE4Editor-CoopGame.suppressed.exp ??u?? ??????? ??????.
  Deploying CoopGameEditor Win64 Development...
  Total build time: 50.39 seconds (Parallel executor: 34.59 seconds)
