Log file open, 10/31/18 15:46:19
LogWindows: Failed to load 'aqProf.dll' (GetLastError=126)
LogWindows: File 'aqProf.dll' does not exist
LogWindows: Failed to load 'VSPerf140.dll' (GetLastError=126)
LogWindows: File 'VSPerf140.dll' does not exist
LogWindows: Failed to load 'VtuneApi.dll' (GetLastError=126)
LogWindows: File 'VtuneApi.dll' does not exist
LogWindows: Failed to load 'VtuneApi32e.dll' (GetLastError=126)
LogWindows: File 'VtuneApi32e.dll' does not exist
LogInit: Display: Running engine for game: CoopGame
LogPlatformFile: Not using cached read wrapper
LogTaskGraph: Started task graph with 5 named threads and 14 total threads with 3 sets of task threads.
LogStats: Stats thread started at 0.863730
LogD3D11RHI: Loaded GFSDK_Aftermath_Lib.x64.dll
LogICUInternationalization: Display: ICU TimeZone Detection - Raw Offset: +9:00, Platform Override: ''
LogPluginManager: Mounting plugin Paper2D
LogPluginManager: Mounting plugin AISupport
LogPluginManager: Mounting plugin LightPropagationVolume
LogPluginManager: Mounting plugin CLionSourceCodeAccess
LogPluginManager: Mounting plugin CodeLiteSourceCodeAccess
LogPluginManager: Mounting plugin GitSourceControl
LogPluginManager: Mounting plugin KDevelopSourceCodeAccess
LogPluginManager: Mounting plugin NullSourceCodeAccess
LogPluginManager: Mounting plugin PerforceSourceControl
LogPluginManager: Mounting plugin SubversionSourceControl
LogPluginManager: Mounting plugin UObjectPlugin
LogPluginManager: Mounting plugin VisualStudioCodeSourceCodeAccess
LogPluginManager: Mounting plugin VisualStudioSourceCodeAccess
LogPluginManager: Mounting plugin XCodeSourceCodeAccess
LogPluginManager: Mounting plugin AssetManagerEditor
LogPluginManager: Mounting plugin CryptoKeys
LogPluginManager: Mounting plugin DataValidation
LogPluginManager: Mounting plugin FacialAnimation
LogPluginManager: Mounting plugin GameplayTagsEditor
LogPluginManager: Mounting plugin MacGraphicsSwitching
LogPluginManager: Mounting plugin MeshEditor
LogPluginManager: Mounting plugin MobileLauncherProfileWizard
LogPluginManager: Mounting plugin PluginBrowser
LogPluginManager: Mounting plugin SpeedTreeImporter
LogPluginManager: Mounting plugin DatasmithContent
LogPluginManager: Mounting plugin AlembicImporter
LogPluginManager: Mounting plugin AppleImageUtils
LogPluginManager: Mounting plugin AppleVision
LogPluginManager: Mounting plugin BackChannel
LogPluginManager: Mounting plugin CharacterAI
LogPluginManager: Mounting plugin GeometryCache
LogPluginManager: Mounting plugin HTML5Networking
LogPluginManager: Mounting plugin ProxyLODPlugin
LogPluginManager: Mounting plugin MagicLeap
LogPluginManager: Mounting plugin MagicLeapEmulator
LogPluginManager: Mounting plugin MagicLeapMedia
LogPluginManager: Mounting plugin AndroidMedia
LogPluginManager: Mounting plugin AvfMedia
LogPluginManager: Mounting plugin ImgMedia
LogPluginManager: Mounting plugin LinearTimecode
LogPluginManager: Mounting plugin MediaCompositing
LogPluginManager: Mounting plugin MediaPlayerEditor
LogPluginManager: Mounting plugin WmfMedia
LogPluginManager: Mounting plugin TcpMessaging
LogPluginManager: Mounting plugin UdpMessaging
LogPluginManager: Mounting plugin ActorSequence
LogPluginManager: Mounting plugin LevelSequenceEditor
LogPluginManager: Mounting plugin MatineeToLevelSequence
LogPluginManager: Mounting plugin NetcodeUnitTest
LogPluginManager: Mounting plugin NUTUnrealEngine4
LogPluginManager: Mounting plugin OnlineSubsystemGooglePlay
LogPluginManager: Mounting plugin OnlineSubsystemIOS
LogPluginManager: Mounting plugin OnlineSubsystem
LogPluginManager: Mounting plugin OnlineSubsystemNull
LogPluginManager: Mounting plugin OnlineSubsystemUtils
LogPluginManager: Mounting plugin LauncherChunkInstaller
LogPluginManager: Mounting plugin AndroidDeviceProfileSelector
LogPluginManager: Mounting plugin AndroidMoviePlayer
LogPluginManager: Mounting plugin AndroidPermission
LogPluginManager: Mounting plugin AppleMoviePlayer
LogPluginManager: Mounting plugin ArchVisCharacter
LogPluginManager: Mounting plugin AudioCapture
LogPluginManager: Mounting plugin CableComponent
LogPluginManager: Mounting plugin CustomMeshComponent
LogPluginManager: Mounting plugin EditableMesh
LogPluginManager: Mounting plugin ExampleDeviceProfileSelector
LogPluginManager: Mounting plugin GoogleCloudMessaging
LogPluginManager: Mounting plugin ImmediatePhysics
LogPluginManager: Mounting plugin IOSDeviceProfileSelector
LogPluginManager: Mounting plugin LinuxDeviceProfileSelector
LogPluginManager: Mounting plugin LocationServicesBPLibrary
LogPluginManager: Mounting plugin MobilePatchingUtils
LogPluginManager: Mounting plugin OculusVR
LogPluginManager: Plugin shader directory ../../../Engine/Plugins/Runtime/Oculus/OculusVR/Shaders found
LogPluginManager: Mapping shader source directory ../../../Engine/Plugins/Runtime/Oculus/OculusVR/Shaders to virtual directory /Plugin/OculusVR
LogPluginManager: Mounting plugin PhysXVehicles
LogPluginManager: Mounting plugin ProceduralMeshComponent
LogPluginManager: Mounting plugin RuntimePhysXCooking
LogPluginManager: Mounting plugin SteamVR
LogPluginManager: Mounting plugin WindowsMoviePlayer
LogStreaming: Display: Took  0.168s to configure plugins.
LogInit: Using libcurl 7.55.1-DEV
LogInit:  - built for x86_64-pc-win32
LogInit:  - supports SSL with OpenSSL/1.0.2h
LogInit:  - supports HTTP deflate (compression) using libz 1.2.8
LogInit:  - other features:
LogInit:      CURL_VERSION_SSL
LogInit:      CURL_VERSION_LIBZ
LogInit:      CURL_VERSION_IPV6
LogInit:      CURL_VERSION_ASYNCHDNS
LogInit:      CURL_VERSION_LARGEFILE
LogInit:      CURL_VERSION_IDN
LogInit:  CurlRequestOptions (configurable via config and command line):
LogInit:  - bVerifyPeer = false  - Libcurl will NOT verify peer certificate
LogInit:  - bUseHttpProxy = false  - Libcurl will NOT use HTTP proxy
LogInit:  - bDontReuseConnections = false  - Libcurl will reuse connections
LogInit:  - CertBundlePath = nullptr  - Libcurl will use whatever was configured at build time.
LogInit:  - MaxHostConnections = 16  - Libcurl will limit the number of connections to a host
LogInit:  - LocalHostAddr = Default
LogInit:  - BufferSize = 65536
LogInit: WinSock: version 1.1 (2.2), MaxSocks=32767, MaxUdp=65467
LogInit: Build: ++UE4+Release-4.20-CL-4369336
LogInit: Engine Version: 4.20.3-4369336+++UE4+Release-4.20
LogInit: Compatible Engine Version: 4.20.0-4212847+++UE4+Release-4.20
LogInit: Net CL: 4212847
LogInit: OS: Windows 10 (), CPU:         Intel(R) Core(TM) i5-3570 CPU @ 3.40GHz, GPU: NVIDIA GeForce GTX 650
LogInit: Compiled (64-bit): Sep 17 2018 12:26:19
LogInit: Compiled with Visual C++: 19.13.26129.00
LogInit: Build Configuration: Development
LogInit: Branch Name: ++UE4+Release-4.20
LogInit: Command Line:  -skipcompile
LogInit: Base Directory: E:/Program Files (x86)/Epic Games/UE_4.20/Engine/Binaries/Win64/
LogInit: Installed Engine Build: 1
LogDevObjectVersion: Number of dev versions registered: 20
LogDevObjectVersion:   Dev-Blueprints (B0D832E4-1F89-4F0D-ACCF-7EB736FD4AA2): 10
LogDevObjectVersion:   Dev-Build (E1C64328-A22C-4D53-A36C-8E866417BD8C): 0
LogDevObjectVersion:   Dev-Core (375EC13C-06E4-48FB-B500-84F0262A717E): 2
LogDevObjectVersion:   Dev-Editor (E4B068ED-F494-42E9-A231-DA0B2E46BB41): 24
LogDevObjectVersion:   Dev-Framework (CFFC743F-43B0-4480-9391-14DF171D2073): 34
LogDevObjectVersion:   Dev-Mobile (B02B49B5-BB20-44E9-A304-32B752E40360): 2
LogDevObjectVersion:   Dev-Networking (A4E4105C-59A1-49B5-A7C5-40C4547EDFEE): 0
LogDevObjectVersion:   Dev-Online (39C831C9-5AE6-47DC-9A44-9C173E1C8E7C): 0
LogDevObjectVersion:   Dev-Physics (78F01B33-EBEA-4F98-B9B4-84EACCB95AA2): 0
LogDevObjectVersion:   Dev-Platform (6631380F-2D4D-43E0-8009-CF276956A95A): 0
LogDevObjectVersion:   Dev-Rendering (12F88B9F-8875-4AFC-A67C-D90C383ABD29): 26
LogDevObjectVersion:   Dev-Sequencer (7B5AE74C-D270-4C10-A958-57980B212A5A): 9
LogDevObjectVersion:   Dev-VR (D7296918-1DD6-4BDD-9DE2-64A83CC13884): 2
LogDevObjectVersion:   Dev-LoadTimes (C2A15278-BFE7-4AFE-6C17-90FF531DF755): 1
LogDevObjectVersion:   Private-Geometry (6EACA3D4-40EC-4CC1-B786-8BED09428FC5): 3
LogDevObjectVersion:   Dev-AnimPhys (29E575DD-E0A3-4627-9D10-D276232CDCEA): 17
LogDevObjectVersion:   Dev-ReflectionCapture (6B266CEC-1EC7-4B8F-A30B-E4D90942FC07): 1
LogDevObjectVersion:   Dev-Automation (0DF73D61-A23F-47EA-B727-89E90C41499A): 1
LogDevObjectVersion:   FortniteMain (601D1886-AC64-4F84-AA16-D3DE0DEAC7D6): 12
LogDevObjectVersion:   Dev-Enterprise (9DFFBCD6-494F-0158-E221-12823C92A888): 1
LogStreaming: Display: Took  0.002s to delete old logs.
LogInit: Presizing for max 8388607 objects, including 0 objects not considered by GC, pre-allocating 0 bytes for permanent pool.
LogInit: Object subsystem initialized
[2018.10.31-06.46.20:042][  0]LogInit: Selected Device Profile: [Windows]
[2018.10.31-06.46.20:042][  0]LogInit: Applying CVar settings loaded from the selected device profile: [Windows]
[2018.10.31-06.46.20:051][  0]LogHAL: Display: Platform has ~ 16 GB [17123405824 / 17179869184 / 16], which maps to Larger [LargestMinGB=32, LargerMinGB=12, DefaultMinGB=8, SmallerMinGB=6, SmallestMinGB=0)
[2018.10.31-06.46.20:051][  0]LogInit: Setting Device Profile CVar: [[r.Vulkan.UseRealUBs:1]]
[2018.10.31-06.46.20:051][  0]LogInit: Going up to parent DeviceProfile []
[2018.10.31-06.46.20:052][  0]LogInit: Computer: DESKTOP-G7BSB63
[2018.10.31-06.46.20:052][  0]LogInit: User: redbr
[2018.10.31-06.46.20:052][  0]LogInit: CPU Page size=4096, Cores=4
[2018.10.31-06.46.20:052][  0]LogInit: High frequency timer resolution =3.312793 MHz
[2018.10.31-06.46.20:052][  0]LogMemory: Memory total: Physical=15.9GB (16GB approx)
[2018.10.31-06.46.20:052][  0]LogMemory: Platform Memory Stats for Windows
[2018.10.31-06.46.20:052][  0]LogMemory: Process Physical Memory: 101.23 MB used, 101.23 MB peak
[2018.10.31-06.46.20:052][  0]LogMemory: Process Virtual Memory: 84.16 MB used, 84.16 MB peak
[2018.10.31-06.46.20:052][  0]LogMemory: Physical Memory: 6601.14 MB used,  9729.02 MB free, 16330.15 MB total
[2018.10.31-06.46.20:052][  0]LogMemory: Virtual Memory: 4625.11 MB used,  9729.02 MB free, 134217728.00 MB total
[2018.10.31-06.46.20:179][  0]LogInit: Using OS detected language (ko-KR).
[2018.10.31-06.46.20:180][  0]LogInit: Using OS detected locale (ko-KR).
[2018.10.31-06.46.20:181][  0]LogTextLocalizationManager: No specific localization for 'ko-KR' exists, so the 'ko' localization will be used.
[2018.10.31-06.46.20:565][  0]LogStreaming: Display: Took  0.385s to InitEngineTextLocalization.
[2018.10.31-06.46.20:565][  0]LogInit: Setting process to per monitor DPI aware
[2018.10.31-06.46.20:626][  0]LogSlate: New Slate User Created.  User Index 0, Is Virtual User: 0
[2018.10.31-06.46.20:626][  0]LogSlate: Slate User Registered.  User Index 0, Is Virtual User: 0
[2018.10.31-06.46.20:839][  0]LogHMD: Failed to initialize OpenVR with code 110
[2018.10.31-06.46.20:840][  0]LogD3D11RHI: D3D11 adapters:
[2018.10.31-06.46.20:909][  0]LogD3D11RHI:    0. 'NVIDIA GeForce GTX 650' (Feature Level 11_0)
[2018.10.31-06.46.20:909][  0]LogD3D11RHI:       995/0/8165 MB DedicatedVideo/DedicatedSystem/SharedSystem, Outputs:2, VendorId:0x10de
[2018.10.31-06.46.20:918][  0]LogD3D11RHI:    1. 'Microsoft Basic Render Driver' (Feature Level 11_0)
[2018.10.31-06.46.20:918][  0]LogD3D11RHI:       0/0/8165 MB DedicatedVideo/DedicatedSystem/SharedSystem, Outputs:0, VendorId:0x1414
[2018.10.31-06.46.20:918][  0]LogD3D11RHI: Chosen D3D11 Adapter: 0
[2018.10.31-06.46.20:924][  0]LogD3D11RHI: Creating new Direct3DDevice
[2018.10.31-06.46.20:924][  0]LogD3D11RHI:     GPU DeviceId: 0xfc6 (for the marketing name, search the web for "GPU Device Id")
[2018.10.31-06.46.20:924][  0]LogWindows: EnumDisplayDevices:
[2018.10.31-06.46.20:925][  0]LogWindows:    0. 'NVIDIA GeForce GTX 650' (P:1 D:1)
[2018.10.31-06.46.20:925][  0]LogWindows:    1. 'NVIDIA GeForce GTX 650' (P:0 D:1)
[2018.10.31-06.46.20:925][  0]LogWindows:    2. 'NVIDIA GeForce GTX 650' (P:0 D:0)
[2018.10.31-06.46.20:925][  0]LogWindows: DebugString: FoundDriverCount:3 
[2018.10.31-06.46.20:926][  0]LogD3D11RHI:     Adapter Name: NVIDIA GeForce GTX 650
[2018.10.31-06.46.20:926][  0]LogD3D11RHI:   Driver Version: 388.13 (internal:23.21.13.8813, unified:388.13)
[2018.10.31-06.46.20:926][  0]LogD3D11RHI:      Driver Date: 10-27-2017
[2018.10.31-06.46.20:926][  0]LogRHI: Texture pool is 696 MB (70% of 995 MB)
[2018.10.31-06.46.20:967][  0]LogD3D11RHI: Async texture creation enabled
[2018.10.31-06.46.20:984][  0]LogD3D11RHI: GPU Timing Frequency: 1000.000000 (Debug: 2 2)
[2018.10.31-06.46.21:034][  0]LogShaderCompilers: Guid format shader working directory is 3 characters bigger than the processId version (../../../../../../Unreal Projects/CoopGame/Intermediate/Shaders/WorkingDirectory/14148/).
[2018.10.31-06.46.21:034][  0]LogShaderCompilers: Cleaned the shader compiler working directory 'C:/Users/redbr/AppData/Local/Temp/UnrealShaderWorkingDir/06A9FAE24C790802F08912B540F2CCE3/'.
[2018.10.31-06.46.21:348][  0]LogTemp: Display: Loaded TP AllDesktopTargetPlatform
[2018.10.31-06.46.21:363][  0]LogTemp: Display: Loaded TP MacClientTargetPlatform
[2018.10.31-06.46.21:381][  0]LogTemp: Display: Loaded TP MacNoEditorTargetPlatform
[2018.10.31-06.46.21:400][  0]LogTemp: Display: Loaded TP MacServerTargetPlatform
[2018.10.31-06.46.21:416][  0]LogTemp: Display: Loaded TP MacTargetPlatform
[2018.10.31-06.46.21:432][  0]LogTemp: Display: Loaded TP WindowsClientTargetPlatform
[2018.10.31-06.46.21:448][  0]LogTemp: Display: Loaded TP WindowsNoEditorTargetPlatform
[2018.10.31-06.46.21:466][  0]LogTemp: Display: Loaded TP WindowsServerTargetPlatform
[2018.10.31-06.46.21:474][  0]LogTemp: Display: Loaded TP WindowsTargetPlatform
[2018.10.31-06.46.21:566][  0]LogTemp: Display: Loaded TP AndroidTargetPlatform
[2018.10.31-06.46.21:566][  0]LogTemp: Display: Loaded TP AndroidTargetPlatform
[2018.10.31-06.46.21:566][  0]LogTemp: Display: Loaded TP AndroidTargetPlatform
[2018.10.31-06.46.21:566][  0]LogTemp: Display: Loaded TP AndroidTargetPlatform
[2018.10.31-06.46.21:566][  0]LogTemp: Display: Loaded TP AndroidTargetPlatform
[2018.10.31-06.46.21:566][  0]LogTemp: Display: Loaded TP AndroidTargetPlatform
[2018.10.31-06.46.21:566][  0]LogTemp: Display: Loaded TP AndroidTargetPlatform
[2018.10.31-06.46.21:566][  0]LogTemp: Display: Loaded TP AndroidTargetPlatform
[2018.10.31-06.46.21:566][  0]LogTemp: Display: Loaded TP AndroidTargetPlatform
[2018.10.31-06.46.21:566][  0]LogTemp: Display: Loaded TP AndroidTargetPlatform
[2018.10.31-06.46.21:566][  0]LogTemp: Display: Loaded TP AndroidTargetPlatform
[2018.10.31-06.46.21:566][  0]LogTemp: Display: Loaded TP AndroidTargetPlatform
[2018.10.31-06.46.21:566][  0]LogTemp: Display: Loaded TP AndroidTargetPlatform
[2018.10.31-06.46.21:566][  0]LogTemp: Display: Loaded TP AndroidTargetPlatform
[2018.10.31-06.46.21:566][  0]LogTemp: Display: Loaded TP AndroidTargetPlatform
[2018.10.31-06.46.21:567][  0]LogTemp: Display: Loaded TP AndroidTargetPlatform
[2018.10.31-06.46.21:567][  0]LogTemp: Display: Loaded TP AndroidTargetPlatform
[2018.10.31-06.46.21:567][  0]LogTemp: Display: Loaded TP AndroidTargetPlatform
[2018.10.31-06.46.21:570][  0]LogTemp: Display: Loaded TP HTML5TargetPlatform
[2018.10.31-06.46.21:639][  0]LogTemp: Display: Loaded TP IOSTargetPlatform
[2018.10.31-06.46.21:639][  0]LogTemp: Display: Loaded TP IOSTargetPlatform
[2018.10.31-06.46.21:666][  0]LogTemp: Display: Loaded TP TVOSTargetPlatform
[2018.10.31-06.46.21:667][  0]LogTemp: Display: Loaded TP TVOSTargetPlatform
[2018.10.31-06.46.21:682][  0]LogTemp: Display: Loaded TP LinuxClientTargetPlatform
[2018.10.31-06.46.21:698][  0]LogTemp: Display: Loaded TP LinuxNoEditorTargetPlatform
[2018.10.31-06.46.21:715][  0]LogTemp: Display: Loaded TP LinuxServerTargetPlatform
[2018.10.31-06.46.21:735][  0]LogTemp: Display: Loaded TP LinuxTargetPlatform
[2018.10.31-06.46.21:747][  0]LogTemp: Display: Loaded TP LuminTargetPlatform
[2018.10.31-06.46.21:747][  0]LogTargetPlatformManager: Display: Building Assets For Windows
[2018.10.31-06.46.21:848][  0]LogXGEController: Cleaning working directory: C:/Users/redbr/AppData/Local/Temp/UnrealXGEWorkingDir/
[2018.10.31-06.46.21:849][  0]LogXGEController: Cannot use XGE Controller as Incredibuild is not installed on this machine.
[2018.10.31-06.46.21:849][  0]LogShaderCompilers: Cannot use XGE Shader Compiler as Incredibuild is not installed on this machine.
[2018.10.31-06.46.21:849][  0]LogShaderCompilers: Display: Using Local Shader Compiler.
[2018.10.31-06.46.22:644][  0]LogDerivedDataCache: Display: Max Cache Size: 512 MB
[2018.10.31-06.46.22:703][  0]LogDerivedDataCache: Loaded boot cache 0.06s 71MB C:/Users/redbr/AppData/Local/UnrealEngine/4.20/DerivedDataCache/Boot.ddc.
[2018.10.31-06.46.22:703][  0]LogDerivedDataCache: Display: Loaded Boot cache: C:/Users/redbr/AppData/Local/UnrealEngine/4.20/DerivedDataCache/Boot.ddc
[2018.10.31-06.46.22:703][  0]LogDerivedDataCache: FDerivedDataBackendGraph:  Pak pak cache file ../../../../../../Unreal Projects/CoopGame/DerivedDataCache/DDC.ddp not found, will not use a pak cache.
[2018.10.31-06.46.22:703][  0]LogDerivedDataCache: Unable to find inner node Pak for hierarchical cache Hierarchy.
[2018.10.31-06.46.22:704][  0]LogDerivedDataCache: FDerivedDataBackendGraph:  CompressedPak pak cache file ../../../../../../Unreal Projects/CoopGame/DerivedDataCache/Compressed.ddp not found, will not use a pak cache.
[2018.10.31-06.46.22:704][  0]LogDerivedDataCache: Unable to find inner node CompressedPak for hierarchical cache Hierarchy.
[2018.10.31-06.46.22:717][  0]LogDerivedDataCache: Display: Pak cache opened for reading ../../../Engine/DerivedDataCache/Compressed.ddp.
[2018.10.31-06.46.22:731][  0]LogDerivedDataCache: Using Local data cache path C:/Users/redbr/AppData/Local/UnrealEngine/Common/DerivedDataCache: Writable
[2018.10.31-06.46.22:731][  0]LogDerivedDataCache: Shared data cache path not found in *engine.ini, will not use an Shared cache.
[2018.10.31-06.46.22:731][  0]LogDerivedDataCache: Unable to find inner node Shared for hierarchical cache Hierarchy.
[2018.10.31-06.46.22:752][  0]LogMaterial: Verifying Global Shaders for PCD3D_SM5
[2018.10.31-06.46.22:754][  0]LogSlate: Using FreeType 2.6.0
[2018.10.31-06.46.22:755][  0]LogSlate: SlateFontServices - WITH_FREETYPE: 1, WITH_HARFBUZZ: 1
[2018.10.31-06.46.22:833][  0]LogAssetRegistry: FAssetRegistry took 0.0294 seconds to start up
[2018.10.31-06.46.23:215][  0]LogInit: Selected Device Profile: [Windows]
[2018.10.31-06.46.23:368][  0]LogSimplygon: Simplygon DLL not present - disabling.
[2018.10.31-06.46.23:375][  0]LogMeshReduction: Using SimplygonSwarm for distributed automatic mesh merging
[2018.10.31-06.46.23:375][  0]LogMeshReduction: Using ProxyLODMeshReduction for automatic mesh merging
[2018.10.31-06.46.23:375][  0]LogMeshReduction: Using QuadricMeshReduction for automatic static mesh reduction
[2018.10.31-06.46.23:375][  0]LogMeshReduction: No automatic skeletal mesh reduction module available
[2018.10.31-06.46.23:396][  0]LogNetVersion: CoopGame 1.0.0, NetCL: 4212847, EngineNetVer: 5, GameNetVer: 0 (Checksum: 3143999938)
[2018.10.31-06.46.23:905][  0]LogPackageLocalizationCache: Processed 11 localized package path(s) for 2 prioritized culture(s) in 0.086165 seconds
[2018.10.31-06.46.23:913][  0]LogUObjectArray: 38425 objects as part of root set at end of initial load.
[2018.10.31-06.46.23:913][  0]LogUObjectAllocator: 6690872 out of 0 bytes used by permanent object pool.
[2018.10.31-06.46.23:913][  0]LogUObjectArray: CloseDisregardForGC: 0/0 objects in disregard for GC pool
[2018.10.31-06.46.24:887][  0]LogTcpMessaging: Initializing TcpMessaging bridge
[2018.10.31-06.46.24:904][  0]LogUdpMessaging: Initializing bridge on interface 0.0.0.0:0 to multicast group 230.0.0.1:6666.
[2018.10.31-06.46.25:111][  0]SourceControl: 소스 컨트롤이 꺼졌습니다.
[2018.10.31-06.46.25:112][  0]SourceControl: 소스 컨트롤이 꺼졌습니다.
[2018.10.31-06.46.25:117][  0]SourceControl: 소스 컨트롤이 꺼졌습니다.
[2018.10.31-06.46.25:121][  0]SourceControl: 소스 컨트롤이 꺼졌습니다.
[2018.10.31-06.46.25:394][  0]LogAndroidPermission: UAndroidPermissionCallbackProxy::GetInstance
[2018.10.31-06.46.25:505][  0]LogOcInput: OculusInput pre-init called
[2018.10.31-06.46.25:577][  0]LogEngine: Initializing Engine...
[2018.10.31-06.46.25:578][  0]LogHMD: Failed to initialize OpenVR with code 110
[2018.10.31-06.46.25:580][  0]LogStats: UGameplayTagsManager::ConstructGameplayTagTree: ImportINI prefixes -  0.000 s
[2018.10.31-06.46.25:581][  0]LogStats: UGameplayTagsManager::ConstructGameplayTagTree: Construct from data asset -  0.000 s
[2018.10.31-06.46.25:581][  0]LogStats: UGameplayTagsManager::ConstructGameplayTagTree: ImportINI -  0.000 s
[2018.10.31-06.46.25:581][  0]LogStats: UGameplayTagsManager::ConstructGameplayTagTree: GameplayTagTreeChangedEvent.Broadcast -  0.000 s
[2018.10.31-06.46.25:809][  0]LogInit: Initializing FReadOnlyCVARCache
[2018.10.31-06.46.25:822][  0]LogAIModule: Creating AISystem for world Untitled
[2018.10.31-06.46.25:842][  0]LogInit: XAudio2 using 'LG ULTRAWIDE-0(NVIDIA High Definition Audio)' : 2 channels at 48 kHz using 16 bits per sample (channel mask 0x3)
[2018.10.31-06.46.25:890][  0]LogInit: FAudioDevice initialized.
[2018.10.31-06.46.25:890][  0]LogNetVersion: Set ProjectVersion to 1.0.0.0. Version Checksum will be recalculated on next use.
[2018.10.31-06.46.26:080][  0]LogDerivedDataCache: Saved boot cache 0.19s 71MB C:/Users/redbr/AppData/Local/UnrealEngine/4.20/DerivedDataCache/Boot.ddc.
[2018.10.31-06.46.26:093][  0]LogInit: Texture streaming: Enabled
[2018.10.31-06.46.26:128][  0]LogEngineSessionManager: EngineSessionManager initialized
[2018.10.31-06.46.26:138][  0]LogInit: Transaction tracking system initialized
[2018.10.31-06.46.26:169][  0]BlueprintLog: New page: 에디터 로드
[2018.10.31-06.46.26:279][  0]LocalizationService: 현지화 서비스가 비활성화되었습니다.
[2018.10.31-06.46.26:578][  0]LogCook: Display: Max memory allowance for cook 16384mb min free memory 0mb
[2018.10.31-06.46.26:579][  0]LogCook: Display: Mobile HDR setting 1
[2018.10.31-06.46.26:579][  0]LogGameplayTags: Display: UGameplayTagsManager::DoneAddingNativeTags. DelegateIsBound: 0
[2018.10.31-06.46.26:579][  0]LogStats: UGameplayTagsManager::ConstructGameplayTagTree: ImportINI prefixes -  0.000 s
[2018.10.31-06.46.26:579][  0]LogStats: UGameplayTagsManager::ConstructGameplayTagTree: Construct from data asset -  0.000 s
[2018.10.31-06.46.26:579][  0]LogStats: UGameplayTagsManager::ConstructGameplayTagTree: ImportINI -  0.000 s
[2018.10.31-06.46.26:579][  0]LogStats: UGameplayTagsManager::ConstructGameplayTagTree: GameplayTagTreeChangedEvent.Broadcast -  0.000 s
[2018.10.31-06.46.26:587][  0]LogFileCache: Scanning file cache for directory 'E:/Unreal Projects/CoopGame/Content/' took 0.02s
[2018.10.31-06.46.26:762][  0]SourceControl: 소스 컨트롤이 꺼졌습니다.
[2018.10.31-06.46.26:762][  0]Cmd: MAP LOAD FILE="../../../../../../Unreal Projects/CoopGame/Content/Maps/P_TestMap.umap" TEMPLATE=0 SHOWPROGRESS=1 FEATURELEVEL=3
[2018.10.31-06.46.26:763][  0]LightingResults: New page: 라이팅 빌드
[2018.10.31-06.46.26:765][  0]MapCheck: New page: 맵 체크
[2018.10.31-06.46.26:765][  0]LightingResults: New page: 라이팅 빌드
[2018.10.31-06.46.27:322][  0]LogAIModule: Creating AISystem for world P_TestMap
[2018.10.31-06.46.27:339][  0]LogEditorServer: Finished looking for orphan Actors (0.000 secs)
[2018.10.31-06.46.27:364][  0]Cmd: MAP CHECKDEP NOCLEARLOG
[2018.10.31-06.46.27:437][  0]MapCheck: 맵 체크 완료: 오류 0 회, 경고 0 회, 소요 시간 72.723ms.
[2018.10.31-06.46.27:437][  0]LogFileHelpers: Loading map 'P_TestMap' took 0.675
[2018.10.31-06.46.27:551][  0]LogSlate: Updating window title bar state: overlay mode, drag disabled, window buttons hidden, title bar hidden
[2018.10.31-06.46.27:562][  0]LogSlate: Updating window title bar state: overlay mode, drag disabled, window buttons hidden, title bar hidden
[2018.10.31-06.46.27:572][  0]LogSlate: Updating window title bar state: overlay mode, drag disabled, window buttons hidden, title bar hidden
[2018.10.31-06.46.27:583][  0]LogSlate: Updating window title bar state: overlay mode, drag disabled, window buttons hidden, title bar hidden
[2018.10.31-06.46.27:592][  0]LogCollectionManager: Loaded 0 collections in 0.001034 seconds
[2018.10.31-06.46.27:641][  0]LogFileCache: Scanning file cache for directory 'E:/Unreal Projects/CoopGame/Saved/Collections/' took 0.02s
[2018.10.31-06.46.27:641][  0]LogFileCache: Scanning file cache for directory 'E:/Unreal Projects/CoopGame/Content/Developers/redbr/Collections/' took 0.01s
[2018.10.31-06.46.27:641][  0]LogFileCache: Scanning file cache for directory 'E:/Unreal Projects/CoopGame/Content/Collections/' took 0.01s
[2018.10.31-06.46.27:642][  0]LogCollectionManager: Rebuilt the GUID cache for 0 collections in 0.000001 seconds
[2018.10.31-06.46.27:652][  0]LogContentBrowser: Native class hierarchy populated in 0.0104 seconds. Added 2575 classes and 606 folders.
[2018.10.31-06.46.27:659][  0]LogContentBrowser: Native class hierarchy updated for 'WidgetCarousel' in 0.0003 seconds. Added 0 classes and 0 folders.
[2018.10.31-06.46.27:704][  0]LogContentBrowser: Native class hierarchy updated for 'AddContentDialog' in 0.0005 seconds. Added 0 classes and 0 folders.
[2018.10.31-06.46.27:714][  0]LogContentBrowser: Native class hierarchy updated for 'SceneOutliner' in 0.0005 seconds. Added 1 classes and 2 folders.
[2018.10.31-06.46.27:831][  0]LogContentBrowser: Native class hierarchy updated for 'HierarchicalLODOutliner' in 0.0004 seconds. Added 0 classes and 0 folders.
[2018.10.31-06.46.27:831][  0]LogLoad: (Engine Initialization) Total time: 10.16 seconds
[2018.10.31-06.46.27:831][  0]LogLoad: (Engine Initialization) Total Blueprint compile time: 0.00 seconds
[2018.10.31-06.46.27:868][  0]LogContentStreaming: Texture pool size now 1000 MB
[2018.10.31-06.46.27:869][  0]LogSlate: Took 0.000219 seconds to synchronously load lazily loaded font '../../../Engine/Content/Slate/Fonts/Roboto-Regular.ttf' (155K)
[2018.10.31-06.46.27:872][  0]LogSlate: Took 0.002186 seconds to synchronously load lazily loaded font '../../../Engine/Content/Editor/Slate/Fonts/NanumGothic.ttf' (4243K)
[2018.10.31-06.46.27:876][  0]LogSlate: Took 0.002284 seconds to synchronously load lazily loaded font '../../../Engine/Content/Editor/Slate/Fonts/NanumGothicBold.ttf' (4188K)
[2018.10.31-06.46.27:876][  0]LogSlate: Took 0.000333 seconds to synchronously load lazily loaded font '../../../Engine/Content/Slate/Fonts/Roboto-Bold.ttf' (160K)
[2018.10.31-06.46.27:882][  0]LogSlate: Took 0.000325 seconds to synchronously load lazily loaded font '../../../Engine/Content/Editor/Slate/Fonts/FontAwesome.ttf' (139K)
[2018.10.31-06.46.28:004][  0]LogRenderer: Reallocating scene render targets to support 804x360 Format 10 NumSamples 1 (Frame:1).
[2018.10.31-06.46.28:234][  2]LogAssetRegistry: Asset discovery search completed in 5.4265 seconds
[2018.10.31-06.46.28:236][  2]LogCollectionManager: Rebuilt the object cache for 0 collections in 0.000001 seconds (found 0 objects)
[2018.10.31-06.46.28:236][  2]LogCollectionManager: Fixed up redirectors for 0 collections in 0.000171 seconds (updated 0 objects)
[2018.10.31-06.46.53:896][ 99]LogRenderer: Reallocating scene render targets to support 1616x576 Format 10 NumSamples 1 (Frame:3).
[2018.10.31-06.46.55:592][281]LogSlate: FSceneViewport::OnFocusLost() reason 0
[2018.10.31-06.46.55:685][292]LogTemp: Repeating last play command: 선택된 뷰포트
[2018.10.31-06.46.55:701][292]LogPlayLevel: PlayLevel: No blueprints needed recompiling
[2018.10.31-06.46.55:715][292]PIE: New page: PIE 세션: P_TestMap (2018. 11. 1. 오전 12:46:55)
[2018.10.31-06.46.55:715][292]LogPlayLevel: Creating play world package: /Game/Maps/UEDPIE_0_P_TestMap
[2018.10.31-06.46.55:718][292]LogPlayLevel: PIE: StaticDuplicateObject took: (0.003368s)
[2018.10.31-06.46.55:719][292]LogAIModule: Creating AISystem for world P_TestMap
[2018.10.31-06.46.55:719][292]LogPlayLevel: PIE: World Init took: (0.000988s)
[2018.10.31-06.46.55:720][292]LogPlayLevel: PIE: Created PIE world by copying editor world from /Game/Maps/P_TestMap.P_TestMap to /Game/Maps/UEDPIE_0_P_TestMap.P_TestMap (0.004756s)
[2018.10.31-06.46.55:751][292]LogInit: XAudio2 using 'LG ULTRAWIDE-0(NVIDIA High Definition Audio)' : 2 channels at 48 kHz using 16 bits per sample (channel mask 0x3)
[2018.10.31-06.46.55:762][292]LogInit: FAudioDevice initialized.
[2018.10.31-06.46.55:813][292]LogLoad: Game class is 'GameModeBase'
[2018.10.31-06.46.55:817][292]LogWorld: Bringing World /Game/Maps/UEDPIE_0_P_TestMap.P_TestMap up for play (max tick rate 0) at 2018.10.31-15.46.55
[2018.10.31-06.46.55:818][292]LogWorld: Bringing up level for play took: 0.002789
[2018.10.31-06.46.55:836][292]LogContentBrowser: Native class hierarchy updated for 'MovieSceneCapture' in 0.0004 seconds. Added 10 classes and 0 folders.
[2018.10.31-06.46.55:837][292]PIE: /Game/Maps/UEDPIE_0_P_TestMap 에 대한 에디터에서 플레이 시작 시간: 1.069
[2018.10.31-06.47.00:390][518]LogSlate: Updating window title bar state: overlay mode, drag disabled, window buttons hidden, title bar hidden
[2018.10.31-06.47.00:446][518]LogPlayLevel: Display: Shutting down PIE online subsystems
[2018.10.31-06.47.00:470][518]LogSlate: Updating window title bar state: overlay mode, drag disabled, window buttons hidden, title bar hidden
[2018.10.31-06.47.00:506][519]LogPlayLevel: Display: Destroying online subsystem :Context_3
[2018.10.31-06.47.02:301][729]LogSlate: FSceneViewport::OnFocusLost() reason 0
[2018.10.31-06.47.08:513][137]LogSlate: Took 0.000418 seconds to synchronously load lazily loaded font '../../../Engine/Content/Slate/Fonts/Roboto-Light.ttf' (167K)
[2018.10.31-06.47.08:521][137]LogAssetEditorManager: Opening Asset editor for Blueprint /Game/Blueprints/BP_Rifle.BP_Rifle
[2018.10.31-06.47.09:128][137]LogContentBrowser: Native class hierarchy updated for 'BlueprintGraph' in 0.0008 seconds. Added 116 classes and 0 folders.
[2018.10.31-06.47.12:372][274]LogSlate: Window 'BP_Rifle' being destroyed
[2018.10.31-06.47.12:442][274]LogAssetEditorManager: Opening Asset editor for Blueprint /Game/Blueprints/BP_Rifle.BP_Rifle
[2018.10.31-06.47.12:791][274]LogSlate: Took 0.000224 seconds to synchronously load lazily loaded font '../../../Engine/Content/Slate/Fonts/Roboto-BoldCondensed.ttf' (158K)
[2018.10.31-06.47.13:343][317]LogSlate: Took 0.000294 seconds to synchronously load lazily loaded font '../../../Engine/Content/Slate/Fonts/Roboto-Italic.ttf' (157K)
[2018.10.31-06.47.40:645][751]LogAssetEditorManager: Opening Asset editor for SkeletalMesh /Game/Weapons/SK_Rifle.SK_Rifle
[2018.10.31-06.47.40:657][751]LogContentBrowser: Native class hierarchy updated for 'SkeletonEditor' in 0.0005 seconds. Added 1 classes and 2 folders.
[2018.10.31-06.47.40:849][751]LogActorComponent: RegisterComponentWithWorld: (/Engine/Transient.World_7:PersistentLevel.AnimationEditorPreviewActor_0.DebugSkelMeshComponent_0) Already registered. Aborting.
[2018.10.31-06.47.40:852][751]LogContentBrowser: Native class hierarchy updated for 'PinnedCommandList' in 0.0004 seconds. Added 1 classes and 0 folders.
[2018.10.31-06.47.41:216][751]LogContentBrowser: Native class hierarchy updated for 'ClothingSystemEditorInterface' in 0.0004 seconds. Added 1 classes and 0 folders.
[2018.10.31-06.47.41:232][752]LogRenderer: Reallocating scene render targets to support 1616x888 Format 10 NumSamples 1 (Frame:1).
[2018.10.31-06.47.45:909][874]LogAssetEditorManager: Opening Asset editor for Skeleton /Game/Weapons/SK_Rifle_Skeleton.SK_Rifle_Skeleton
[2018.10.31-06.47.45:940][874]LogActorComponent: RegisterComponentWithWorld: (/Engine/Transient.World_8:PersistentLevel.AnimationEditorPreviewActor_0.DebugSkelMeshComponent_0) Already registered. Aborting.
