Log file open, 11/01/18 09:42:48
LogWindows: Failed to load 'aqProf.dll' (GetLastError=126)
LogWindows: File 'aqProf.dll' does not exist
LogWindows: Failed to load 'VSPerf140.dll' (GetLastError=126)
LogWindows: File 'VSPerf140.dll' does not exist
LogWindows: Failed to load 'VtuneApi.dll' (GetLastError=126)
LogWindows: File 'VtuneApi.dll' does not exist
LogWindows: Failed to load 'VtuneApi32e.dll' (GetLastError=126)
LogWindows: File 'VtuneApi32e.dll' does not exist
LogInit: Display: Running engine for game: CoopGame
LogPlatformFile: Not using cached read wrapper
LogTaskGraph: Started task graph with 5 named threads and 14 total threads with 3 sets of task threads.
LogStats: Stats thread started at 4.791666
LogD3D11RHI: Loaded GFSDK_Aftermath_Lib.x64.dll
LogICUInternationalization: Display: ICU TimeZone Detection - Raw Offset: +9:00, Platform Override: ''
LogPluginManager: Mounting plugin Paper2D
LogPluginManager: Mounting plugin AISupport
LogPluginManager: Mounting plugin LightPropagationVolume
LogPluginManager: Mounting plugin CLionSourceCodeAccess
LogPluginManager: Mounting plugin CodeLiteSourceCodeAccess
LogPluginManager: Mounting plugin GitSourceControl
LogPluginManager: Mounting plugin KDevelopSourceCodeAccess
LogPluginManager: Mounting plugin NullSourceCodeAccess
LogPluginManager: Mounting plugin PerforceSourceControl
LogPluginManager: Mounting plugin SubversionSourceControl
LogPluginManager: Mounting plugin UObjectPlugin
LogPluginManager: Mounting plugin VisualStudioCodeSourceCodeAccess
LogPluginManager: Mounting plugin VisualStudioSourceCodeAccess
LogPluginManager: Mounting plugin XCodeSourceCodeAccess
LogPluginManager: Mounting plugin AssetManagerEditor
LogPluginManager: Mounting plugin CryptoKeys
LogPluginManager: Mounting plugin DataValidation
LogPluginManager: Mounting plugin FacialAnimation
LogPluginManager: Mounting plugin GameplayTagsEditor
LogPluginManager: Mounting plugin MacGraphicsSwitching
LogPluginManager: Mounting plugin MeshEditor
LogPluginManager: Mounting plugin MobileLauncherProfileWizard
LogPluginManager: Mounting plugin PluginBrowser
LogPluginManager: Mounting plugin SpeedTreeImporter
LogPluginManager: Mounting plugin DatasmithContent
LogPluginManager: Mounting plugin AlembicImporter
LogPluginManager: Mounting plugin AppleImageUtils
LogPluginManager: Mounting plugin AppleVision
LogPluginManager: Mounting plugin BackChannel
LogPluginManager: Mounting plugin CharacterAI
LogPluginManager: Mounting plugin GeometryCache
LogPluginManager: Mounting plugin HTML5Networking
LogPluginManager: Mounting plugin ProxyLODPlugin
LogPluginManager: Mounting plugin MagicLeap
LogPluginManager: Mounting plugin MagicLeapEmulator
LogPluginManager: Mounting plugin MagicLeapMedia
LogPluginManager: Mounting plugin AndroidMedia
LogPluginManager: Mounting plugin AvfMedia
LogPluginManager: Mounting plugin ImgMedia
LogPluginManager: Mounting plugin LinearTimecode
LogPluginManager: Mounting plugin MediaCompositing
LogPluginManager: Mounting plugin MediaPlayerEditor
LogPluginManager: Mounting plugin WmfMedia
LogPluginManager: Mounting plugin TcpMessaging
LogPluginManager: Mounting plugin UdpMessaging
LogPluginManager: Mounting plugin ActorSequence
LogPluginManager: Mounting plugin LevelSequenceEditor
LogPluginManager: Mounting plugin MatineeToLevelSequence
LogPluginManager: Mounting plugin NetcodeUnitTest
LogPluginManager: Mounting plugin NUTUnrealEngine4
LogPluginManager: Mounting plugin OnlineSubsystemGooglePlay
LogPluginManager: Mounting plugin OnlineSubsystemIOS
LogPluginManager: Mounting plugin OnlineSubsystem
LogPluginManager: Mounting plugin OnlineSubsystemNull
LogPluginManager: Mounting plugin OnlineSubsystemUtils
LogPluginManager: Mounting plugin LauncherChunkInstaller
LogPluginManager: Mounting plugin AndroidDeviceProfileSelector
LogPluginManager: Mounting plugin AndroidMoviePlayer
LogPluginManager: Mounting plugin AndroidPermission
LogPluginManager: Mounting plugin AppleMoviePlayer
LogPluginManager: Mounting plugin ArchVisCharacter
LogPluginManager: Mounting plugin AudioCapture
LogPluginManager: Mounting plugin CableComponent
LogPluginManager: Mounting plugin CustomMeshComponent
LogPluginManager: Mounting plugin EditableMesh
LogPluginManager: Mounting plugin ExampleDeviceProfileSelector
LogPluginManager: Mounting plugin GoogleCloudMessaging
LogPluginManager: Mounting plugin ImmediatePhysics
LogPluginManager: Mounting plugin IOSDeviceProfileSelector
LogPluginManager: Mounting plugin LinuxDeviceProfileSelector
LogPluginManager: Mounting plugin LocationServicesBPLibrary
LogPluginManager: Mounting plugin MobilePatchingUtils
LogPluginManager: Mounting plugin OculusVR
LogPluginManager: Plugin shader directory ../../../Engine/Plugins/Runtime/Oculus/OculusVR/Shaders found
LogPluginManager: Mapping shader source directory ../../../Engine/Plugins/Runtime/Oculus/OculusVR/Shaders to virtual directory /Plugin/OculusVR
LogPluginManager: Mounting plugin PhysXVehicles
LogPluginManager: Mounting plugin ProceduralMeshComponent
LogPluginManager: Mounting plugin RuntimePhysXCooking
LogPluginManager: Mounting plugin SteamVR
LogPluginManager: Mounting plugin WindowsMoviePlayer
LogStreaming: Display: Took  0.203s to configure plugins.
LogInit: Using libcurl 7.55.1-DEV
LogInit:  - built for x86_64-pc-win32
LogInit:  - supports SSL with OpenSSL/1.0.2h
LogInit:  - supports HTTP deflate (compression) using libz 1.2.8
LogInit:  - other features:
LogInit:      CURL_VERSION_SSL
LogInit:      CURL_VERSION_LIBZ
LogInit:      CURL_VERSION_IPV6
LogInit:      CURL_VERSION_ASYNCHDNS
LogInit:      CURL_VERSION_LARGEFILE
LogInit:      CURL_VERSION_IDN
LogInit:  CurlRequestOptions (configurable via config and command line):
LogInit:  - bVerifyPeer = false  - Libcurl will NOT verify peer certificate
LogInit:  - bUseHttpProxy = false  - Libcurl will NOT use HTTP proxy
LogInit:  - bDontReuseConnections = false  - Libcurl will reuse connections
LogInit:  - CertBundlePath = nullptr  - Libcurl will use whatever was configured at build time.
LogInit:  - MaxHostConnections = 16  - Libcurl will limit the number of connections to a host
LogInit:  - LocalHostAddr = Default
LogInit:  - BufferSize = 65536
LogInit: WinSock: version 1.1 (2.2), MaxSocks=32767, MaxUdp=65467
LogInit: Build: ++UE4+Release-4.20-CL-4369336
LogInit: Engine Version: 4.20.3-4369336+++UE4+Release-4.20
LogInit: Compatible Engine Version: 4.20.0-4212847+++UE4+Release-4.20
LogInit: Net CL: 4212847
LogInit: OS: Windows 10 (), CPU:         Intel(R) Core(TM) i5-3570 CPU @ 3.40GHz, GPU: NVIDIA GeForce GTX 650
LogInit: Compiled (64-bit): Sep 17 2018 12:26:19
LogInit: Compiled with Visual C++: 19.13.26129.00
LogInit: Build Configuration: Development
LogInit: Branch Name: ++UE4+Release-4.20
LogInit: Command Line:  -skipcompile
LogInit: Base Directory: E:/Program Files (x86)/Epic Games/UE_4.20/Engine/Binaries/Win64/
LogInit: Installed Engine Build: 1
LogDevObjectVersion: Number of dev versions registered: 20
LogDevObjectVersion:   Dev-Blueprints (B0D832E4-1F89-4F0D-ACCF-7EB736FD4AA2): 10
LogDevObjectVersion:   Dev-Build (E1C64328-A22C-4D53-A36C-8E866417BD8C): 0
LogDevObjectVersion:   Dev-Core (375EC13C-06E4-48FB-B500-84F0262A717E): 2
LogDevObjectVersion:   Dev-Editor (E4B068ED-F494-42E9-A231-DA0B2E46BB41): 24
LogDevObjectVersion:   Dev-Framework (CFFC743F-43B0-4480-9391-14DF171D2073): 34
LogDevObjectVersion:   Dev-Mobile (B02B49B5-BB20-44E9-A304-32B752E40360): 2
LogDevObjectVersion:   Dev-Networking (A4E4105C-59A1-49B5-A7C5-40C4547EDFEE): 0
LogDevObjectVersion:   Dev-Online (39C831C9-5AE6-47DC-9A44-9C173E1C8E7C): 0
LogDevObjectVersion:   Dev-Physics (78F01B33-EBEA-4F98-B9B4-84EACCB95AA2): 0
LogDevObjectVersion:   Dev-Platform (6631380F-2D4D-43E0-8009-CF276956A95A): 0
LogDevObjectVersion:   Dev-Rendering (12F88B9F-8875-4AFC-A67C-D90C383ABD29): 26
LogDevObjectVersion:   Dev-Sequencer (7B5AE74C-D270-4C10-A958-57980B212A5A): 9
LogDevObjectVersion:   Dev-VR (D7296918-1DD6-4BDD-9DE2-64A83CC13884): 2
LogDevObjectVersion:   Dev-LoadTimes (C2A15278-BFE7-4AFE-6C17-90FF531DF755): 1
LogDevObjectVersion:   Private-Geometry (6EACA3D4-40EC-4CC1-B786-8BED09428FC5): 3
LogDevObjectVersion:   Dev-AnimPhys (29E575DD-E0A3-4627-9D10-D276232CDCEA): 17
LogDevObjectVersion:   Dev-ReflectionCapture (6B266CEC-1EC7-4B8F-A30B-E4D90942FC07): 1
LogDevObjectVersion:   Dev-Automation (0DF73D61-A23F-47EA-B727-89E90C41499A): 1
LogDevObjectVersion:   FortniteMain (601D1886-AC64-4F84-AA16-D3DE0DEAC7D6): 12
LogDevObjectVersion:   Dev-Enterprise (9DFFBCD6-494F-0158-E221-12823C92A888): 1
LogStreaming: Display: Took  0.002s to delete old logs.
LogInit: Presizing for max 8388607 objects, including 0 objects not considered by GC, pre-allocating 0 bytes for permanent pool.
LogInit: Object subsystem initialized
[2018.11.01-00.42.51:228][  0]LogInit: Selected Device Profile: [Windows]
[2018.11.01-00.42.51:228][  0]LogInit: Applying CVar settings loaded from the selected device profile: [Windows]
[2018.11.01-00.42.51:284][  0]LogHAL: Display: Platform has ~ 16 GB [17123405824 / 17179869184 / 16], which maps to Larger [LargestMinGB=32, LargerMinGB=12, DefaultMinGB=8, SmallerMinGB=6, SmallestMinGB=0)
[2018.11.01-00.42.51:290][  0]LogInit: Setting Device Profile CVar: [[r.Vulkan.UseRealUBs:1]]
[2018.11.01-00.42.51:291][  0]LogInit: Going up to parent DeviceProfile []
[2018.11.01-00.42.51:313][  0]LogInit: Computer: DESKTOP-G7BSB63
[2018.11.01-00.42.51:313][  0]LogInit: User: redbr
[2018.11.01-00.42.51:313][  0]LogInit: CPU Page size=4096, Cores=4
[2018.11.01-00.42.51:313][  0]LogInit: High frequency timer resolution =3.312793 MHz
[2018.11.01-00.42.51:313][  0]LogMemory: Memory total: Physical=15.9GB (16GB approx)
[2018.11.01-00.42.51:313][  0]LogMemory: Platform Memory Stats for Windows
[2018.11.01-00.42.51:313][  0]LogMemory: Process Physical Memory: 101.62 MB used, 101.62 MB peak
[2018.11.01-00.42.51:313][  0]LogMemory: Process Virtual Memory: 84.81 MB used, 84.81 MB peak
[2018.11.01-00.42.51:313][  0]LogMemory: Physical Memory: 5243.79 MB used,  11086.36 MB free, 16330.15 MB total
[2018.11.01-00.42.51:313][  0]LogMemory: Virtual Memory: 4625.11 MB used,  11086.36 MB free, 134217728.00 MB total
[2018.11.01-00.42.52:567][  0]LogInit: Using OS detected language (ko-KR).
[2018.11.01-00.42.52:567][  0]LogInit: Using OS detected locale (ko-KR).
[2018.11.01-00.42.52:602][  0]LogTextLocalizationManager: No specific localization for 'ko-KR' exists, so the 'ko' localization will be used.
[2018.11.01-00.42.53:468][  0]LogStreaming: Display: Took  0.861s to InitEngineTextLocalization.
[2018.11.01-00.42.53:478][  0]LogInit: Setting process to per monitor DPI aware
[2018.11.01-00.42.54:272][  0]LogSlate: New Slate User Created.  User Index 0, Is Virtual User: 0
[2018.11.01-00.42.54:273][  0]LogSlate: Slate User Registered.  User Index 0, Is Virtual User: 0
[2018.11.01-00.42.56:351][  0]LogHMD: Failed to initialize OpenVR with code 110
[2018.11.01-00.42.56:351][  0]LogD3D11RHI: D3D11 adapters:
[2018.11.01-00.42.56:423][  0]LogD3D11RHI:    0. 'NVIDIA GeForce GTX 650' (Feature Level 11_0)
[2018.11.01-00.42.56:423][  0]LogD3D11RHI:       995/0/8165 MB DedicatedVideo/DedicatedSystem/SharedSystem, Outputs:2, VendorId:0x10de
[2018.11.01-00.42.56:432][  0]LogD3D11RHI:    1. 'Microsoft Basic Render Driver' (Feature Level 11_0)
[2018.11.01-00.42.56:432][  0]LogD3D11RHI:       0/0/8165 MB DedicatedVideo/DedicatedSystem/SharedSystem, Outputs:0, VendorId:0x1414
[2018.11.01-00.42.56:432][  0]LogD3D11RHI: Chosen D3D11 Adapter: 0
[2018.11.01-00.42.56:440][  0]LogD3D11RHI: Creating new Direct3DDevice
[2018.11.01-00.42.56:442][  0]LogD3D11RHI:     GPU DeviceId: 0xfc6 (for the marketing name, search the web for "GPU Device Id")
[2018.11.01-00.42.56:456][  0]LogWindows: EnumDisplayDevices:
[2018.11.01-00.42.56:456][  0]LogWindows:    0. 'NVIDIA GeForce GTX 650' (P:1 D:1)
[2018.11.01-00.42.56:457][  0]LogWindows:    1. 'NVIDIA GeForce GTX 650' (P:0 D:1)
[2018.11.01-00.42.56:457][  0]LogWindows:    2. 'NVIDIA GeForce GTX 650' (P:0 D:0)
[2018.11.01-00.42.56:458][  0]LogWindows: DebugString: FoundDriverCount:3 
[2018.11.01-00.42.56:458][  0]LogD3D11RHI:     Adapter Name: NVIDIA GeForce GTX 650
[2018.11.01-00.42.56:458][  0]LogD3D11RHI:   Driver Version: 388.13 (internal:23.21.13.8813, unified:388.13)
[2018.11.01-00.42.56:458][  0]LogD3D11RHI:      Driver Date: 10-27-2017
[2018.11.01-00.42.56:459][  0]LogRHI: Texture pool is 696 MB (70% of 995 MB)
[2018.11.01-00.42.56:520][  0]LogD3D11RHI: Async texture creation enabled
[2018.11.01-00.42.56:776][  0]LogD3D11RHI: GPU Timing Frequency: 1000.000000 (Debug: 2 2)
[2018.11.01-00.42.56:907][  0]LogShaderCompilers: Guid format shader working directory is 3 characters bigger than the processId version (../../../../../../Unreal Projects/CoopGame/Intermediate/Shaders/WorkingDirectory/18212/).
[2018.11.01-00.42.56:908][  0]LogShaderCompilers: Cleaned the shader compiler working directory 'C:/Users/redbr/AppData/Local/Temp/UnrealShaderWorkingDir/670A492C4B48703D0E46E2842989A02E/'.
[2018.11.01-00.42.57:333][  0]LogTemp: Display: Loaded TP AllDesktopTargetPlatform
[2018.11.01-00.42.57:359][  0]LogTemp: Display: Loaded TP MacClientTargetPlatform
[2018.11.01-00.42.57:382][  0]LogTemp: Display: Loaded TP MacNoEditorTargetPlatform
[2018.11.01-00.42.57:442][  0]LogTemp: Display: Loaded TP MacServerTargetPlatform
[2018.11.01-00.42.57:553][  0]LogTemp: Display: Loaded TP MacTargetPlatform
[2018.11.01-00.42.57:639][  0]LogTemp: Display: Loaded TP WindowsClientTargetPlatform
[2018.11.01-00.42.57:716][  0]LogTemp: Display: Loaded TP WindowsNoEditorTargetPlatform
[2018.11.01-00.42.57:756][  0]LogTemp: Display: Loaded TP WindowsServerTargetPlatform
[2018.11.01-00.42.57:778][  0]LogTemp: Display: Loaded TP WindowsTargetPlatform
[2018.11.01-00.42.57:913][  0]LogTemp: Display: Loaded TP AndroidTargetPlatform
[2018.11.01-00.42.57:913][  0]LogTemp: Display: Loaded TP AndroidTargetPlatform
[2018.11.01-00.42.57:918][  0]LogTemp: Display: Loaded TP AndroidTargetPlatform
[2018.11.01-00.42.57:918][  0]LogTemp: Display: Loaded TP AndroidTargetPlatform
[2018.11.01-00.42.57:919][  0]LogTemp: Display: Loaded TP AndroidTargetPlatform
[2018.11.01-00.42.57:919][  0]LogTemp: Display: Loaded TP AndroidTargetPlatform
[2018.11.01-00.42.57:919][  0]LogTemp: Display: Loaded TP AndroidTargetPlatform
[2018.11.01-00.42.57:919][  0]LogTemp: Display: Loaded TP AndroidTargetPlatform
[2018.11.01-00.42.57:919][  0]LogTemp: Display: Loaded TP AndroidTargetPlatform
[2018.11.01-00.42.57:920][  0]LogTemp: Display: Loaded TP AndroidTargetPlatform
[2018.11.01-00.42.57:920][  0]LogTemp: Display: Loaded TP AndroidTargetPlatform
[2018.11.01-00.42.57:920][  0]LogTemp: Display: Loaded TP AndroidTargetPlatform
[2018.11.01-00.42.57:920][  0]LogTemp: Display: Loaded TP AndroidTargetPlatform
[2018.11.01-00.42.57:921][  0]LogTemp: Display: Loaded TP AndroidTargetPlatform
[2018.11.01-00.42.57:921][  0]LogTemp: Display: Loaded TP AndroidTargetPlatform
[2018.11.01-00.42.57:921][  0]LogTemp: Display: Loaded TP AndroidTargetPlatform
[2018.11.01-00.42.57:921][  0]LogTemp: Display: Loaded TP AndroidTargetPlatform
[2018.11.01-00.42.57:921][  0]LogTemp: Display: Loaded TP AndroidTargetPlatform
[2018.11.01-00.42.57:953][  0]LogTemp: Display: Loaded TP HTML5TargetPlatform
[2018.11.01-00.42.58:122][  0]LogTemp: Display: Loaded TP IOSTargetPlatform
[2018.11.01-00.42.58:122][  0]LogTemp: Display: Loaded TP IOSTargetPlatform
[2018.11.01-00.42.58:158][  0]LogTemp: Display: Loaded TP TVOSTargetPlatform
[2018.11.01-00.42.58:158][  0]LogTemp: Display: Loaded TP TVOSTargetPlatform
[2018.11.01-00.42.58:191][  0]LogTemp: Display: Loaded TP LinuxClientTargetPlatform
[2018.11.01-00.42.58:217][  0]LogTemp: Display: Loaded TP LinuxNoEditorTargetPlatform
[2018.11.01-00.42.58:252][  0]LogTemp: Display: Loaded TP LinuxServerTargetPlatform
[2018.11.01-00.42.58:290][  0]LogTemp: Display: Loaded TP LinuxTargetPlatform
[2018.11.01-00.42.58:375][  0]LogTemp: Display: Loaded TP LuminTargetPlatform
[2018.11.01-00.42.58:375][  0]LogTargetPlatformManager: Display: Building Assets For Windows
[2018.11.01-00.42.59:356][  0]LogXGEController: Cleaning working directory: C:/Users/redbr/AppData/Local/Temp/UnrealXGEWorkingDir/
[2018.11.01-00.42.59:357][  0]LogXGEController: Cannot use XGE Controller as Incredibuild is not installed on this machine.
[2018.11.01-00.42.59:357][  0]LogShaderCompilers: Cannot use XGE Shader Compiler as Incredibuild is not installed on this machine.
[2018.11.01-00.42.59:357][  0]LogShaderCompilers: Display: Using Local Shader Compiler.
[2018.11.01-00.43.01:960][  0]LogDerivedDataCache: Display: Max Cache Size: 512 MB
[2018.11.01-00.43.02:316][  0]LogDerivedDataCache: Loaded boot cache 0.35s 71MB C:/Users/redbr/AppData/Local/UnrealEngine/4.20/DerivedDataCache/Boot.ddc.
[2018.11.01-00.43.02:316][  0]LogDerivedDataCache: Display: Loaded Boot cache: C:/Users/redbr/AppData/Local/UnrealEngine/4.20/DerivedDataCache/Boot.ddc
[2018.11.01-00.43.02:317][  0]LogDerivedDataCache: FDerivedDataBackendGraph:  Pak pak cache file ../../../../../../Unreal Projects/CoopGame/DerivedDataCache/DDC.ddp not found, will not use a pak cache.
[2018.11.01-00.43.02:317][  0]LogDerivedDataCache: Unable to find inner node Pak for hierarchical cache Hierarchy.
[2018.11.01-00.43.02:318][  0]LogDerivedDataCache: FDerivedDataBackendGraph:  CompressedPak pak cache file ../../../../../../Unreal Projects/CoopGame/DerivedDataCache/Compressed.ddp not found, will not use a pak cache.
[2018.11.01-00.43.02:319][  0]LogDerivedDataCache: Unable to find inner node CompressedPak for hierarchical cache Hierarchy.
[2018.11.01-00.43.02:360][  0]LogDerivedDataCache: Display: Pak cache opened for reading ../../../Engine/DerivedDataCache/Compressed.ddp.
[2018.11.01-00.43.02:374][  0]LogDerivedDataCache: Using Local data cache path C:/Users/redbr/AppData/Local/UnrealEngine/Common/DerivedDataCache: Writable
[2018.11.01-00.43.02:374][  0]LogDerivedDataCache: Shared data cache path not found in *engine.ini, will not use an Shared cache.
[2018.11.01-00.43.02:374][  0]LogDerivedDataCache: Unable to find inner node Shared for hierarchical cache Hierarchy.
[2018.11.01-00.43.02:433][  0]LogMaterial: Verifying Global Shaders for PCD3D_SM5
[2018.11.01-00.43.02:504][  0]LogSlate: Using FreeType 2.6.0
[2018.11.01-00.43.02:551][  0]LogSlate: SlateFontServices - WITH_FREETYPE: 1, WITH_HARFBUZZ: 1
[2018.11.01-00.43.03:389][  0]LogAssetRegistry: FAssetRegistry took 0.0548 seconds to start up
[2018.11.01-00.43.06:870][  0]LogInit: Selected Device Profile: [Windows]
[2018.11.01-00.43.08:732][  0]LogSimplygon: Simplygon DLL not present - disabling.
[2018.11.01-00.43.08:987][  0]LogMeshReduction: Using SimplygonSwarm for distributed automatic mesh merging
[2018.11.01-00.43.08:987][  0]LogMeshReduction: Using ProxyLODMeshReduction for automatic mesh merging
[2018.11.01-00.43.08:996][  0]LogMeshReduction: Using QuadricMeshReduction for automatic static mesh reduction
[2018.11.01-00.43.08:996][  0]LogMeshReduction: No automatic skeletal mesh reduction module available
[2018.11.01-00.43.09:573][  0]LogNetVersion: CoopGame 1.0.0, NetCL: 4212847, EngineNetVer: 5, GameNetVer: 0 (Checksum: 3143999938)
[2018.11.01-00.43.15:670][  0]LogPackageLocalizationCache: Processed 11 localized package path(s) for 2 prioritized culture(s) in 0.186606 seconds
[2018.11.01-00.43.15:706][  0]LogUObjectArray: 38425 objects as part of root set at end of initial load.
[2018.11.01-00.43.15:706][  0]LogUObjectAllocator: 6690864 out of 0 bytes used by permanent object pool.
[2018.11.01-00.43.15:706][  0]LogUObjectArray: CloseDisregardForGC: 0/0 objects in disregard for GC pool
[2018.11.01-00.43.34:193][  0]LogTcpMessaging: Initializing TcpMessaging bridge
[2018.11.01-00.43.34:240][  0]LogUdpMessaging: Initializing bridge on interface 0.0.0.0:0 to multicast group 230.0.0.1:6666.
[2018.11.01-00.43.35:486][  0]SourceControl: 소스 컨트롤이 꺼졌습니다.
[2018.11.01-00.43.35:486][  0]SourceControl: 소스 컨트롤이 꺼졌습니다.
[2018.11.01-00.43.35:572][  0]SourceControl: 소스 컨트롤이 꺼졌습니다.
[2018.11.01-00.43.35:587][  0]SourceControl: 소스 컨트롤이 꺼졌습니다.
[2018.11.01-00.43.37:195][  0]LogAndroidPermission: UAndroidPermissionCallbackProxy::GetInstance
[2018.11.01-00.43.37:576][  0]LogOcInput: OculusInput pre-init called
[2018.11.01-00.43.38:483][  0]LogEngine: Initializing Engine...
[2018.11.01-00.43.38:516][  0]LogHMD: Failed to initialize OpenVR with code 110
[2018.11.01-00.43.38:633][  0]LogStats: UGameplayTagsManager::ConstructGameplayTagTree: ImportINI prefixes -  0.031 s
[2018.11.01-00.43.38:633][  0]LogStats: UGameplayTagsManager::ConstructGameplayTagTree: Construct from data asset -  0.000 s
[2018.11.01-00.43.38:634][  0]LogStats: UGameplayTagsManager::ConstructGameplayTagTree: ImportINI -  0.000 s
[2018.11.01-00.43.38:634][  0]LogStats: UGameplayTagsManager::ConstructGameplayTagTree: GameplayTagTreeChangedEvent.Broadcast -  0.000 s
[2018.11.01-00.43.39:603][  0]LogInit: Initializing FReadOnlyCVARCache
[2018.11.01-00.43.40:136][  0]LogAIModule: Creating AISystem for world Untitled
[2018.11.01-00.43.40:356][  0]LogInit: XAudio2 using 'LG ULTRAWIDE-0(NVIDIA High Definition Audio)' : 2 channels at 48 kHz using 16 bits per sample (channel mask 0x3)
[2018.11.01-00.43.40:455][  0]LogInit: FAudioDevice initialized.
[2018.11.01-00.43.40:456][  0]LogNetVersion: Set ProjectVersion to 1.0.0.0. Version Checksum will be recalculated on next use.
[2018.11.01-00.43.40:663][  0]LogDerivedDataCache: Saved boot cache 0.21s 71MB C:/Users/redbr/AppData/Local/UnrealEngine/4.20/DerivedDataCache/Boot.ddc.
[2018.11.01-00.43.40:674][  0]LogInit: Texture streaming: Enabled
[2018.11.01-00.43.40:816][  0]LogEngineSessionManager: EngineSessionManager initialized
[2018.11.01-00.43.40:908][  0]LogInit: Transaction tracking system initialized
[2018.11.01-00.43.41:577][  0]BlueprintLog: New page: 에디터 로드
[2018.11.01-00.43.44:543][  0]LocalizationService: 현지화 서비스가 비활성화되었습니다.
[2018.11.01-00.43.47:216][  0]LogFileCache: Scanning file cache for directory 'E:/Unreal Projects/CoopGame/Content/' took 0.02s
[2018.11.01-00.43.47:216][  0]LogCook: Display: Max memory allowance for cook 16384mb min free memory 0mb
[2018.11.01-00.43.47:235][  0]LogCook: Display: Mobile HDR setting 1
[2018.11.01-00.43.47:254][  0]LogGameplayTags: Display: UGameplayTagsManager::DoneAddingNativeTags. DelegateIsBound: 0
[2018.11.01-00.43.47:254][  0]LogStats: UGameplayTagsManager::ConstructGameplayTagTree: ImportINI prefixes -  0.000 s
[2018.11.01-00.43.47:254][  0]LogStats: UGameplayTagsManager::ConstructGameplayTagTree: Construct from data asset -  0.000 s
[2018.11.01-00.43.47:254][  0]LogStats: UGameplayTagsManager::ConstructGameplayTagTree: ImportINI -  0.000 s
[2018.11.01-00.43.47:255][  0]LogStats: UGameplayTagsManager::ConstructGameplayTagTree: GameplayTagTreeChangedEvent.Broadcast -  0.000 s
[2018.11.01-00.43.49:702][  0]SourceControl: 소스 컨트롤이 꺼졌습니다.
[2018.11.01-00.43.49:723][  0]Cmd: MAP LOAD FILE="../../../../../../Unreal Projects/CoopGame/Content/Maps/P_TestMap.umap" TEMPLATE=0 SHOWPROGRESS=1 FEATURELEVEL=3
[2018.11.01-00.43.49:727][  0]LightingResults: New page: 라이팅 빌드
[2018.11.01-00.43.49:866][  0]MapCheck: New page: 맵 체크
[2018.11.01-00.43.49:866][  0]LightingResults: New page: 라이팅 빌드
[2018.11.01-00.43.53:478][  0]LogAIModule: Creating AISystem for world P_TestMap
[2018.11.01-00.43.54:314][  0]LogEditorServer: Finished looking for orphan Actors (0.000 secs)
[2018.11.01-00.43.54:579][  0]Cmd: MAP CHECKDEP NOCLEARLOG
[2018.11.01-00.43.54:664][  0]MapCheck: 맵 체크 완료: 오류 0 회, 경고 0 회, 소요 시간 84.446ms.
[2018.11.01-00.43.54:664][  0]LogFileHelpers: Loading map 'P_TestMap' took 4.953
[2018.11.01-00.43.57:013][  0]LogSlate: Updating window title bar state: overlay mode, drag disabled, window buttons hidden, title bar hidden
[2018.11.01-00.43.57:050][  0]LogSlate: Updating window title bar state: overlay mode, drag disabled, window buttons hidden, title bar hidden
[2018.11.01-00.43.57:059][  0]LogSlate: Updating window title bar state: overlay mode, drag disabled, window buttons hidden, title bar hidden
[2018.11.01-00.43.57:069][  0]LogSlate: Updating window title bar state: overlay mode, drag disabled, window buttons hidden, title bar hidden
[2018.11.01-00.43.58:073][  0]LogCollectionManager: Loaded 0 collections in 0.001269 seconds
[2018.11.01-00.43.58:624][  0]LogFileCache: Scanning file cache for directory 'E:/Unreal Projects/CoopGame/Saved/Collections/' took 0.01s
[2018.11.01-00.43.58:625][  0]LogFileCache: Scanning file cache for directory 'E:/Unreal Projects/CoopGame/Content/Developers/redbr/Collections/' took 0.01s
[2018.11.01-00.43.58:625][  0]LogFileCache: Scanning file cache for directory 'E:/Unreal Projects/CoopGame/Content/Collections/' took 0.01s
[2018.11.01-00.43.58:625][  0]LogCollectionManager: Rebuilt the GUID cache for 0 collections in 0.000000 seconds
[2018.11.01-00.43.58:669][  0]LogContentBrowser: Native class hierarchy populated in 0.0280 seconds. Added 2575 classes and 606 folders.
[2018.11.01-00.43.58:914][  0]LogContentBrowser: Native class hierarchy updated for 'WidgetCarousel' in 0.0004 seconds. Added 0 classes and 0 folders.
[2018.11.01-00.44.01:082][  0]LogContentBrowser: Native class hierarchy updated for 'AddContentDialog' in 0.0004 seconds. Added 0 classes and 0 folders.
[2018.11.01-00.44.01:191][  0]LogContentBrowser: Native class hierarchy updated for 'SceneOutliner' in 0.0005 seconds. Added 1 classes and 2 folders.
[2018.11.01-00.44.02:208][  0]LogSlate: Took 0.024615 seconds to synchronously load lazily loaded font '../../../Engine/Content/Slate/Fonts/Roboto-Regular.ttf' (155K)
[2018.11.01-00.44.02:302][  0]LogSlate: Took 0.093095 seconds to synchronously load lazily loaded font '../../../Engine/Content/Editor/Slate/Fonts/NanumGothic.ttf' (4243K)
[2018.11.01-00.44.02:348][  0]LogSlate: Took 0.044809 seconds to synchronously load lazily loaded font '../../../Engine/Content/Editor/Slate/Fonts/NanumGothicBold.ttf' (4188K)
[2018.11.01-00.44.02:359][  0]LogSlate: Took 0.010507 seconds to synchronously load lazily loaded font '../../../Engine/Content/Slate/Fonts/Roboto-Bold.ttf' (160K)
[2018.11.01-00.44.02:399][  0]LogSlate: Took 0.010995 seconds to synchronously load lazily loaded font '../../../Engine/Content/Editor/Slate/Fonts/FontAwesome.ttf' (139K)
[2018.11.01-00.44.02:755][  0]LogRenderer: Reallocating scene render targets to support 1616x576 Format 10 NumSamples 1 (Frame:1).
[2018.11.01-00.44.03:679][  0]LogContentBrowser: Native class hierarchy updated for 'HierarchicalLODOutliner' in 0.0004 seconds. Added 0 classes and 0 folders.
[2018.11.01-00.44.03:680][  0]LogLoad: (Engine Initialization) Total time: 84.48 seconds
[2018.11.01-00.44.03:680][  0]LogLoad: (Engine Initialization) Total Blueprint compile time: 0.00 seconds
[2018.11.01-00.44.03:837][  0]LogContentStreaming: Texture pool size now 1000 MB
[2018.11.01-00.44.04:462][  3]LogAssetRegistry: Asset discovery search completed in 61.0993 seconds
[2018.11.01-00.44.04:597][  3]LogCollectionManager: Rebuilt the object cache for 0 collections in 0.000001 seconds (found 0 objects)
[2018.11.01-00.44.04:598][  3]LogCollectionManager: Fixed up redirectors for 0 collections in 0.000203 seconds (updated 0 objects)
[2018.11.01-00.44.20:581][ 51]LogSlate: FSceneViewport::OnFocusLost() reason 0
[2018.11.01-00.44.20:838][ 51]LogSlate: Window 'CoopGame - 언리얼 에디터' being destroyed
[2018.11.01-00.44.20:843][ 51]LogWindowsTextInputMethodSystem: Display: IME system now activated using TSF (Microsoft 입력기).
[2018.11.01-00.44.21:335][ 52]Cmd: QUIT_EDITOR
[2018.11.01-00.44.21:486][ 52]LogExit: Preparing to exit.
[2018.11.01-00.44.22:625][ 52]LogExit: Editor shut down
[2018.11.01-00.44.22:625][ 52]LogExit: Transaction tracking system shut down
[2018.11.01-00.44.23:802][ 52]LogExit: Object subsystem successfully closed.
[2018.11.01-00.44.23:901][ 52]LogShaderCompilers: Display: Shaders left to compile 0
[2018.11.01-00.44.23:930][ 52]LogD3D11RHI: Shutdown
[2018.11.01-00.44.23:931][ 52]LogD3D11RHI: CleanupD3DDevice
[2018.11.01-00.44.23:946][ 52]LogD3D11RHI: ~FD3D11DynamicRHI
[2018.11.01-00.44.24:485][ 52]LogModuleManager: Shutting down and abandoning module HierarchicalLODOutliner (612)
[2018.11.01-00.44.24:485][ 52]LogModuleManager: Shutting down and abandoning module SceneOutliner (610)
[2018.11.01-00.44.24:497][ 52]LogModuleManager: Shutting down and abandoning module AddContentDialog (608)
[2018.11.01-00.44.24:498][ 52]LogModuleManager: Shutting down and abandoning module WidgetCarousel (607)
[2018.11.01-00.44.24:498][ 52]LogModuleManager: Shutting down and abandoning module EditorWidgets (604)
[2018.11.01-00.44.24:498][ 52]LogModuleManager: Shutting down and abandoning module CollectionManager (602)
[2018.11.01-00.44.24:516][ 52]LogModuleManager: Shutting down and abandoning module StatsViewer (600)
[2018.11.01-00.44.24:517][ 52]LogModuleManager: Shutting down and abandoning module FoliageEdit (598)
[2018.11.01-00.44.24:517][ 52]LogModuleManager: Shutting down and abandoning module LandscapeEditor (596)
[2018.11.01-00.44.24:564][ 52]LogModuleManager: Shutting down and abandoning module MeshPaintMode (594)
[2018.11.01-00.44.24:564][ 52]LogModuleManager: Shutting down and abandoning module SceneDepthPickerMode (592)
[2018.11.01-00.44.24:564][ 52]LogModuleManager: Shutting down and abandoning module ActorPickerMode (590)
[2018.11.01-00.44.24:564][ 52]LogModuleManager: Shutting down and abandoning module GeometryMode (588)
[2018.11.01-00.44.24:564][ 52]LogModuleManager: Shutting down and abandoning module TextureAlignMode (586)
[2018.11.01-00.44.24:564][ 52]LogModuleManager: Shutting down and abandoning module BspMode (584)
[2018.11.01-00.44.24:564][ 52]LogModuleManager: Shutting down and abandoning module PIEPreviewDeviceProfileSelector (582)
[2018.11.01-00.44.24:564][ 52]LogModuleManager: Shutting down and abandoning module SequenceRecorderSections (580)
[2018.11.01-00.44.24:565][ 52]LogModuleManager: Shutting down and abandoning module AutomationWorker (578)
[2018.11.01-00.44.24:565][ 52]LogModuleManager: Shutting down and abandoning module AudioCaptureEditor (576)
[2018.11.01-00.44.24:565][ 52]LogModuleManager: Shutting down and abandoning module SequenceRecorder (575)
[2018.11.01-00.44.24:565][ 52]LogModuleManager: Shutting down and abandoning module MatineeToLevelSequence (572)
[2018.11.01-00.44.24:565][ 52]LogModuleManager: Shutting down and abandoning module LevelSequenceEditor (570)
[2018.11.01-00.44.24:588][ 52]LogModuleManager: Shutting down and abandoning module PlacementMode (569)
[2018.11.01-00.44.24:589][ 52]LogModuleManager: Shutting down and abandoning module MaterialEditor (568)
[2018.11.01-00.44.24:633][ 52]LogModuleManager: Shutting down and abandoning module WmfMediaFactory (564)
[2018.11.01-00.44.24:633][ 52]LogModuleManager: Shutting down and abandoning module WmfMediaEditor (562)
[2018.11.01-00.44.24:633][ 52]LogModuleManager: Shutting down and abandoning module MediaPlayerEditor (560)
[2018.11.01-00.44.24:633][ 52]LogModuleManager: Shutting down and abandoning module OpenExrWrapper (558)
[2018.11.01-00.44.24:633][ 52]LogModuleManager: Shutting down and abandoning module ImgMediaFactory (556)
[2018.11.01-00.44.24:633][ 52]LogModuleManager: Shutting down and abandoning module ImgMediaEditor (554)
[2018.11.01-00.44.24:633][ 52]LogModuleManager: Shutting down and abandoning module AvfMediaFactory (552)
[2018.11.01-00.44.24:633][ 52]LogModuleManager: Shutting down and abandoning module AvfMediaEditor (550)
[2018.11.01-00.44.24:634][ 52]LogModuleManager: Shutting down and abandoning module AndroidMediaFactory (548)
[2018.11.01-00.44.24:634][ 52]LogModuleManager: Shutting down and abandoning module AndroidMediaEditor (546)
[2018.11.01-00.44.24:634][ 52]LogModuleManager: Shutting down and abandoning module MagicLeapCameraPreviewFactory (544)
[2018.11.01-00.44.24:634][ 52]LogModuleManager: Shutting down and abandoning module MagicLeapMediaFactory (542)
[2018.11.01-00.44.24:634][ 52]LogModuleManager: Shutting down and abandoning module MagicLeapMediaEditor (540)
[2018.11.01-00.44.24:634][ 52]LogModuleManager: Shutting down and abandoning module CharacterAI (538)
[2018.11.01-00.44.24:634][ 52]LogModuleManager: Shutting down and abandoning module SmartSnapping (536)
[2018.11.01-00.44.24:634][ 52]LogModuleManager: Shutting down and abandoning module SessionServices (534)
[2018.11.01-00.44.24:635][ 52]LogModuleManager: Shutting down and abandoning module ViewportSnapping (532)
[2018.11.01-00.44.24:635][ 52]LogModuleManager: Shutting down and abandoning module ViewportInteraction (530)
[2018.11.01-00.44.24:649][ 52]LogModuleManager: Shutting down and abandoning module ClothPainter (528)
[2018.11.01-00.44.24:686][ 52]LogModuleManager: Shutting down and abandoning module SkeletalMeshEditor (527)
[2018.11.01-00.44.24:717][ 52]LogModuleManager: Shutting down and abandoning module LogVisualizer (524)
[2018.11.01-00.44.24:725][ 52]LogModuleManager: Shutting down and abandoning module IntroTutorials (522)
[2018.11.01-00.44.24:725][ 52]LogModuleManager: Shutting down and abandoning module GameProjectGeneration (521)
[2018.11.01-00.44.24:726][ 52]LogModuleManager: Shutting down and abandoning module LuminPlatformEditor (518)
[2018.11.01-00.44.24:726][ 52]LogModuleManager: Shutting down and abandoning module IOSPlatformEditor (516)
[2018.11.01-00.44.24:726][ 52]LogModuleManager: Shutting down and abandoning module HTML5PlatformEditor (514)
[2018.11.01-00.44.24:727][ 52]LogModuleManager: Shutting down and abandoning module AndroidPlatformEditor (512)
[2018.11.01-00.44.24:728][ 52]LogModuleManager: Shutting down and abandoning module AndroidDeviceDetection (511)
[2018.11.01-00.44.25:291][ 52]LogModuleManager: Shutting down and abandoning module WindowsPlatformEditor (508)
[2018.11.01-00.44.25:291][ 52]LogModuleManager: Shutting down and abandoning module LuminRuntimeSettings (506)
[2018.11.01-00.44.25:292][ 52]LogModuleManager: Shutting down and abandoning module IOSRuntimeSettings (504)
[2018.11.01-00.44.25:292][ 52]LogModuleManager: Shutting down and abandoning module AndroidRuntimeSettings (502)
[2018.11.01-00.44.25:292][ 52]LogModuleManager: Shutting down and abandoning module InputBindingEditor (500)
[2018.11.01-00.44.25:307][ 52]LogModuleManager: Shutting down and abandoning module MergeActors (498)
[2018.11.01-00.44.25:307][ 52]LogModuleManager: Shutting down and abandoning module LocalizationDashboard (496)
[2018.11.01-00.44.25:316][ 52]LogModuleManager: Shutting down and abandoning module LocalizationService (495)
[2018.11.01-00.44.25:317][ 52]LogModuleManager: Shutting down and abandoning module HardwareTargeting (492)
[2018.11.01-00.44.25:317][ 52]LogModuleManager: Shutting down and abandoning module DeviceProfileEditor (490)
[2018.11.01-00.44.25:317][ 52]LogModuleManager: Shutting down and abandoning module UndoHistory (488)
[2018.11.01-00.44.25:317][ 52]LogModuleManager: Shutting down and abandoning module XmlParser (486)
[2018.11.01-00.44.25:317][ 52]LogModuleManager: Shutting down and abandoning module Blutility (484)
[2018.11.01-00.44.25:317][ 52]LogModuleManager: Shutting down and abandoning module ProjectSettingsViewer (482)
[2018.11.01-00.44.25:317][ 52]LogModuleManager: Shutting down and abandoning module ProjectTargetPlatformEditor (481)
[2018.11.01-00.44.25:317][ 52]LogModuleManager: Shutting down and abandoning module EditorSettingsViewer (478)
[2018.11.01-00.44.25:318][ 52]LogModuleManager: Shutting down and abandoning module SettingsEditor (476)
[2018.11.01-00.44.25:318][ 52]LogModuleManager: Shutting down and abandoning module ProjectLauncher (474)
[2018.11.01-00.44.25:351][ 52]LogModuleManager: Shutting down and abandoning module SessionFrontend (472)
[2018.11.01-00.44.25:351][ 52]LogModuleManager: Shutting down and abandoning module ProfilerClient (470)
[2018.11.01-00.44.25:375][ 52]LogModuleManager: Shutting down and abandoning module DeviceManager (468)
[2018.11.01-00.44.25:375][ 52]LogModuleManager: Shutting down and abandoning module TargetDeviceServices (467)
[2018.11.01-00.44.25:430][ 52]LogModuleManager: Shutting down and abandoning module AutomationController (464)
[2018.11.01-00.44.25:430][ 52]LogModuleManager: Shutting down and abandoning module AutomationWindow (462)
[2018.11.01-00.44.25:458][ 52]LogModuleManager: Shutting down and abandoning module Layers (460)
[2018.11.01-00.44.25:481][ 52]LogModuleManager: Shutting down and abandoning module ComponentVisualizers (458)
[2018.11.01-00.44.25:481][ 52]LogModuleManager: Shutting down and abandoning module DetailCustomizations (456)
[2018.11.01-00.44.25:481][ 52]LogModuleManager: Shutting down and abandoning module PackagesDialog (454)
[2018.11.01-00.44.25:508][ 52]LogModuleManager: Shutting down and abandoning module Persona (452)
[2018.11.01-00.44.25:516][ 52]LogModuleManager: Shutting down and abandoning module AdvancedPreviewScene (451)
[2018.11.01-00.44.25:517][ 52]LogModuleManager: Shutting down and abandoning module AnimGraph (449)
[2018.11.01-00.44.25:517][ 52]LogModuleManager: Shutting down and abandoning module Kismet (446)
[2018.11.01-00.44.25:525][ 52]LogModuleManager: Shutting down and abandoning module GraphEditor (444)
[2018.11.01-00.44.25:562][ 52]LogModuleManager: Shutting down and abandoning module ClassViewer (442)
[2018.11.01-00.44.25:563][ 52]LogModuleManager: Shutting down and abandoning module Toolbox (440)
[2018.11.01-00.44.25:564][ 52]LogModuleManager: Shutting down and abandoning module DesktopPlatform (439)
[2018.11.01-00.44.25:570][ 52]LogModuleManager: Shutting down and abandoning module ModuleUI (436)
[2018.11.01-00.44.25:579][ 52]LogModuleManager: Shutting down and abandoning module MovieSceneTools (434)
[2018.11.01-00.44.25:580][ 52]LogModuleManager: Shutting down and abandoning module OutputLog (432)
[2018.11.01-00.44.25:580][ 52]LogModuleManager: Shutting down and abandoning module GammaUI (430)
[2018.11.01-00.44.25:587][ 52]LogModuleManager: Shutting down and abandoning module Documentation (428)
[2018.11.01-00.44.25:587][ 52]LogModuleManager: Shutting down and abandoning module MovieSceneTracks (426)
[2018.11.01-00.44.25:592][ 52]LogModuleManager: Shutting down and abandoning module MovieScene (424)
[2018.11.01-00.44.25:593][ 52]LogModuleManager: Shutting down and abandoning module StreamingPauseRendering (422)
[2018.11.01-00.44.25:593][ 52]LogModuleManager: Shutting down and abandoning module LauncherPlatform (420)
[2018.11.01-00.44.25:593][ 52]LogModuleManager: Shutting down and abandoning module AnalyticsET (418)
[2018.11.01-00.44.25:594][ 52]LogModuleManager: Shutting down and abandoning module PortalServices (416)
[2018.11.01-00.44.25:594][ 52]LogModuleManager: Shutting down and abandoning module PortalRpc (414)
[2018.11.01-00.44.25:595][ 52]LogModuleManager: Shutting down and abandoning module MessagingRpc (412)
[2018.11.01-00.44.25:595][ 52]LogModuleManager: Shutting down and abandoning module AIModule (410)
[2018.11.01-00.44.25:596][ 52]LogModuleManager: Shutting down and abandoning module GameplayDebugger (409)
[2018.11.01-00.44.25:596][ 52]LogModuleManager: Shutting down and abandoning module AITestSuite (407)
[2018.11.01-00.44.25:597][ 52]LogModuleManager: Shutting down and abandoning module NavigationSystem (405)
[2018.11.01-00.44.25:597][ 52]LogModuleManager: Shutting down and abandoning module ProfilerService (402)
[2018.11.01-00.44.25:818][ 52]LogModuleManager: Shutting down and abandoning module TaskGraph (400)
[2018.11.01-00.44.25:818][ 52]LogModuleManager: Shutting down and abandoning module SteamVRController (398)
[2018.11.01-00.44.25:819][ 52]LogModuleManager: Shutting down and abandoning module ProceduralMeshComponentEditor (396)
[2018.11.01-00.44.25:819][ 52]LogModuleManager: Shutting down and abandoning module ProceduralMeshComponent (394)
[2018.11.01-00.44.25:819][ 52]LogModuleManager: Shutting down and abandoning module OculusInput (392)
[2018.11.01-00.44.25:819][ 52]LogModuleManager: Shutting down and abandoning module MobilePatchingUtils (390)
[2018.11.01-00.44.25:820][ 52]LogModuleManager: Shutting down and abandoning module EditableMesh (388)
[2018.11.01-00.44.25:828][ 52]LogModuleManager: Shutting down and abandoning module CustomMeshComponent (386)
[2018.11.01-00.44.25:828][ 52]LogModuleManager: Shutting down and abandoning module CableComponent (384)
[2018.11.01-00.44.25:831][ 52]LogModuleManager: Shutting down and abandoning module AudioCapture (382)
[2018.11.01-00.44.25:831][ 52]LogModuleManager: Shutting down and abandoning module ArchVisCharacter (380)
[2018.11.01-00.44.25:831][ 52]LogModuleManager: Shutting down and abandoning module AndroidPermission (378)
[2018.11.01-00.44.25:832][ 52]LogModuleManager: Shutting down and abandoning module NUTUnrealEngine4 (376)
[2018.11.01-00.44.25:832][ 52]LogModuleManager: Shutting down and abandoning module NetcodeUnitTest (374)
[2018.11.01-00.44.25:845][ 52]LogModuleManager: Shutting down and abandoning module MediaCompositingEditor (372)
[2018.11.01-00.44.25:846][ 52]LogModuleManager: Shutting down and abandoning module MediaCompositing (370)
[2018.11.01-00.44.25:846][ 52]LogModuleManager: Shutting down and abandoning module LinearTimecode (368)
[2018.11.01-00.44.25:846][ 52]LogModuleManager: Shutting down and abandoning module ImgMedia (366)
[2018.11.01-00.44.25:868][ 52]LogModuleManager: Shutting down and abandoning module HTML5Networking (364)
[2018.11.01-00.44.25:868][ 52]LogModuleManager: Shutting down and abandoning module GeometryCacheTracks (362)
[2018.11.01-00.44.25:868][ 52]LogModuleManager: Shutting down and abandoning module GeometryCacheSequencer (360)
[2018.11.01-00.44.25:868][ 52]LogModuleManager: Shutting down and abandoning module BackChannel (358)
[2018.11.01-00.44.25:869][ 52]LogModuleManager: Shutting down and abandoning module AppleVision (356)
[2018.11.01-00.44.25:869][ 52]LogModuleManager: Shutting down and abandoning module AppleImageUtils (354)
[2018.11.01-00.44.25:869][ 52]LogModuleManager: Shutting down and abandoning module AlembicImporter (352)
[2018.11.01-00.44.25:870][ 52]LogModuleManager: Shutting down and abandoning module AlembicLibrary (351)
[2018.11.01-00.44.25:870][ 52]LogModuleManager: Shutting down and abandoning module GeometryCache (350)
[2018.11.01-00.44.25:870][ 52]LogModuleManager: Shutting down and abandoning module GeometryCacheEd (349)
[2018.11.01-00.44.25:870][ 52]LogModuleManager: Shutting down and abandoning module DatasmithContentEditor (344)
[2018.11.01-00.44.25:871][ 52]LogModuleManager: Shutting down and abandoning module DatasmithContent (342)
[2018.11.01-00.44.25:872][ 52]LogModuleManager: Shutting down and abandoning module SpeedTreeImporter (340)
[2018.11.01-00.44.25:872][ 52]LogModuleManager: Shutting down and abandoning module PluginBrowser (338)
[2018.11.01-00.44.25:876][ 52]LogModuleManager: Shutting down and abandoning module MobileLauncherProfileWizard (336)
[2018.11.01-00.44.25:878][ 52]LogModuleManager: Shutting down and abandoning module PolygonModeling (334)
[2018.11.01-00.44.25:878][ 52]LogModuleManager: Shutting down and abandoning module MeshEditor (332)
[2018.11.01-00.44.25:879][ 52]LogModuleManager: Shutting down and abandoning module CryptoKeysOpenSSL (330)
[2018.11.01-00.44.25:879][ 52]LogModuleManager: Shutting down and abandoning module CryptoKeys (328)
[2018.11.01-00.44.25:879][ 52]LogModuleManager: Shutting down and abandoning module VisualStudioSourceCodeAccess (326)
[2018.11.01-00.44.25:879][ 52]LogModuleManager: Shutting down and abandoning module VisualStudioCodeSourceCodeAccess (324)
[2018.11.01-00.44.25:879][ 52]LogModuleManager: Shutting down and abandoning module UObjectPlugin (322)
[2018.11.01-00.44.25:880][ 52]LogModuleManager: Shutting down and abandoning module SubversionSourceControl (320)
[2018.11.01-00.44.25:880][ 52]LogModuleManager: Shutting down and abandoning module PerforceSourceControl (318)
[2018.11.01-00.44.25:895][ 52]LogModuleManager: Shutting down and abandoning module GitSourceControl (316)
[2018.11.01-00.44.25:896][ 52]LogModuleManager: Shutting down and abandoning module SourceControl (315)
[2018.11.01-00.44.25:896][ 52]LogModuleManager: Shutting down and abandoning module CLionSourceCodeAccess (312)
[2018.11.01-00.44.25:896][ 52]LogModuleManager: Shutting down and abandoning module LightPropagationVolumeEditor (310)
[2018.11.01-00.44.25:897][ 52]LogModuleManager: Shutting down and abandoning module PaperTiledImporter (308)
[2018.11.01-00.44.25:897][ 52]LogModuleManager: Shutting down and abandoning module PaperSpriteSheetImporter (306)
[2018.11.01-00.44.25:897][ 52]LogModuleManager: Shutting down and abandoning module Paper2DEditor (304)
[2018.11.01-00.44.25:914][ 52]LogModuleManager: Shutting down and abandoning module MeshPaint (303)
[2018.11.01-00.44.25:914][ 52]LogModuleManager: Shutting down and abandoning module CoopGame (300)
[2018.11.01-00.44.25:914][ 52]LogModuleManager: Shutting down and abandoning module RuntimePhysXCooking (298)
[2018.11.01-00.44.25:915][ 52]LogModuleManager: Shutting down and abandoning module PhysXVehiclesEditor (296)
[2018.11.01-00.44.25:915][ 52]LogModuleManager: Shutting down and abandoning module PhysXVehicles (294)
[2018.11.01-00.44.25:915][ 52]LogModuleManager: Shutting down and abandoning module OculusEditor (292)
[2018.11.01-00.44.25:915][ 52]LogModuleManager: Shutting down and abandoning module LocationServicesBPLibrary (290)
[2018.11.01-00.44.25:915][ 52]LogModuleManager: Shutting down and abandoning module ImmediatePhysicsEditor (288)
[2018.11.01-00.44.25:915][ 52]LogModuleManager: Shutting down and abandoning module ImmediatePhysics (286)
[2018.11.01-00.44.25:915][ 52]LogModuleManager: Shutting down and abandoning module ActorSequence (284)
[2018.11.01-00.44.25:915][ 52]LogModuleManager: Shutting down and abandoning module UdpMessaging (282)
[2018.11.01-00.44.26:017][ 52]LogModuleManager: Shutting down and abandoning module TcpMessaging (280)
[2018.11.01-00.44.26:118][ 52]LogModuleManager: Shutting down and abandoning module MagicLeapAudio (278)
[2018.11.01-00.44.26:118][ 52]LogModuleManager: Shutting down and abandoning module GameplayTagsEditor (276)
[2018.11.01-00.44.26:132][ 52]LogModuleManager: Shutting down and abandoning module FacialAnimationEditor (274)
[2018.11.01-00.44.26:132][ 52]LogModuleManager: Shutting down and abandoning module FacialAnimation (272)
[2018.11.01-00.44.26:132][ 52]LogModuleManager: Shutting down and abandoning module DataValidation (270)
[2018.11.01-00.44.26:133][ 52]LogModuleManager: Shutting down and abandoning module AssetManagerEditor (268)
[2018.11.01-00.44.26:148][ 52]LogModuleManager: Shutting down and abandoning module LevelEditor (267)
[2018.11.01-00.44.26:150][ 52]LogModuleManager: Shutting down and abandoning module PixelInspectorModule (266)
[2018.11.01-00.44.26:150][ 52]LogModuleManager: Shutting down and abandoning module CommonMenuExtensions (264)
[2018.11.01-00.44.26:151][ 52]LogModuleManager: Shutting down and abandoning module MainFrame (262)
[2018.11.01-00.44.26:151][ 52]LogModuleManager: Shutting down and abandoning module HotReload (261)
[2018.11.01-00.44.26:152][ 52]LogModuleManager: Shutting down and abandoning module ContentBrowser (257)
[2018.11.01-00.44.26:154][ 52]LogModuleManager: Shutting down and abandoning module TreeMap (255)
[2018.11.01-00.44.26:154][ 52]LogModuleManager: Shutting down and abandoning module LightPropagationVolumeRuntime (252)
[2018.11.01-00.44.26:154][ 52]LogModuleManager: Shutting down and abandoning module AISupportModule (250)
[2018.11.01-00.44.26:155][ 52]LogModuleManager: Shutting down and abandoning module Paper2D (248)
[2018.11.01-00.44.26:156][ 52]LogModuleManager: Shutting down and abandoning module WindowsMoviePlayer (246)
[2018.11.01-00.44.26:156][ 52]LogModuleManager: Shutting down and abandoning module WmfMedia (244)
[2018.11.01-00.44.26:174][ 52]LogModuleManager: Shutting down and abandoning module Media (243)
[2018.11.01-00.44.26:181][ 52]LogModuleManager: Shutting down and abandoning module PacketHandler (240)
[2018.11.01-00.44.26:181][ 52]LogModuleManager: Shutting down and abandoning module ClothingSystemEditor (238)
[2018.11.01-00.44.26:182][ 52]LogModuleManager: Shutting down and abandoning module ClothingSystemRuntime (236)
[2018.11.01-00.44.26:233][ 52]LogModuleManager: Shutting down and abandoning module MediaAssets (234)
[2018.11.01-00.44.26:234][ 52]LogModuleManager: Shutting down and abandoning module Overlay (232)
[2018.11.01-00.44.26:234][ 52]LogModuleManager: Shutting down and abandoning module OverlayEditor (231)
[2018.11.01-00.44.26:234][ 52]LogModuleManager: Shutting down and abandoning module VREditor (228)
[2018.11.01-00.44.26:241][ 52]LogModuleManager: Shutting down and abandoning module StringTableEditor (226)
[2018.11.01-00.44.26:249][ 52]LogModuleManager: Shutting down and abandoning module GameplayTasksEditor (224)
[2018.11.01-00.44.26:249][ 52]LogModuleManager: Shutting down and abandoning module BehaviorTreeEditor (222)
[2018.11.01-00.44.26:257][ 52]LogModuleManager: Shutting down and abandoning module FunctionalTesting (220)
[2018.11.01-00.44.26:257][ 52]LogModuleManager: Shutting down and abandoning module CollisionAnalyzer (218)
[2018.11.01-00.44.26:257][ 52]LogModuleManager: Shutting down and abandoning module WorkspaceMenuStructure (217)
[2018.11.01-00.44.26:257][ 52]LogModuleManager: Shutting down and abandoning module UMG (214)
[2018.11.01-00.44.26:267][ 52]LogModuleManager: Shutting down and abandoning module UMGEditor (213)
[2018.11.01-00.44.26:285][ 52]LogModuleManager: Shutting down and abandoning module Sequencer (212)
[2018.11.01-00.44.26:300][ 52]LogModuleManager: Shutting down and abandoning module MessageLog (209)
[2018.11.01-00.44.26:301][ 52]LogModuleManager: Shutting down and abandoning module SlateReflector (204)
[2018.11.01-00.44.26:329][ 52]LogModuleManager: Shutting down and abandoning module Slate (202)
[2018.11.01-00.44.26:330][ 52]LogModuleManager: Shutting down and abandoning module EditorStyle (200)
[2018.11.01-00.44.26:331][ 52]LogModuleManager: Shutting down and abandoning module MRMesh (198)
[2018.11.01-00.44.26:331][ 52]LogModuleManager: Shutting down and abandoning module SourceCodeAccess (196)
[2018.11.01-00.44.26:331][ 52]LogModuleManager: Shutting down and abandoning module HeadMountedDisplay (194)
[2018.11.01-00.44.26:332][ 52]LogModuleManager: Shutting down and abandoning module XAudio2 (192)
[2018.11.01-00.44.26:332][ 52]LogModuleManager: Shutting down and abandoning module Networking (190)
[2018.11.01-00.44.26:332][ 52]LogModuleManager: Shutting down and abandoning module Core (188)
[2018.11.01-00.44.26:333][ 52]LogModuleManager: Shutting down and abandoning module LevelSequence (186)
[2018.11.01-00.44.26:333][ 52]LogModuleManager: Shutting down and abandoning module KismetCompiler (184)
[2018.11.01-00.44.26:333][ 52]LogModuleManager: Shutting down and abandoning module MeshUtilities (182)
[2018.11.01-00.44.26:340][ 52]LogModuleManager: Shutting down and abandoning module MeshMergeUtilities (181)
[2018.11.01-00.44.26:341][ 52]LogModuleManager: Shutting down and abandoning module MeshReductionInterface (180)
[2018.11.01-00.44.26:341][ 52]LogModuleManager: Shutting down and abandoning module SimplygonSwarm (179)
[2018.11.01-00.44.26:347][ 52]LogModuleManager: Shutting down and abandoning module ProxyLODMeshReduction (177)
[2018.11.01-00.44.26:376][ 52]LogModuleManager: Shutting down and abandoning module SimplygonMeshReduction (175)
[2018.11.01-00.44.26:376][ 52]LogModuleManager: Shutting down and abandoning module QuadricMeshReduction (173)
[2018.11.01-00.44.26:383][ 52]LogModuleManager: Shutting down and abandoning module MaterialBaking (169)
[2018.11.01-00.44.26:391][ 52]LogModuleManager: Shutting down and abandoning module DirectoryWatcher (165)
[2018.11.01-00.44.26:392][ 52]LogModuleManager: Shutting down and abandoning module DerivedDataCache (162)
[2018.11.01-00.44.26:580][ 52]LogDerivedDataCache: Shutdown
[2018.11.01-00.44.26:580][ 52]LogModuleManager: Shutting down and abandoning module XGEController (160)
[2018.11.01-00.44.26:580][ 52]LogXGEController: Cleaning working directory: C:/Users/redbr/AppData/Local/Temp/UnrealXGEWorkingDir/
[2018.11.01-00.44.26:581][ 52]LogModuleManager: Shutting down and abandoning module TargetPlatform (158)
[2018.11.01-00.44.26:581][ 52]LogModuleManager: Shutting down and abandoning module VulkanShaderFormat (157)
[2018.11.01-00.44.26:581][ 52]LogModuleManager: Shutting down and abandoning module ShaderFormatVectorVM (155)
[2018.11.01-00.44.26:582][ 52]LogModuleManager: Shutting down and abandoning module ShaderFormatOpenGL (153)
[2018.11.01-00.44.26:593][ 52]LogModuleManager: Shutting down and abandoning module ShaderFormatD3D (151)
[2018.11.01-00.44.26:593][ 52]LogModuleManager: Shutting down and abandoning module MetalShaderFormat (149)
[2018.11.01-00.44.26:600][ 52]LogModuleManager: Shutting down and abandoning module TextureFormatUncompressed (147)
[2018.11.01-00.44.26:600][ 52]LogModuleManager: Shutting down and abandoning module TextureFormatPVR (145)
[2018.11.01-00.44.26:600][ 52]LogModuleManager: Shutting down and abandoning module TextureFormatDXT (143)
[2018.11.01-00.44.26:600][ 52]LogModuleManager: Shutting down and abandoning module TextureFormatIntelISPCTexComp (141)
[2018.11.01-00.44.26:601][ 52]LogModuleManager: Shutting down and abandoning module TextureFormatASTC (139)
[2018.11.01-00.44.26:602][ 52]LogModuleManager: Shutting down and abandoning module ImageWrapper (138)
[2018.11.01-00.44.26:602][ 52]LogModuleManager: Shutting down and abandoning module TextureFormatAndroid (135)
[2018.11.01-00.44.26:602][ 52]LogModuleManager: Shutting down and abandoning module AudioFormatOpus (133)
[2018.11.01-00.44.26:602][ 52]LogModuleManager: Shutting down and abandoning module AudioFormatOgg (131)
[2018.11.01-00.44.26:602][ 52]LogModuleManager: Shutting down and abandoning module AudioFormatADPCM (129)
[2018.11.01-00.44.26:602][ 52]LogModuleManager: Shutting down and abandoning module LuminTargetPlatform (127)
[2018.11.01-00.44.26:603][ 52]LogModuleManager: Shutting down and abandoning module LinuxTargetPlatform (125)
[2018.11.01-00.44.26:603][ 52]LogModuleManager: Shutting down and abandoning module LinuxServerTargetPlatform (123)
[2018.11.01-00.44.26:603][ 52]LogModuleManager: Shutting down and abandoning module LinuxNoEditorTargetPlatform (121)
[2018.11.01-00.44.26:604][ 52]LogModuleManager: Shutting down and abandoning module LinuxClientTargetPlatform (119)
[2018.11.01-00.44.26:604][ 52]LogModuleManager: Shutting down and abandoning module TVOSTargetPlatform (117)
[2018.11.01-00.44.26:605][ 52]LogModuleManager: Shutting down and abandoning module Messaging (115)
[2018.11.01-00.44.26:605][ 52]LogModuleManager: Shutting down and abandoning module IOSTargetPlatform (113)
[2018.11.01-00.44.26:607][ 52]LogModuleManager: Shutting down and abandoning module HTML5TargetPlatform (111)
[2018.11.01-00.44.26:607][ 52]LogModuleManager: Shutting down and abandoning module AndroidTargetPlatform (109)
[2018.11.01-00.44.26:616][ 52]LogModuleManager: Shutting down and abandoning module WindowsTargetPlatform (107)
[2018.11.01-00.44.26:616][ 52]LogModuleManager: Shutting down and abandoning module WindowsServerTargetPlatform (105)
[2018.11.01-00.44.26:616][ 52]LogModuleManager: Shutting down and abandoning module WindowsNoEditorTargetPlatform (103)
[2018.11.01-00.44.26:616][ 52]LogModuleManager: Shutting down and abandoning module WindowsClientTargetPlatform (101)
[2018.11.01-00.44.26:616][ 52]LogModuleManager: Shutting down and abandoning module MacTargetPlatform (99)
[2018.11.01-00.44.26:617][ 52]LogModuleManager: Shutting down and abandoning module MacServerTargetPlatform (97)
[2018.11.01-00.44.26:617][ 52]LogModuleManager: Shutting down and abandoning module MacNoEditorTargetPlatform (95)
[2018.11.01-00.44.26:617][ 52]LogModuleManager: Shutting down and abandoning module MacClientTargetPlatform (93)
[2018.11.01-00.44.26:617][ 52]LogModuleManager: Shutting down and abandoning module AllDesktopTargetPlatform (91)
[2018.11.01-00.44.26:618][ 52]LogModuleManager: Shutting down and abandoning module InputCore (88)
[2018.11.01-00.44.26:618][ 52]LogModuleManager: Shutting down and abandoning module Settings (86)
[2018.11.01-00.44.26:618][ 52]LogModuleManager: Shutting down and abandoning module PhysXCooking (84)
[2018.11.01-00.44.26:618][ 52]LogModuleManager: Shutting down and abandoning module SteamVR (82)
[2018.11.01-00.44.26:619][ 52]LogModuleManager: Shutting down and abandoning module OculusHMD (80)
[2018.11.01-00.44.26:619][ 52]LogModuleManager: Shutting down and abandoning module ExampleDeviceProfileSelector (78)
[2018.11.01-00.44.26:619][ 52]LogModuleManager: Shutting down and abandoning module LauncherChunkInstaller (76)
[2018.11.01-00.44.26:619][ 52]LogModuleManager: Shutting down and abandoning module OnlineBlueprintSupport (74)
[2018.11.01-00.44.26:620][ 52]LogModuleManager: Shutting down and abandoning module OnlineSubsystem (70)
[2018.11.01-00.44.26:648][ 52]LogModuleManager: Shutting down and abandoning module XMPP (65)
[2018.11.01-00.44.26:654][ 52]LogModuleManager: Shutting down and abandoning module WebSockets (64)
[2018.11.01-00.44.26:677][ 52]LogModuleManager: Shutting down and abandoning module HTTP (61)
[2018.11.01-00.44.26:678][ 52]LogHttp: Display: Http module shutting down, but needs to wait on 1 outstanding Http requests:
[2018.11.01-00.44.26:679][ 52]LogHttp: Display: 	verb=[POST] url=[https://datarouter.ol.epicgames.com/datarouter/api/v1/public/data?SessionID=%7B4DA8731A-459B-A528-7859-5F8E65363FF0%7D&AppID=UEEditor.Rocket.Release&AppVersion=4.20.3-4369336%2B%2B%2BUE4%2BRelease-4.20&UserID=28c931fa4a2f9d1fe4117a9ae67b3e5d%7C01499eb9e38943208168cf85ff035fbf%7C3b83e5fc-3853-4ac9-9f93-221476b1a1c1&AppEnvironment=datacollector-binary&UploadType=eteventstream] status=Processing
[2018.11.01-00.44.26:705][ 52]LogModuleManager: Shutting down and abandoning module SSL (60)
[2018.11.01-00.44.26:706][ 52]LogModuleManager: Shutting down and abandoning module MagicLeapEmulator (56)
[2018.11.01-00.44.26:706][ 52]LogModuleManager: Shutting down and abandoning module MagicLeapPrivileges (54)
[2018.11.01-00.44.26:706][ 52]LogModuleManager: Shutting down and abandoning module MagicLeapIdentity (52)
[2018.11.01-00.44.26:706][ 52]LogModuleManager: Shutting down and abandoning module MagicLeapHelperVulkan (50)
[2018.11.01-00.44.26:707][ 52]LogModuleManager: Shutting down and abandoning module MagicLeapHelperOpenGL (48)
[2018.11.01-00.44.26:707][ 52]LogModuleManager: Shutting down and abandoning module MagicLeapSecureStorage (46)
[2018.11.01-00.44.26:708][ 52]LogModuleManager: Shutting down and abandoning module MagicLeapGestures (44)
[2018.11.01-00.44.26:708][ 52]LogModuleManager: Shutting down and abandoning module MagicLeapEyeTracker (42)
[2018.11.01-00.44.26:708][ 52]LogModuleManager: Shutting down and abandoning module MagicLeapController (40)
[2018.11.01-00.44.26:709][ 52]LogSlate: Slate User Destroyed.  User Index 0, Is Virtual User: 0
[2018.11.01-00.44.26:709][ 52]LogModuleManager: Shutting down and abandoning module MagicLeap (38)
[2018.11.01-00.44.26:709][ 52]LogModuleManager: Shutting down and abandoning module AnimationModifiers (36)
[2018.11.01-00.44.26:719][ 52]LogModuleManager: Shutting down and abandoning module PropertyEditor (35)
[2018.11.01-00.44.26:726][ 52]LogModuleManager: Shutting down and abandoning module AudioEditor (32)
[2018.11.01-00.44.26:730][ 52]LogModuleManager: Shutting down and abandoning module TextureCompressor (30)
[2018.11.01-00.44.26:732][ 52]LogModuleManager: Shutting down and abandoning module ShaderCore (28)
[2018.11.01-00.44.26:732][ 52]LogModuleManager: Shutting down and abandoning module Landscape (26)
[2018.11.01-00.44.26:732][ 52]LogModuleManager: Shutting down and abandoning module SlateRHIRenderer (24)
[2018.11.01-00.44.26:743][ 52]LogModuleManager: Shutting down and abandoning module OpenGLDrv (22)
[2018.11.01-00.44.26:752][ 52]LogModuleManager: Shutting down and abandoning module D3D11RHI (20)
[2018.11.01-00.44.26:753][ 52]LogModuleManager: Shutting down and abandoning module AnimGraphRuntime (18)
[2018.11.01-00.44.26:753][ 52]LogModuleManager: Shutting down and abandoning module Renderer (16)
[2018.11.01-00.44.26:753][ 52]LogModuleManager: Shutting down and abandoning module Engine (14)
[2018.11.01-00.44.26:754][ 52]LogModuleManager: Shutting down and abandoning module CoreUObject (12)
[2018.11.01-00.44.26:754][ 52]LogModuleManager: Shutting down and abandoning module NetworkFile (10)
[2018.11.01-00.44.26:754][ 52]LogModuleManager: Shutting down and abandoning module CookedIterativeFile (8)
[2018.11.01-00.44.26:754][ 52]LogModuleManager: Shutting down and abandoning module StreamingFile (6)
[2018.11.01-00.44.26:754][ 52]LogModuleManager: Shutting down and abandoning module SandboxFile (4)
[2018.11.01-00.44.26:755][ 52]LogModuleManager: Shutting down and abandoning module PakFile (2)
[2018.11.01-00.44.26:782][ 52]LogExit: Exiting.
[2018.11.01-00.44.26:794][ 52]Log file closed, 11/01/18 09:44:26
