Log file open, 10/31/18 15:38:58
LogWindows: Failed to load 'aqProf.dll' (GetLastError=126)
LogWindows: File 'aqProf.dll' does not exist
LogWindows: Failed to load 'VSPerf140.dll' (GetLastError=126)
LogWindows: File 'VSPerf140.dll' does not exist
LogWindows: Failed to load 'VtuneApi.dll' (GetLastError=126)
LogWindows: File 'VtuneApi.dll' does not exist
LogWindows: Failed to load 'VtuneApi32e.dll' (GetLastError=126)
LogWindows: File 'VtuneApi32e.dll' does not exist
LogInit: Display: Running engine for game: CoopGame
LogPlatformFile: Not using cached read wrapper
LogTaskGraph: Started task graph with 5 named threads and 14 total threads with 3 sets of task threads.
LogStats: Stats thread started at 0.314760
LogD3D11RHI: Loaded GFSDK_Aftermath_Lib.x64.dll
LogICUInternationalization: Display: ICU TimeZone Detection - Raw Offset: +9:00, Platform Override: ''
LogPluginManager: Mounting plugin Paper2D
LogPluginManager: Mounting plugin AISupport
LogPluginManager: Mounting plugin LightPropagationVolume
LogPluginManager: Mounting plugin CLionSourceCodeAccess
LogPluginManager: Mounting plugin CodeLiteSourceCodeAccess
LogPluginManager: Mounting plugin GitSourceControl
LogPluginManager: Mounting plugin KDevelopSourceCodeAccess
LogPluginManager: Mounting plugin NullSourceCodeAccess
LogPluginManager: Mounting plugin PerforceSourceControl
LogPluginManager: Mounting plugin SubversionSourceControl
LogPluginManager: Mounting plugin UObjectPlugin
LogPluginManager: Mounting plugin VisualStudioCodeSourceCodeAccess
LogPluginManager: Mounting plugin VisualStudioSourceCodeAccess
LogPluginManager: Mounting plugin XCodeSourceCodeAccess
LogPluginManager: Mounting plugin AssetManagerEditor
LogPluginManager: Mounting plugin CryptoKeys
LogPluginManager: Mounting plugin DataValidation
LogPluginManager: Mounting plugin FacialAnimation
LogPluginManager: Mounting plugin GameplayTagsEditor
LogPluginManager: Mounting plugin MacGraphicsSwitching
LogPluginManager: Mounting plugin MeshEditor
LogPluginManager: Mounting plugin MobileLauncherProfileWizard
LogPluginManager: Mounting plugin PluginBrowser
LogPluginManager: Mounting plugin SpeedTreeImporter
LogPluginManager: Mounting plugin DatasmithContent
LogPluginManager: Mounting plugin AlembicImporter
LogPluginManager: Mounting plugin AppleImageUtils
LogPluginManager: Mounting plugin AppleVision
LogPluginManager: Mounting plugin BackChannel
LogPluginManager: Mounting plugin CharacterAI
LogPluginManager: Mounting plugin GeometryCache
LogPluginManager: Mounting plugin HTML5Networking
LogPluginManager: Mounting plugin ProxyLODPlugin
LogPluginManager: Mounting plugin MagicLeap
LogPluginManager: Mounting plugin MagicLeapEmulator
LogPluginManager: Mounting plugin MagicLeapMedia
LogPluginManager: Mounting plugin AndroidMedia
LogPluginManager: Mounting plugin AvfMedia
LogPluginManager: Mounting plugin ImgMedia
LogPluginManager: Mounting plugin LinearTimecode
LogPluginManager: Mounting plugin MediaCompositing
LogPluginManager: Mounting plugin MediaPlayerEditor
LogPluginManager: Mounting plugin WmfMedia
LogPluginManager: Mounting plugin TcpMessaging
LogPluginManager: Mounting plugin UdpMessaging
LogPluginManager: Mounting plugin ActorSequence
LogPluginManager: Mounting plugin LevelSequenceEditor
LogPluginManager: Mounting plugin MatineeToLevelSequence
LogPluginManager: Mounting plugin NetcodeUnitTest
LogPluginManager: Mounting plugin NUTUnrealEngine4
LogPluginManager: Mounting plugin OnlineSubsystemGooglePlay
LogPluginManager: Mounting plugin OnlineSubsystemIOS
LogPluginManager: Mounting plugin OnlineSubsystem
LogPluginManager: Mounting plugin OnlineSubsystemNull
LogPluginManager: Mounting plugin OnlineSubsystemUtils
LogPluginManager: Mounting plugin LauncherChunkInstaller
LogPluginManager: Mounting plugin AndroidDeviceProfileSelector
LogPluginManager: Mounting plugin AndroidMoviePlayer
LogPluginManager: Mounting plugin AndroidPermission
LogPluginManager: Mounting plugin AppleMoviePlayer
LogPluginManager: Mounting plugin ArchVisCharacter
LogPluginManager: Mounting plugin AudioCapture
LogPluginManager: Mounting plugin CableComponent
LogPluginManager: Mounting plugin CustomMeshComponent
LogPluginManager: Mounting plugin EditableMesh
LogPluginManager: Mounting plugin ExampleDeviceProfileSelector
LogPluginManager: Mounting plugin GoogleCloudMessaging
LogPluginManager: Mounting plugin ImmediatePhysics
LogPluginManager: Mounting plugin IOSDeviceProfileSelector
LogPluginManager: Mounting plugin LinuxDeviceProfileSelector
LogPluginManager: Mounting plugin LocationServicesBPLibrary
LogPluginManager: Mounting plugin MobilePatchingUtils
LogPluginManager: Mounting plugin OculusVR
LogPluginManager: Plugin shader directory ../../../Engine/Plugins/Runtime/Oculus/OculusVR/Shaders found
LogPluginManager: Mapping shader source directory ../../../Engine/Plugins/Runtime/Oculus/OculusVR/Shaders to virtual directory /Plugin/OculusVR
LogPluginManager: Mounting plugin PhysXVehicles
LogPluginManager: Mounting plugin ProceduralMeshComponent
LogPluginManager: Mounting plugin RuntimePhysXCooking
LogPluginManager: Mounting plugin SteamVR
LogPluginManager: Mounting plugin WindowsMoviePlayer
LogStreaming: Display: Took  0.137s to configure plugins.
LogInit: Using libcurl 7.55.1-DEV
LogInit:  - built for x86_64-pc-win32
LogInit:  - supports SSL with OpenSSL/1.0.2h
LogInit:  - supports HTTP deflate (compression) using libz 1.2.8
LogInit:  - other features:
LogInit:      CURL_VERSION_SSL
LogInit:      CURL_VERSION_LIBZ
LogInit:      CURL_VERSION_IPV6
LogInit:      CURL_VERSION_ASYNCHDNS
LogInit:      CURL_VERSION_LARGEFILE
LogInit:      CURL_VERSION_IDN
LogInit:  CurlRequestOptions (configurable via config and command line):
LogInit:  - bVerifyPeer = false  - Libcurl will NOT verify peer certificate
LogInit:  - bUseHttpProxy = false  - Libcurl will NOT use HTTP proxy
LogInit:  - bDontReuseConnections = false  - Libcurl will reuse connections
LogInit:  - CertBundlePath = nullptr  - Libcurl will use whatever was configured at build time.
LogInit:  - MaxHostConnections = 16  - Libcurl will limit the number of connections to a host
LogInit:  - LocalHostAddr = Default
LogInit:  - BufferSize = 65536
LogInit: WinSock: version 1.1 (2.2), MaxSocks=32767, MaxUdp=65467
LogInit: Build: ++UE4+Release-4.20-CL-4369336
LogInit: Engine Version: 4.20.3-4369336+++UE4+Release-4.20
LogInit: Compatible Engine Version: 4.20.0-4212847+++UE4+Release-4.20
LogInit: Net CL: 4212847
LogInit: OS: Windows 10 (), CPU:         Intel(R) Core(TM) i5-3570 CPU @ 3.40GHz, GPU: NVIDIA GeForce GTX 650
LogInit: Compiled (64-bit): Sep 17 2018 12:26:19
LogInit: Compiled with Visual C++: 19.13.26129.00
LogInit: Build Configuration: Development
LogInit: Branch Name: ++UE4+Release-4.20
LogInit: Command Line:  -skipcompile
LogInit: Base Directory: E:/Program Files (x86)/Epic Games/UE_4.20/Engine/Binaries/Win64/
LogInit: Installed Engine Build: 1
LogDevObjectVersion: Number of dev versions registered: 20
LogDevObjectVersion:   Dev-Blueprints (B0D832E4-1F89-4F0D-ACCF-7EB736FD4AA2): 10
LogDevObjectVersion:   Dev-Build (E1C64328-A22C-4D53-A36C-8E866417BD8C): 0
LogDevObjectVersion:   Dev-Core (375EC13C-06E4-48FB-B500-84F0262A717E): 2
LogDevObjectVersion:   Dev-Editor (E4B068ED-F494-42E9-A231-DA0B2E46BB41): 24
LogDevObjectVersion:   Dev-Framework (CFFC743F-43B0-4480-9391-14DF171D2073): 34
LogDevObjectVersion:   Dev-Mobile (B02B49B5-BB20-44E9-A304-32B752E40360): 2
LogDevObjectVersion:   Dev-Networking (A4E4105C-59A1-49B5-A7C5-40C4547EDFEE): 0
LogDevObjectVersion:   Dev-Online (39C831C9-5AE6-47DC-9A44-9C173E1C8E7C): 0
LogDevObjectVersion:   Dev-Physics (78F01B33-EBEA-4F98-B9B4-84EACCB95AA2): 0
LogDevObjectVersion:   Dev-Platform (6631380F-2D4D-43E0-8009-CF276956A95A): 0
LogDevObjectVersion:   Dev-Rendering (12F88B9F-8875-4AFC-A67C-D90C383ABD29): 26
LogDevObjectVersion:   Dev-Sequencer (7B5AE74C-D270-4C10-A958-57980B212A5A): 9
LogDevObjectVersion:   Dev-VR (D7296918-1DD6-4BDD-9DE2-64A83CC13884): 2
LogDevObjectVersion:   Dev-LoadTimes (C2A15278-BFE7-4AFE-6C17-90FF531DF755): 1
LogDevObjectVersion:   Private-Geometry (6EACA3D4-40EC-4CC1-B786-8BED09428FC5): 3
LogDevObjectVersion:   Dev-AnimPhys (29E575DD-E0A3-4627-9D10-D276232CDCEA): 17
LogDevObjectVersion:   Dev-ReflectionCapture (6B266CEC-1EC7-4B8F-A30B-E4D90942FC07): 1
LogDevObjectVersion:   Dev-Automation (0DF73D61-A23F-47EA-B727-89E90C41499A): 1
LogDevObjectVersion:   FortniteMain (601D1886-AC64-4F84-AA16-D3DE0DEAC7D6): 12
LogDevObjectVersion:   Dev-Enterprise (9DFFBCD6-494F-0158-E221-12823C92A888): 1
LogStreaming: Display: Took  0.002s to delete old logs.
LogInit: Presizing for max 8388607 objects, including 0 objects not considered by GC, pre-allocating 0 bytes for permanent pool.
LogInit: Object subsystem initialized
[2018.10.31-06.38.59:398][  0]LogInit: Selected Device Profile: [Windows]
[2018.10.31-06.38.59:398][  0]LogInit: Applying CVar settings loaded from the selected device profile: [Windows]
[2018.10.31-06.38.59:414][  0]LogHAL: Display: Platform has ~ 16 GB [17123405824 / 17179869184 / 16], which maps to Larger [LargestMinGB=32, LargerMinGB=12, DefaultMinGB=8, SmallerMinGB=6, SmallestMinGB=0)
[2018.10.31-06.38.59:414][  0]LogInit: Setting Device Profile CVar: [[r.Vulkan.UseRealUBs:1]]
[2018.10.31-06.38.59:414][  0]LogInit: Going up to parent DeviceProfile []
[2018.10.31-06.38.59:414][  0]LogInit: Computer: DESKTOP-G7BSB63
[2018.10.31-06.38.59:414][  0]LogInit: User: redbr
[2018.10.31-06.38.59:414][  0]LogInit: CPU Page size=4096, Cores=4
[2018.10.31-06.38.59:414][  0]LogInit: High frequency timer resolution =3.312793 MHz
[2018.10.31-06.38.59:415][  0]LogMemory: Memory total: Physical=15.9GB (16GB approx)
[2018.10.31-06.38.59:415][  0]LogMemory: Platform Memory Stats for Windows
[2018.10.31-06.38.59:415][  0]LogMemory: Process Physical Memory: 101.37 MB used, 101.37 MB peak
[2018.10.31-06.38.59:415][  0]LogMemory: Process Virtual Memory: 84.32 MB used, 84.32 MB peak
[2018.10.31-06.38.59:415][  0]LogMemory: Physical Memory: 6583.33 MB used,  9746.82 MB free, 16330.15 MB total
[2018.10.31-06.38.59:415][  0]LogMemory: Virtual Memory: 4625.11 MB used,  9746.82 MB free, 134217728.00 MB total
[2018.10.31-06.38.59:546][  0]LogInit: Using OS detected language (ko-KR).
[2018.10.31-06.38.59:546][  0]LogInit: Using OS detected locale (ko-KR).
[2018.10.31-06.38.59:547][  0]LogTextLocalizationManager: No specific localization for 'ko-KR' exists, so the 'ko' localization will be used.
[2018.10.31-06.38.59:962][  0]LogStreaming: Display: Took  0.416s to InitEngineTextLocalization.
[2018.10.31-06.38.59:963][  0]LogInit: Setting process to per monitor DPI aware
[2018.10.31-06.39.00:089][  0]LogSlate: New Slate User Created.  User Index 0, Is Virtual User: 0
[2018.10.31-06.39.00:089][  0]LogSlate: Slate User Registered.  User Index 0, Is Virtual User: 0
[2018.10.31-06.39.00:676][  0]LogHMD: Failed to initialize OpenVR with code 110
[2018.10.31-06.39.00:676][  0]LogD3D11RHI: D3D11 adapters:
[2018.10.31-06.39.00:759][  0]LogD3D11RHI:    0. 'NVIDIA GeForce GTX 650' (Feature Level 11_0)
[2018.10.31-06.39.00:759][  0]LogD3D11RHI:       995/0/8165 MB DedicatedVideo/DedicatedSystem/SharedSystem, Outputs:2, VendorId:0x10de
[2018.10.31-06.39.00:766][  0]LogD3D11RHI:    1. 'Microsoft Basic Render Driver' (Feature Level 11_0)
[2018.10.31-06.39.00:766][  0]LogD3D11RHI:       0/0/8165 MB DedicatedVideo/DedicatedSystem/SharedSystem, Outputs:0, VendorId:0x1414
[2018.10.31-06.39.00:766][  0]LogD3D11RHI: Chosen D3D11 Adapter: 0
[2018.10.31-06.39.00:773][  0]LogD3D11RHI: Creating new Direct3DDevice
[2018.10.31-06.39.00:774][  0]LogD3D11RHI:     GPU DeviceId: 0xfc6 (for the marketing name, search the web for "GPU Device Id")
[2018.10.31-06.39.00:775][  0]LogWindows: EnumDisplayDevices:
[2018.10.31-06.39.00:776][  0]LogWindows:    0. 'NVIDIA GeForce GTX 650' (P:1 D:1)
[2018.10.31-06.39.00:776][  0]LogWindows:    1. 'NVIDIA GeForce GTX 650' (P:0 D:1)
[2018.10.31-06.39.00:777][  0]LogWindows:    2. 'NVIDIA GeForce GTX 650' (P:0 D:0)
[2018.10.31-06.39.00:777][  0]LogWindows: DebugString: FoundDriverCount:3 
[2018.10.31-06.39.00:777][  0]LogD3D11RHI:     Adapter Name: NVIDIA GeForce GTX 650
[2018.10.31-06.39.00:777][  0]LogD3D11RHI:   Driver Version: 388.13 (internal:23.21.13.8813, unified:388.13)
[2018.10.31-06.39.00:777][  0]LogD3D11RHI:      Driver Date: 10-27-2017
[2018.10.31-06.39.00:777][  0]LogRHI: Texture pool is 696 MB (70% of 995 MB)
[2018.10.31-06.39.00:821][  0]LogD3D11RHI: Async texture creation enabled
[2018.10.31-06.39.00:833][  0]LogD3D11RHI: GPU Timing Frequency: 1000.000000 (Debug: 2 1)
[2018.10.31-06.39.00:883][  0]LogShaderCompilers: Guid format shader working directory is 4 characters bigger than the processId version (../../../../../../Unreal Projects/CoopGame/Intermediate/Shaders/WorkingDirectory/5596/).
[2018.10.31-06.39.00:884][  0]LogShaderCompilers: Cleaned the shader compiler working directory 'C:/Users/redbr/AppData/Local/Temp/UnrealShaderWorkingDir/8C5B96A9437452FE4B0549B2F294DD3D/'.
[2018.10.31-06.39.01:179][  0]LogTemp: Display: Loaded TP AllDesktopTargetPlatform
[2018.10.31-06.39.01:196][  0]LogTemp: Display: Loaded TP MacClientTargetPlatform
[2018.10.31-06.39.01:213][  0]LogTemp: Display: Loaded TP MacNoEditorTargetPlatform
[2018.10.31-06.39.01:231][  0]LogTemp: Display: Loaded TP MacServerTargetPlatform
[2018.10.31-06.39.01:252][  0]LogTemp: Display: Loaded TP MacTargetPlatform
[2018.10.31-06.39.01:271][  0]LogTemp: Display: Loaded TP WindowsClientTargetPlatform
[2018.10.31-06.39.01:287][  0]LogTemp: Display: Loaded TP WindowsNoEditorTargetPlatform
[2018.10.31-06.39.01:304][  0]LogTemp: Display: Loaded TP WindowsServerTargetPlatform
[2018.10.31-06.39.01:312][  0]LogTemp: Display: Loaded TP WindowsTargetPlatform
[2018.10.31-06.39.01:401][  0]LogTemp: Display: Loaded TP AndroidTargetPlatform
[2018.10.31-06.39.01:401][  0]LogTemp: Display: Loaded TP AndroidTargetPlatform
[2018.10.31-06.39.01:401][  0]LogTemp: Display: Loaded TP AndroidTargetPlatform
[2018.10.31-06.39.01:401][  0]LogTemp: Display: Loaded TP AndroidTargetPlatform
[2018.10.31-06.39.01:401][  0]LogTemp: Display: Loaded TP AndroidTargetPlatform
[2018.10.31-06.39.01:401][  0]LogTemp: Display: Loaded TP AndroidTargetPlatform
[2018.10.31-06.39.01:401][  0]LogTemp: Display: Loaded TP AndroidTargetPlatform
[2018.10.31-06.39.01:401][  0]LogTemp: Display: Loaded TP AndroidTargetPlatform
[2018.10.31-06.39.01:401][  0]LogTemp: Display: Loaded TP AndroidTargetPlatform
[2018.10.31-06.39.01:402][  0]LogTemp: Display: Loaded TP AndroidTargetPlatform
[2018.10.31-06.39.01:402][  0]LogTemp: Display: Loaded TP AndroidTargetPlatform
[2018.10.31-06.39.01:402][  0]LogTemp: Display: Loaded TP AndroidTargetPlatform
[2018.10.31-06.39.01:402][  0]LogTemp: Display: Loaded TP AndroidTargetPlatform
[2018.10.31-06.39.01:402][  0]LogTemp: Display: Loaded TP AndroidTargetPlatform
[2018.10.31-06.39.01:402][  0]LogTemp: Display: Loaded TP AndroidTargetPlatform
[2018.10.31-06.39.01:402][  0]LogTemp: Display: Loaded TP AndroidTargetPlatform
[2018.10.31-06.39.01:402][  0]LogTemp: Display: Loaded TP AndroidTargetPlatform
[2018.10.31-06.39.01:402][  0]LogTemp: Display: Loaded TP AndroidTargetPlatform
[2018.10.31-06.39.01:407][  0]LogTemp: Display: Loaded TP HTML5TargetPlatform
[2018.10.31-06.39.01:486][  0]LogTemp: Display: Loaded TP IOSTargetPlatform
[2018.10.31-06.39.01:486][  0]LogTemp: Display: Loaded TP IOSTargetPlatform
[2018.10.31-06.39.01:515][  0]LogTemp: Display: Loaded TP TVOSTargetPlatform
[2018.10.31-06.39.01:516][  0]LogTemp: Display: Loaded TP TVOSTargetPlatform
[2018.10.31-06.39.01:533][  0]LogTemp: Display: Loaded TP LinuxClientTargetPlatform
[2018.10.31-06.39.01:552][  0]LogTemp: Display: Loaded TP LinuxNoEditorTargetPlatform
[2018.10.31-06.39.01:571][  0]LogTemp: Display: Loaded TP LinuxServerTargetPlatform
[2018.10.31-06.39.01:601][  0]LogTemp: Display: Loaded TP LinuxTargetPlatform
[2018.10.31-06.39.01:615][  0]LogTemp: Display: Loaded TP LuminTargetPlatform
[2018.10.31-06.39.01:615][  0]LogTargetPlatformManager: Display: Building Assets For Windows
[2018.10.31-06.39.01:756][  0]LogXGEController: Cleaning working directory: C:/Users/redbr/AppData/Local/Temp/UnrealXGEWorkingDir/
[2018.10.31-06.39.01:756][  0]LogXGEController: Cannot use XGE Controller as Incredibuild is not installed on this machine.
[2018.10.31-06.39.01:756][  0]LogShaderCompilers: Cannot use XGE Shader Compiler as Incredibuild is not installed on this machine.
[2018.10.31-06.39.01:756][  0]LogShaderCompilers: Display: Using Local Shader Compiler.
[2018.10.31-06.39.02:628][  0]LogDerivedDataCache: Display: Max Cache Size: 512 MB
[2018.10.31-06.39.02:691][  0]LogDerivedDataCache: Loaded boot cache 0.06s 71MB C:/Users/redbr/AppData/Local/UnrealEngine/4.20/DerivedDataCache/Boot.ddc.
[2018.10.31-06.39.02:691][  0]LogDerivedDataCache: Display: Loaded Boot cache: C:/Users/redbr/AppData/Local/UnrealEngine/4.20/DerivedDataCache/Boot.ddc
[2018.10.31-06.39.02:691][  0]LogDerivedDataCache: FDerivedDataBackendGraph:  Pak pak cache file ../../../../../../Unreal Projects/CoopGame/DerivedDataCache/DDC.ddp not found, will not use a pak cache.
[2018.10.31-06.39.02:691][  0]LogDerivedDataCache: Unable to find inner node Pak for hierarchical cache Hierarchy.
[2018.10.31-06.39.02:691][  0]LogDerivedDataCache: FDerivedDataBackendGraph:  CompressedPak pak cache file ../../../../../../Unreal Projects/CoopGame/DerivedDataCache/Compressed.ddp not found, will not use a pak cache.
[2018.10.31-06.39.02:691][  0]LogDerivedDataCache: Unable to find inner node CompressedPak for hierarchical cache Hierarchy.
[2018.10.31-06.39.02:706][  0]LogDerivedDataCache: Display: Pak cache opened for reading ../../../Engine/DerivedDataCache/Compressed.ddp.
[2018.10.31-06.39.02:719][  0]LogDerivedDataCache: Using Local data cache path C:/Users/redbr/AppData/Local/UnrealEngine/Common/DerivedDataCache: Writable
[2018.10.31-06.39.02:719][  0]LogDerivedDataCache: Shared data cache path not found in *engine.ini, will not use an Shared cache.
[2018.10.31-06.39.02:719][  0]LogDerivedDataCache: Unable to find inner node Shared for hierarchical cache Hierarchy.
[2018.10.31-06.39.02:739][  0]LogMaterial: Verifying Global Shaders for PCD3D_SM5
[2018.10.31-06.39.02:741][  0]LogSlate: Using FreeType 2.6.0
[2018.10.31-06.39.02:743][  0]LogSlate: SlateFontServices - WITH_FREETYPE: 1, WITH_HARFBUZZ: 1
[2018.10.31-06.39.02:903][  0]LogAssetRegistry: FAssetRegistry took 0.0300 seconds to start up
[2018.10.31-06.39.03:280][  0]LogInit: Selected Device Profile: [Windows]
[2018.10.31-06.39.03:444][  0]LogSimplygon: Simplygon DLL not present - disabling.
[2018.10.31-06.39.03:455][  0]LogMeshReduction: Using SimplygonSwarm for distributed automatic mesh merging
[2018.10.31-06.39.03:457][  0]LogMeshReduction: Using ProxyLODMeshReduction for automatic mesh merging
[2018.10.31-06.39.03:457][  0]LogMeshReduction: Using QuadricMeshReduction for automatic static mesh reduction
[2018.10.31-06.39.03:457][  0]LogMeshReduction: No automatic skeletal mesh reduction module available
[2018.10.31-06.39.03:479][  0]LogNetVersion: CoopGame 1.0.0, NetCL: 4212847, EngineNetVer: 5, GameNetVer: 0 (Checksum: 3143999938)
[2018.10.31-06.39.04:057][  0]LogPackageLocalizationCache: Processed 11 localized package path(s) for 2 prioritized culture(s) in 0.143553 seconds
[2018.10.31-06.39.04:064][  0]LogUObjectArray: 38425 objects as part of root set at end of initial load.
[2018.10.31-06.39.04:064][  0]LogUObjectAllocator: 6690864 out of 0 bytes used by permanent object pool.
[2018.10.31-06.39.04:064][  0]LogUObjectArray: CloseDisregardForGC: 0/0 objects in disregard for GC pool
[2018.10.31-06.39.05:998][  0]LogTcpMessaging: Initializing TcpMessaging bridge
[2018.10.31-06.39.06:016][  0]LogUdpMessaging: Initializing bridge on interface 0.0.0.0:0 to multicast group 230.0.0.1:6666.
[2018.10.31-06.39.06:247][  0]SourceControl: 소스 컨트롤이 꺼졌습니다.
[2018.10.31-06.39.06:247][  0]SourceControl: 소스 컨트롤이 꺼졌습니다.
[2018.10.31-06.39.06:251][  0]SourceControl: 소스 컨트롤이 꺼졌습니다.
[2018.10.31-06.39.06:257][  0]SourceControl: 소스 컨트롤이 꺼졌습니다.
[2018.10.31-06.39.06:606][  0]LogAndroidPermission: UAndroidPermissionCallbackProxy::GetInstance
[2018.10.31-06.39.06:726][  0]LogOcInput: OculusInput pre-init called
[2018.10.31-06.39.06:816][  0]LogEngine: Initializing Engine...
[2018.10.31-06.39.06:817][  0]LogHMD: Failed to initialize OpenVR with code 110
[2018.10.31-06.39.06:819][  0]LogStats: UGameplayTagsManager::ConstructGameplayTagTree: ImportINI prefixes -  0.000 s
[2018.10.31-06.39.06:821][  0]LogStats: UGameplayTagsManager::ConstructGameplayTagTree: Construct from data asset -  0.000 s
[2018.10.31-06.39.06:822][  0]LogStats: UGameplayTagsManager::ConstructGameplayTagTree: ImportINI -  0.000 s
[2018.10.31-06.39.06:822][  0]LogStats: UGameplayTagsManager::ConstructGameplayTagTree: GameplayTagTreeChangedEvent.Broadcast -  0.000 s
[2018.10.31-06.39.07:038][  0]LogInit: Initializing FReadOnlyCVARCache
[2018.10.31-06.39.07:052][  0]LogAIModule: Creating AISystem for world Untitled
[2018.10.31-06.39.07:073][  0]LogInit: XAudio2 using 'LG ULTRAWIDE-0(NVIDIA High Definition Audio)' : 2 channels at 48 kHz using 16 bits per sample (channel mask 0x3)
[2018.10.31-06.39.07:104][  0]LogInit: FAudioDevice initialized.
[2018.10.31-06.39.07:104][  0]LogNetVersion: Set ProjectVersion to 1.0.0.0. Version Checksum will be recalculated on next use.
[2018.10.31-06.39.07:233][  0]LogDerivedDataCache: Saved boot cache 0.13s 71MB C:/Users/redbr/AppData/Local/UnrealEngine/4.20/DerivedDataCache/Boot.ddc.
[2018.10.31-06.39.07:244][  0]LogInit: Texture streaming: Enabled
[2018.10.31-06.39.07:270][  0]LogEngineSessionManager: EngineSessionManager initialized
[2018.10.31-06.39.07:282][  0]LogInit: Transaction tracking system initialized
[2018.10.31-06.39.07:323][  0]BlueprintLog: New page: 에디터 로드
[2018.10.31-06.39.07:480][  0]LocalizationService: 현지화 서비스가 비활성화되었습니다.
[2018.10.31-06.39.07:795][  0]LogCook: Display: Max memory allowance for cook 16384mb min free memory 0mb
[2018.10.31-06.39.07:795][  0]LogCook: Display: Mobile HDR setting 1
[2018.10.31-06.39.07:795][  0]LogGameplayTags: Display: UGameplayTagsManager::DoneAddingNativeTags. DelegateIsBound: 0
[2018.10.31-06.39.07:796][  0]LogStats: UGameplayTagsManager::ConstructGameplayTagTree: ImportINI prefixes -  0.000 s
[2018.10.31-06.39.07:796][  0]LogStats: UGameplayTagsManager::ConstructGameplayTagTree: Construct from data asset -  0.000 s
[2018.10.31-06.39.07:796][  0]LogStats: UGameplayTagsManager::ConstructGameplayTagTree: ImportINI -  0.000 s
[2018.10.31-06.39.07:796][  0]LogStats: UGameplayTagsManager::ConstructGameplayTagTree: GameplayTagTreeChangedEvent.Broadcast -  0.000 s
[2018.10.31-06.39.08:051][  0]LogFileCache: Scanning file cache for directory 'E:/Unreal Projects/CoopGame/Content/' took 0.02s
[2018.10.31-06.39.08:052][  0]SourceControl: 소스 컨트롤이 꺼졌습니다.
[2018.10.31-06.39.08:052][  0]Cmd: MAP LOAD FILE="../../../../../../Unreal Projects/CoopGame/Content/Maps/P_TestMap.umap" TEMPLATE=0 SHOWPROGRESS=1 FEATURELEVEL=3
[2018.10.31-06.39.08:052][  0]LightingResults: New page: 라이팅 빌드
[2018.10.31-06.39.08:055][  0]MapCheck: New page: 맵 체크
[2018.10.31-06.39.08:055][  0]LightingResults: New page: 라이팅 빌드
[2018.10.31-06.39.08:643][  0]LogAIModule: Creating AISystem for world P_TestMap
[2018.10.31-06.39.08:657][  0]LogEditorServer: Finished looking for orphan Actors (0.000 secs)
[2018.10.31-06.39.08:681][  0]Cmd: MAP CHECKDEP NOCLEARLOG
[2018.10.31-06.39.08:749][  0]MapCheck: 맵 체크 완료: 오류 0 회, 경고 0 회, 소요 시간 67.632ms.
[2018.10.31-06.39.08:749][  0]LogFileHelpers: Loading map 'P_TestMap' took 0.698
[2018.10.31-06.39.08:879][  0]LogSlate: Updating window title bar state: overlay mode, drag disabled, window buttons hidden, title bar hidden
[2018.10.31-06.39.08:888][  0]LogSlate: Updating window title bar state: overlay mode, drag disabled, window buttons hidden, title bar hidden
[2018.10.31-06.39.08:897][  0]LogSlate: Updating window title bar state: overlay mode, drag disabled, window buttons hidden, title bar hidden
[2018.10.31-06.39.08:905][  0]LogSlate: Updating window title bar state: overlay mode, drag disabled, window buttons hidden, title bar hidden
[2018.10.31-06.39.08:913][  0]LogCollectionManager: Loaded 0 collections in 0.001079 seconds
[2018.10.31-06.39.08:961][  0]LogFileCache: Scanning file cache for directory 'E:/Unreal Projects/CoopGame/Saved/Collections/' took 0.01s
[2018.10.31-06.39.08:962][  0]LogFileCache: Scanning file cache for directory 'E:/Unreal Projects/CoopGame/Content/Developers/redbr/Collections/' took 0.01s
[2018.10.31-06.39.08:962][  0]LogFileCache: Scanning file cache for directory 'E:/Unreal Projects/CoopGame/Content/Collections/' took 0.01s
[2018.10.31-06.39.08:962][  0]LogCollectionManager: Rebuilt the GUID cache for 0 collections in 0.000001 seconds
[2018.10.31-06.39.08:973][  0]LogContentBrowser: Native class hierarchy populated in 0.0106 seconds. Added 2575 classes and 606 folders.
[2018.10.31-06.39.08:979][  0]LogContentBrowser: Native class hierarchy updated for 'WidgetCarousel' in 0.0004 seconds. Added 0 classes and 0 folders.
[2018.10.31-06.39.09:072][  0]LogContentBrowser: Native class hierarchy updated for 'AddContentDialog' in 0.0004 seconds. Added 0 classes and 0 folders.
[2018.10.31-06.39.09:081][  0]LogContentBrowser: Native class hierarchy updated for 'SceneOutliner' in 0.0005 seconds. Added 1 classes and 2 folders.
[2018.10.31-06.39.09:162][  0]LogSlate: Took 0.004575 seconds to synchronously load lazily loaded font '../../../Engine/Content/Slate/Fonts/Roboto-Regular.ttf' (155K)
[2018.10.31-06.39.09:166][  0]LogSlate: Took 0.002391 seconds to synchronously load lazily loaded font '../../../Engine/Content/Editor/Slate/Fonts/NanumGothic.ttf' (4243K)
[2018.10.31-06.39.09:170][  0]LogSlate: Took 0.003194 seconds to synchronously load lazily loaded font '../../../Engine/Content/Editor/Slate/Fonts/NanumGothicBold.ttf' (4188K)
[2018.10.31-06.39.09:173][  0]LogSlate: Took 0.002160 seconds to synchronously load lazily loaded font '../../../Engine/Content/Slate/Fonts/Roboto-Bold.ttf' (160K)
[2018.10.31-06.39.09:178][  0]LogSlate: Took 0.001108 seconds to synchronously load lazily loaded font '../../../Engine/Content/Editor/Slate/Fonts/FontAwesome.ttf' (139K)
[2018.10.31-06.39.09:271][  0]LogRenderer: Reallocating scene render targets to support 1616x576 Format 10 NumSamples 1 (Frame:1).
[2018.10.31-06.39.09:537][  0]LogContentBrowser: Native class hierarchy updated for 'HierarchicalLODOutliner' in 0.0009 seconds. Added 0 classes and 0 folders.
[2018.10.31-06.39.09:537][  0]LogLoad: (Engine Initialization) Total time: 12.05 seconds
[2018.10.31-06.39.09:538][  0]LogLoad: (Engine Initialization) Total Blueprint compile time: 0.00 seconds
[2018.10.31-06.39.09:573][  0]LogContentStreaming: Texture pool size now 1000 MB
[2018.10.31-06.39.09:642][  1]LogAssetRegistry: Asset discovery search completed in 6.7642 seconds
[2018.10.31-06.39.09:644][  1]LogCollectionManager: Rebuilt the object cache for 0 collections in 0.000001 seconds (found 0 objects)
[2018.10.31-06.39.09:644][  1]LogCollectionManager: Fixed up redirectors for 0 collections in 0.000147 seconds (updated 0 objects)
[2018.10.31-06.39.10:840][105]LogSlate: FSceneViewport::OnFocusLost() reason 0
[2018.10.31-06.39.10:915][114]LogTemp: Repeating last play command: 선택된 뷰포트
[2018.10.31-06.39.10:930][114]LogPlayLevel: PlayLevel: No blueprints needed recompiling
[2018.10.31-06.39.10:945][114]PIE: New page: PIE 세션: P_TestMap (2018. 11. 1. 오전 12:39:10)
[2018.10.31-06.39.10:945][114]LogPlayLevel: Creating play world package: /Game/Maps/UEDPIE_0_P_TestMap
[2018.10.31-06.39.10:948][114]LogPlayLevel: PIE: StaticDuplicateObject took: (0.003138s)
[2018.10.31-06.39.10:949][114]LogAIModule: Creating AISystem for world P_TestMap
[2018.10.31-06.39.10:950][114]LogPlayLevel: PIE: World Init took: (0.001223s)
[2018.10.31-06.39.10:950][114]LogPlayLevel: PIE: Created PIE world by copying editor world from /Game/Maps/P_TestMap.P_TestMap to /Game/Maps/UEDPIE_0_P_TestMap.P_TestMap (0.004863s)
[2018.10.31-06.39.10:980][114]LogInit: XAudio2 using 'LG ULTRAWIDE-0(NVIDIA High Definition Audio)' : 2 channels at 48 kHz using 16 bits per sample (channel mask 0x3)
[2018.10.31-06.39.10:991][114]LogInit: FAudioDevice initialized.
[2018.10.31-06.39.11:043][114]LogLoad: Game class is 'GameModeBase'
[2018.10.31-06.39.11:047][114]LogWorld: Bringing World /Game/Maps/UEDPIE_0_P_TestMap.P_TestMap up for play (max tick rate 0) at 2018.10.31-15.39.11
[2018.10.31-06.39.11:048][114]LogWorld: Bringing up level for play took: 0.002448
[2018.10.31-06.39.11:066][114]LogContentBrowser: Native class hierarchy updated for 'MovieSceneCapture' in 0.0004 seconds. Added 10 classes and 0 folders.
[2018.10.31-06.39.11:067][114]PIE: /Game/Maps/UEDPIE_0_P_TestMap 에 대한 에디터에서 플레이 시작 시간: 0.299
[2018.10.31-06.39.26:627][900]LogSlate: Updating window title bar state: overlay mode, drag disabled, window buttons hidden, title bar hidden
[2018.10.31-06.39.26:681][900]LogPlayLevel: Display: Shutting down PIE online subsystems
[2018.10.31-06.39.26:703][900]LogSlate: Updating window title bar state: overlay mode, drag disabled, window buttons hidden, title bar hidden
[2018.10.31-06.39.26:742][901]LogPlayLevel: Display: Destroying online subsystem :Context_4
[2018.10.31-06.39.37:322][  1]LogSlate: FSceneViewport::OnFocusLost() reason 0
[2018.10.31-06.39.37:488][  3]LogSlate: Took 0.000949 seconds to synchronously load lazily loaded font '../../../Engine/Content/Slate/Fonts/Roboto-Light.ttf' (167K)
[2018.10.31-06.39.37:494][  3]LogAssetEditorManager: Opening Asset editor for Blueprint /Game/Blueprints/BP_Rifle.BP_Rifle
[2018.10.31-06.39.38:055][  3]LogContentBrowser: Native class hierarchy updated for 'BlueprintGraph' in 0.0012 seconds. Added 116 classes and 0 folders.
[2018.10.31-06.39.40:557][125]LogSlate: Window 'BP_Rifle' being destroyed
[2018.10.31-06.39.40:628][125]LogAssetEditorManager: Opening Asset editor for Blueprint /Game/Blueprints/BP_Rifle.BP_Rifle
[2018.10.31-06.39.40:979][125]LogSlate: Took 0.001139 seconds to synchronously load lazily loaded font '../../../Engine/Content/Slate/Fonts/Roboto-BoldCondensed.ttf' (158K)
[2018.10.31-06.40.25:806][623]LogSlate: Took 0.000999 seconds to synchronously load lazily loaded font '../../../Engine/Content/Slate/Fonts/Roboto-Italic.ttf' (157K)
[2018.10.31-06.40.38:403][354]LogSlate: Window 'BP_Rifle' being destroyed
[2018.10.31-06.40.50:190][697]LogSlate: Took 0.000229 seconds to synchronously load lazily loaded font '../../../Engine/Content/Slate/Fonts/Roboto-Light.ttf' (167K)
[2018.10.31-06.40.51:828][877]LogSlate: Window '콘텐츠 브라우저 2' being destroyed
[2018.10.31-06.41.14:143][792]LogAssetEditorManager: Opening Asset editor for Skeleton /Game/Weapons/Launcher_Skeleton.Launcher_Skeleton
[2018.10.31-06.41.14:151][792]LogContentBrowser: Native class hierarchy updated for 'SkeletonEditor' in 0.0005 seconds. Added 1 classes and 2 folders.
[2018.10.31-06.41.14:396][792]LogActorComponent: RegisterComponentWithWorld: (/Engine/Transient.World_7:PersistentLevel.AnimationEditorPreviewActor_0.DebugSkelMeshComponent_0) Already registered. Aborting.
[2018.10.31-06.41.14:398][792]LogContentBrowser: Native class hierarchy updated for 'PinnedCommandList' in 0.0004 seconds. Added 1 classes and 0 folders.
[2018.10.31-06.41.14:760][792]LogContentBrowser: Native class hierarchy updated for 'ClothingSystemEditorInterface' in 0.0004 seconds. Added 1 classes and 0 folders.
[2018.10.31-06.41.14:762][793]LogRenderer: Reallocating scene render targets to support 1616x888 Format 10 NumSamples 1 (Frame:1).
[2018.10.31-06.41.32:364][181]LogSlate: FSceneViewport::OnFocusLost() reason 0
[2018.10.31-06.43.05:135][834]LogSlate: Window '애셋 체크아웃' being destroyed
[2018.10.31-06.43.12:736][953]LogEditorViewport: Clicking on Actor (LMB): StaticMeshActor (Floor)
[2018.10.31-06.43.14:295][113]LogSlate: FSceneViewport::OnFocusLost() reason 0
[2018.10.31-06.43.14:395][125]LogTemp: Repeating last play command: 선택된 뷰포트
[2018.10.31-06.43.14:413][125]LogPlayLevel: PlayLevel: No blueprints needed recompiling
[2018.10.31-06.43.14:414][125]PIE: New page: PIE 세션: P_TestMap (2018. 11. 1. 오전 12:43:14)
[2018.10.31-06.43.14:414][125]LogPlayLevel: Creating play world package: /Game/Maps/UEDPIE_0_P_TestMap
[2018.10.31-06.43.14:417][125]LogPlayLevel: PIE: StaticDuplicateObject took: (0.002607s)
[2018.10.31-06.43.14:417][125]LogAIModule: Creating AISystem for world P_TestMap
[2018.10.31-06.43.14:418][125]LogPlayLevel: PIE: World Init took: (0.001051s)
[2018.10.31-06.43.14:418][125]LogPlayLevel: PIE: Created PIE world by copying editor world from /Game/Maps/P_TestMap.P_TestMap to /Game/Maps/UEDPIE_0_P_TestMap.P_TestMap (0.004068s)
[2018.10.31-06.43.14:464][125]LogInit: XAudio2 using 'LG ULTRAWIDE-0(NVIDIA High Definition Audio)' : 2 channels at 48 kHz using 16 bits per sample (channel mask 0x3)
[2018.10.31-06.43.14:476][125]LogInit: FAudioDevice initialized.
[2018.10.31-06.43.14:512][125]LogLoad: Game class is 'GameModeBase'
[2018.10.31-06.43.14:514][125]LogWorld: Bringing World /Game/Maps/UEDPIE_0_P_TestMap.P_TestMap up for play (max tick rate 0) at 2018.10.31-15.43.14
[2018.10.31-06.43.14:515][125]LogWorld: Bringing up level for play took: 0.002257
[2018.10.31-06.43.14:529][125]PIE: /Game/Maps/UEDPIE_0_P_TestMap 에 대한 에디터에서 플레이 시작 시간: -0.24
[2018.10.31-06.43.18:129][295]LogSlate: Updating window title bar state: overlay mode, drag disabled, window buttons hidden, title bar hidden
[2018.10.31-06.43.18:188][295]LogPlayLevel: Display: Shutting down PIE online subsystems
[2018.10.31-06.43.18:218][295]LogSlate: Updating window title bar state: overlay mode, drag disabled, window buttons hidden, title bar hidden
[2018.10.31-06.43.18:260][296]LogPlayLevel: Display: Destroying online subsystem :Context_11
[2018.10.31-06.43.19:143][395]LogSlate: FSceneViewport::OnFocusLost() reason 0
[2018.10.31-06.43.37:509][729]LogSlate: Window '소스 컨트롤 로그인' being destroyed
[2018.10.31-06.43.40:326][729]LogSlate: Window '소스 컨트롤 로그인' being destroyed
[2018.10.31-06.43.48:798][729]LogSlate: Window '애셋 체크아웃' being destroyed
[2018.10.31-06.43.48:820][729]Cmd: OBJ SAVEPACKAGE PACKAGE="/Game/Weapons/Launcher_Skeleton" FILE="../../../../../../Unreal Projects/CoopGame/Content/Weapons/Launcher_Skeleton.uasset" SILENT=true
[2018.10.31-06.43.48:826][729]LogSavePackage: Moving '../../../../../../Unreal Projects/CoopGame/Saved/Launcher_Skeleton5C97BAD943D94B313DD844A969EC9048.tmp' to '../../../../../../Unreal Projects/CoopGame/Content/Weapons/Launcher_Skeleton.uasset'
[2018.10.31-06.43.50:554][788]Cmd: OBJ SAVEPACKAGE PACKAGE="/Game/Weapons/Launcher_Skeleton" FILE="../../../../../../Unreal Projects/CoopGame/Content/Weapons/Launcher_Skeleton.uasset" SILENT=true
[2018.10.31-06.43.50:558][788]LogSavePackage: Moving '../../../../../../Unreal Projects/CoopGame/Saved/Launcher_Skeleton51C7762441BE47929ACAAAB8F669D3F3.tmp' to '../../../../../../Unreal Projects/CoopGame/Content/Weapons/Launcher_Skeleton.uasset'
[2018.10.31-06.43.52:045][842]Cmd: OBJ SAVEPACKAGE PACKAGE="/Game/Weapons/Launcher_Skeleton" FILE="../../../../../../Unreal Projects/CoopGame/Content/Weapons/Launcher_Skeleton.uasset" SILENT=true
[2018.10.31-06.43.52:049][842]LogSavePackage: Moving '../../../../../../Unreal Projects/CoopGame/Saved/Launcher_Skeleton4B50D5A14B35AEA41E939C912E66DEDA.tmp' to '../../../../../../Unreal Projects/CoopGame/Content/Weapons/Launcher_Skeleton.uasset'
[2018.10.31-06.43.52:244][849]Cmd: OBJ SAVEPACKAGE PACKAGE="/Game/Weapons/Launcher_Skeleton" FILE="../../../../../../Unreal Projects/CoopGame/Content/Weapons/Launcher_Skeleton.uasset" SILENT=true
[2018.10.31-06.43.52:248][849]LogSavePackage: Moving '../../../../../../Unreal Projects/CoopGame/Saved/Launcher_SkeletonDAC102D04AC30F702887F9B281F8C441.tmp' to '../../../../../../Unreal Projects/CoopGame/Content/Weapons/Launcher_Skeleton.uasset'
[2018.10.31-06.43.52:418][855]Cmd: OBJ SAVEPACKAGE PACKAGE="/Game/Weapons/Launcher_Skeleton" FILE="../../../../../../Unreal Projects/CoopGame/Content/Weapons/Launcher_Skeleton.uasset" SILENT=true
[2018.10.31-06.43.52:423][855]LogSavePackage: Moving '../../../../../../Unreal Projects/CoopGame/Saved/Launcher_Skeleton035851404293B9C80CE9508A910B2D79.tmp' to '../../../../../../Unreal Projects/CoopGame/Content/Weapons/Launcher_Skeleton.uasset'
[2018.10.31-06.43.53:541][945]LogTemp: Repeating last play command: 선택된 뷰포트
[2018.10.31-06.43.53:559][945]LogPlayLevel: PlayLevel: No blueprints needed recompiling
[2018.10.31-06.43.53:559][945]PIE: New page: PIE 세션: P_TestMap (2018. 11. 1. 오전 12:43:53)
[2018.10.31-06.43.53:560][945]LogPlayLevel: Creating play world package: /Game/Maps/UEDPIE_0_P_TestMap
[2018.10.31-06.43.53:562][945]LogPlayLevel: PIE: StaticDuplicateObject took: (0.002419s)
[2018.10.31-06.43.53:563][945]LogAIModule: Creating AISystem for world P_TestMap
[2018.10.31-06.43.53:563][945]LogPlayLevel: PIE: World Init took: (0.001198s)
[2018.10.31-06.43.53:564][945]LogPlayLevel: PIE: Created PIE world by copying editor world from /Game/Maps/P_TestMap.P_TestMap to /Game/Maps/UEDPIE_0_P_TestMap.P_TestMap (0.004190s)
[2018.10.31-06.43.53:599][945]LogInit: XAudio2 using 'LG ULTRAWIDE-0(NVIDIA High Definition Audio)' : 2 channels at 48 kHz using 16 bits per sample (channel mask 0x3)
[2018.10.31-06.43.53:610][945]LogInit: FAudioDevice initialized.
[2018.10.31-06.43.53:646][945]LogLoad: Game class is 'GameModeBase'
[2018.10.31-06.43.53:648][945]LogWorld: Bringing World /Game/Maps/UEDPIE_0_P_TestMap.P_TestMap up for play (max tick rate 0) at 2018.10.31-15.43.53
[2018.10.31-06.43.53:649][945]LogWorld: Bringing up level for play took: 0.002292
[2018.10.31-06.43.53:663][945]PIE: /Game/Maps/UEDPIE_0_P_TestMap 에 대한 에디터에서 플레이 시작 시간: 0.894
[2018.10.31-06.44.02:381][362]LogSlate: Updating window title bar state: overlay mode, drag disabled, window buttons hidden, title bar hidden
[2018.10.31-06.44.02:438][362]LogPlayLevel: Display: Shutting down PIE online subsystems
[2018.10.31-06.44.02:469][362]LogSlate: Updating window title bar state: overlay mode, drag disabled, window buttons hidden, title bar hidden
[2018.10.31-06.44.02:510][363]LogPlayLevel: Display: Destroying online subsystem :Context_12
[2018.10.31-06.44.03:830][517]LogSlate: FSceneViewport::OnFocusLost() reason 0
[2018.10.31-06.45.39:939][603]LogTemp: Repeating last play command: 선택된 뷰포트
[2018.10.31-06.45.39:957][603]LogPlayLevel: PlayLevel: No blueprints needed recompiling
[2018.10.31-06.45.39:958][603]PIE: New page: PIE 세션: P_TestMap (2018. 11. 1. 오전 12:45:39)
[2018.10.31-06.45.39:958][603]LogPlayLevel: Creating play world package: /Game/Maps/UEDPIE_0_P_TestMap
[2018.10.31-06.45.39:960][603]LogPlayLevel: PIE: StaticDuplicateObject took: (0.002663s)
[2018.10.31-06.45.39:961][603]LogAIModule: Creating AISystem for world P_TestMap
[2018.10.31-06.45.39:962][603]LogPlayLevel: PIE: World Init took: (0.001196s)
[2018.10.31-06.45.39:962][603]LogPlayLevel: PIE: Created PIE world by copying editor world from /Game/Maps/P_TestMap.P_TestMap to /Game/Maps/UEDPIE_0_P_TestMap.P_TestMap (0.004269s)
[2018.10.31-06.45.40:000][603]LogInit: XAudio2 using 'LG ULTRAWIDE-0(NVIDIA High Definition Audio)' : 2 channels at 48 kHz using 16 bits per sample (channel mask 0x3)
[2018.10.31-06.45.40:011][603]LogInit: FAudioDevice initialized.
[2018.10.31-06.45.40:049][603]LogLoad: Game class is 'GameModeBase'
[2018.10.31-06.45.40:052][603]LogWorld: Bringing World /Game/Maps/UEDPIE_0_P_TestMap.P_TestMap up for play (max tick rate 0) at 2018.10.31-15.45.40
[2018.10.31-06.45.40:052][603]LogWorld: Bringing up level for play took: 0.002543
[2018.10.31-06.45.40:068][603]PIE: /Game/Maps/UEDPIE_0_P_TestMap 에 대한 에디터에서 플레이 시작 시간: -0.7
[2018.10.31-06.45.42:699][732]LogSlate: Updating window title bar state: overlay mode, drag disabled, window buttons hidden, title bar hidden
[2018.10.31-06.45.42:754][732]LogPlayLevel: Display: Shutting down PIE online subsystems
[2018.10.31-06.45.42:785][732]LogSlate: Updating window title bar state: overlay mode, drag disabled, window buttons hidden, title bar hidden
[2018.10.31-06.45.42:826][733]LogPlayLevel: Display: Destroying online subsystem :Context_13
[2018.10.31-06.45.43:992][865]LogSlate: FSceneViewport::OnFocusLost() reason 2
[2018.10.31-06.45.44:114][878]LogSlate: FSceneViewport::OnFocusLost() reason 2
[2018.10.31-06.45.45:006][981]LogSlate: FSceneViewport::OnFocusLost() reason 2
[2018.10.31-06.45.48:989][445]LogSlate: FSceneViewport::OnFocusLost() reason 2
[2018.10.31-06.45.49:020][445]Cmd: OBJ SAVEPACKAGE PACKAGE="/Game/Weapons/Launcher" FILE="../../../../../../Unreal Projects/CoopGame/Content/Weapons/Launcher.uasset" SILENT=true
[2018.10.31-06.45.49:069][445]LogSavePackage: Moving '../../../../../../Unreal Projects/CoopGame/Saved/Launcher40B9ED91489B5738B2D8719732FB7D4F.tmp' to '../../../../../../Unreal Projects/CoopGame/Content/Weapons/Launcher.uasset'
[2018.10.31-06.45.54:653][814]LogSlate: FSceneViewport::OnFocusLost() reason 0
[2018.10.31-06.45.54:985][822]LogSlate: Window 'CoopGame - 언리얼 에디터' being destroyed
[2018.10.31-06.45.55:180][823]Cmd: QUIT_EDITOR
[2018.10.31-06.45.55:644][823]LogWindowsTextInputMethodSystem: Display: IME system now activated using TSF (Microsoft 입력기).
[2018.10.31-06.45.55:656][823]LogExit: Preparing to exit.
