Log file open, 10/31/18 15:48:10
LogWindows: Failed to load 'aqProf.dll' (GetLastError=126)
LogWindows: File 'aqProf.dll' does not exist
LogWindows: Failed to load 'VSPerf140.dll' (GetLastError=126)
LogWindows: File 'VSPerf140.dll' does not exist
LogWindows: Failed to load 'VtuneApi.dll' (GetLastError=126)
LogWindows: File 'VtuneApi.dll' does not exist
LogWindows: Failed to load 'VtuneApi32e.dll' (GetLastError=126)
LogWindows: File 'VtuneApi32e.dll' does not exist
LogInit: Display: Running engine for game: CoopGame
LogPlatformFile: Not using cached read wrapper
LogTaskGraph: Started task graph with 5 named threads and 14 total threads with 3 sets of task threads.
LogStats: Stats thread started at 0.487702
LogD3D11RHI: Loaded GFSDK_Aftermath_Lib.x64.dll
LogICUInternationalization: Display: ICU TimeZone Detection - Raw Offset: +9:00, Platform Override: ''
LogPluginManager: Mounting plugin Paper2D
LogPluginManager: Mounting plugin AISupport
LogPluginManager: Mounting plugin LightPropagationVolume
LogPluginManager: Mounting plugin CLionSourceCodeAccess
LogPluginManager: Mounting plugin CodeLiteSourceCodeAccess
LogPluginManager: Mounting plugin GitSourceControl
LogPluginManager: Mounting plugin KDevelopSourceCodeAccess
LogPluginManager: Mounting plugin NullSourceCodeAccess
LogPluginManager: Mounting plugin PerforceSourceControl
LogPluginManager: Mounting plugin SubversionSourceControl
LogPluginManager: Mounting plugin UObjectPlugin
LogPluginManager: Mounting plugin VisualStudioCodeSourceCodeAccess
LogPluginManager: Mounting plugin VisualStudioSourceCodeAccess
LogPluginManager: Mounting plugin XCodeSourceCodeAccess
LogPluginManager: Mounting plugin AssetManagerEditor
LogPluginManager: Mounting plugin CryptoKeys
LogPluginManager: Mounting plugin DataValidation
LogPluginManager: Mounting plugin FacialAnimation
LogPluginManager: Mounting plugin GameplayTagsEditor
LogPluginManager: Mounting plugin MacGraphicsSwitching
LogPluginManager: Mounting plugin MeshEditor
LogPluginManager: Mounting plugin MobileLauncherProfileWizard
LogPluginManager: Mounting plugin PluginBrowser
LogPluginManager: Mounting plugin SpeedTreeImporter
LogPluginManager: Mounting plugin DatasmithContent
LogPluginManager: Mounting plugin AlembicImporter
LogPluginManager: Mounting plugin AppleImageUtils
LogPluginManager: Mounting plugin AppleVision
LogPluginManager: Mounting plugin BackChannel
LogPluginManager: Mounting plugin CharacterAI
LogPluginManager: Mounting plugin GeometryCache
LogPluginManager: Mounting plugin HTML5Networking
LogPluginManager: Mounting plugin ProxyLODPlugin
LogPluginManager: Mounting plugin MagicLeap
LogPluginManager: Mounting plugin MagicLeapEmulator
LogPluginManager: Mounting plugin MagicLeapMedia
LogPluginManager: Mounting plugin AndroidMedia
LogPluginManager: Mounting plugin AvfMedia
LogPluginManager: Mounting plugin ImgMedia
LogPluginManager: Mounting plugin LinearTimecode
LogPluginManager: Mounting plugin MediaCompositing
LogPluginManager: Mounting plugin MediaPlayerEditor
LogPluginManager: Mounting plugin WmfMedia
LogPluginManager: Mounting plugin TcpMessaging
LogPluginManager: Mounting plugin UdpMessaging
LogPluginManager: Mounting plugin ActorSequence
LogPluginManager: Mounting plugin LevelSequenceEditor
LogPluginManager: Mounting plugin MatineeToLevelSequence
LogPluginManager: Mounting plugin NetcodeUnitTest
LogPluginManager: Mounting plugin NUTUnrealEngine4
LogPluginManager: Mounting plugin OnlineSubsystemGooglePlay
LogPluginManager: Mounting plugin OnlineSubsystemIOS
LogPluginManager: Mounting plugin OnlineSubsystem
LogPluginManager: Mounting plugin OnlineSubsystemNull
LogPluginManager: Mounting plugin OnlineSubsystemUtils
LogPluginManager: Mounting plugin LauncherChunkInstaller
LogPluginManager: Mounting plugin AndroidDeviceProfileSelector
LogPluginManager: Mounting plugin AndroidMoviePlayer
LogPluginManager: Mounting plugin AndroidPermission
LogPluginManager: Mounting plugin AppleMoviePlayer
LogPluginManager: Mounting plugin ArchVisCharacter
LogPluginManager: Mounting plugin AudioCapture
LogPluginManager: Mounting plugin CableComponent
LogPluginManager: Mounting plugin CustomMeshComponent
LogPluginManager: Mounting plugin EditableMesh
LogPluginManager: Mounting plugin ExampleDeviceProfileSelector
LogPluginManager: Mounting plugin GoogleCloudMessaging
LogPluginManager: Mounting plugin ImmediatePhysics
LogPluginManager: Mounting plugin IOSDeviceProfileSelector
LogPluginManager: Mounting plugin LinuxDeviceProfileSelector
LogPluginManager: Mounting plugin LocationServicesBPLibrary
LogPluginManager: Mounting plugin MobilePatchingUtils
LogPluginManager: Mounting plugin OculusVR
LogPluginManager: Plugin shader directory ../../../Engine/Plugins/Runtime/Oculus/OculusVR/Shaders found
LogPluginManager: Mapping shader source directory ../../../Engine/Plugins/Runtime/Oculus/OculusVR/Shaders to virtual directory /Plugin/OculusVR
LogPluginManager: Mounting plugin PhysXVehicles
LogPluginManager: Mounting plugin ProceduralMeshComponent
LogPluginManager: Mounting plugin RuntimePhysXCooking
LogPluginManager: Mounting plugin SteamVR
LogPluginManager: Mounting plugin WindowsMoviePlayer
LogStreaming: Display: Took  0.126s to configure plugins.
LogInit: Using libcurl 7.55.1-DEV
LogInit:  - built for x86_64-pc-win32
LogInit:  - supports SSL with OpenSSL/1.0.2h
LogInit:  - supports HTTP deflate (compression) using libz 1.2.8
LogInit:  - other features:
LogInit:      CURL_VERSION_SSL
LogInit:      CURL_VERSION_LIBZ
LogInit:      CURL_VERSION_IPV6
LogInit:      CURL_VERSION_ASYNCHDNS
LogInit:      CURL_VERSION_LARGEFILE
LogInit:      CURL_VERSION_IDN
LogInit:  CurlRequestOptions (configurable via config and command line):
LogInit:  - bVerifyPeer = false  - Libcurl will NOT verify peer certificate
LogInit:  - bUseHttpProxy = false  - Libcurl will NOT use HTTP proxy
LogInit:  - bDontReuseConnections = false  - Libcurl will reuse connections
LogInit:  - CertBundlePath = nullptr  - Libcurl will use whatever was configured at build time.
LogInit:  - MaxHostConnections = 16  - Libcurl will limit the number of connections to a host
LogInit:  - LocalHostAddr = Default
LogInit:  - BufferSize = 65536
LogInit: WinSock: version 1.1 (2.2), MaxSocks=32767, MaxUdp=65467
LogInit: Build: ++UE4+Release-4.20-CL-4369336
LogInit: Engine Version: 4.20.3-4369336+++UE4+Release-4.20
LogInit: Compatible Engine Version: 4.20.0-4212847+++UE4+Release-4.20
LogInit: Net CL: 4212847
LogInit: OS: Windows 10 (), CPU:         Intel(R) Core(TM) i5-3570 CPU @ 3.40GHz, GPU: NVIDIA GeForce GTX 650
LogInit: Compiled (64-bit): Sep 17 2018 12:26:19
LogInit: Compiled with Visual C++: 19.13.26129.00
LogInit: Build Configuration: Development
LogInit: Branch Name: ++UE4+Release-4.20
LogInit: Command Line:  -skipcompile
LogInit: Base Directory: E:/Program Files (x86)/Epic Games/UE_4.20/Engine/Binaries/Win64/
LogInit: Installed Engine Build: 1
LogDevObjectVersion: Number of dev versions registered: 20
LogDevObjectVersion:   Dev-Blueprints (B0D832E4-1F89-4F0D-ACCF-7EB736FD4AA2): 10
LogDevObjectVersion:   Dev-Build (E1C64328-A22C-4D53-A36C-8E866417BD8C): 0
LogDevObjectVersion:   Dev-Core (375EC13C-06E4-48FB-B500-84F0262A717E): 2
LogDevObjectVersion:   Dev-Editor (E4B068ED-F494-42E9-A231-DA0B2E46BB41): 24
LogDevObjectVersion:   Dev-Framework (CFFC743F-43B0-4480-9391-14DF171D2073): 34
LogDevObjectVersion:   Dev-Mobile (B02B49B5-BB20-44E9-A304-32B752E40360): 2
LogDevObjectVersion:   Dev-Networking (A4E4105C-59A1-49B5-A7C5-40C4547EDFEE): 0
LogDevObjectVersion:   Dev-Online (39C831C9-5AE6-47DC-9A44-9C173E1C8E7C): 0
LogDevObjectVersion:   Dev-Physics (78F01B33-EBEA-4F98-B9B4-84EACCB95AA2): 0
LogDevObjectVersion:   Dev-Platform (6631380F-2D4D-43E0-8009-CF276956A95A): 0
LogDevObjectVersion:   Dev-Rendering (12F88B9F-8875-4AFC-A67C-D90C383ABD29): 26
LogDevObjectVersion:   Dev-Sequencer (7B5AE74C-D270-4C10-A958-57980B212A5A): 9
LogDevObjectVersion:   Dev-VR (D7296918-1DD6-4BDD-9DE2-64A83CC13884): 2
LogDevObjectVersion:   Dev-LoadTimes (C2A15278-BFE7-4AFE-6C17-90FF531DF755): 1
LogDevObjectVersion:   Private-Geometry (6EACA3D4-40EC-4CC1-B786-8BED09428FC5): 3
LogDevObjectVersion:   Dev-AnimPhys (29E575DD-E0A3-4627-9D10-D276232CDCEA): 17
LogDevObjectVersion:   Dev-ReflectionCapture (6B266CEC-1EC7-4B8F-A30B-E4D90942FC07): 1
LogDevObjectVersion:   Dev-Automation (0DF73D61-A23F-47EA-B727-89E90C41499A): 1
LogDevObjectVersion:   FortniteMain (601D1886-AC64-4F84-AA16-D3DE0DEAC7D6): 12
LogDevObjectVersion:   Dev-Enterprise (9DFFBCD6-494F-0158-E221-12823C92A888): 1
LogStreaming: Display: Took  0.002s to delete old logs.
LogInit: Presizing for max 8388607 objects, including 0 objects not considered by GC, pre-allocating 0 bytes for permanent pool.
LogInit: Object subsystem initialized
[2018.10.31-06.48.11:282][  0]LogInit: Selected Device Profile: [Windows]
[2018.10.31-06.48.11:282][  0]LogInit: Applying CVar settings loaded from the selected device profile: [Windows]
[2018.10.31-06.48.11:290][  0]LogHAL: Display: Platform has ~ 16 GB [17123405824 / 17179869184 / 16], which maps to Larger [LargestMinGB=32, LargerMinGB=12, DefaultMinGB=8, SmallerMinGB=6, SmallestMinGB=0)
[2018.10.31-06.48.11:290][  0]LogInit: Setting Device Profile CVar: [[r.Vulkan.UseRealUBs:1]]
[2018.10.31-06.48.11:290][  0]LogInit: Going up to parent DeviceProfile []
[2018.10.31-06.48.11:291][  0]LogInit: Computer: DESKTOP-G7BSB63
[2018.10.31-06.48.11:291][  0]LogInit: User: redbr
[2018.10.31-06.48.11:291][  0]LogInit: CPU Page size=4096, Cores=4
[2018.10.31-06.48.11:291][  0]LogInit: High frequency timer resolution =3.312793 MHz
[2018.10.31-06.48.11:291][  0]LogMemory: Memory total: Physical=15.9GB (16GB approx)
[2018.10.31-06.48.11:292][  0]LogMemory: Platform Memory Stats for Windows
[2018.10.31-06.48.11:292][  0]LogMemory: Process Physical Memory: 101.24 MB used, 101.24 MB peak
[2018.10.31-06.48.11:292][  0]LogMemory: Process Virtual Memory: 84.17 MB used, 84.17 MB peak
[2018.10.31-06.48.11:292][  0]LogMemory: Physical Memory: 6650.32 MB used,  9679.83 MB free, 16330.15 MB total
[2018.10.31-06.48.11:292][  0]LogMemory: Virtual Memory: 4625.11 MB used,  9679.83 MB free, 134217728.00 MB total
[2018.10.31-06.48.11:393][  0]LogInit: Using OS detected language (ko-KR).
[2018.10.31-06.48.11:393][  0]LogInit: Using OS detected locale (ko-KR).
[2018.10.31-06.48.11:394][  0]LogTextLocalizationManager: No specific localization for 'ko-KR' exists, so the 'ko' localization will be used.
[2018.10.31-06.48.11:767][  0]LogStreaming: Display: Took  0.375s to InitEngineTextLocalization.
[2018.10.31-06.48.11:767][  0]LogInit: Setting process to per monitor DPI aware
[2018.10.31-06.48.11:841][  0]LogSlate: New Slate User Created.  User Index 0, Is Virtual User: 0
[2018.10.31-06.48.11:842][  0]LogSlate: Slate User Registered.  User Index 0, Is Virtual User: 0
[2018.10.31-06.48.12:066][  0]LogHMD: Failed to initialize OpenVR with code 110
[2018.10.31-06.48.12:066][  0]LogD3D11RHI: D3D11 adapters:
[2018.10.31-06.48.12:137][  0]LogD3D11RHI:    0. 'NVIDIA GeForce GTX 650' (Feature Level 11_0)
[2018.10.31-06.48.12:137][  0]LogD3D11RHI:       995/0/8165 MB DedicatedVideo/DedicatedSystem/SharedSystem, Outputs:2, VendorId:0x10de
[2018.10.31-06.48.12:144][  0]LogD3D11RHI:    1. 'Microsoft Basic Render Driver' (Feature Level 11_0)
[2018.10.31-06.48.12:144][  0]LogD3D11RHI:       0/0/8165 MB DedicatedVideo/DedicatedSystem/SharedSystem, Outputs:0, VendorId:0x1414
[2018.10.31-06.48.12:144][  0]LogD3D11RHI: Chosen D3D11 Adapter: 0
[2018.10.31-06.48.12:151][  0]LogD3D11RHI: Creating new Direct3DDevice
[2018.10.31-06.48.12:151][  0]LogD3D11RHI:     GPU DeviceId: 0xfc6 (for the marketing name, search the web for "GPU Device Id")
[2018.10.31-06.48.12:151][  0]LogWindows: EnumDisplayDevices:
[2018.10.31-06.48.12:151][  0]LogWindows:    0. 'NVIDIA GeForce GTX 650' (P:1 D:1)
[2018.10.31-06.48.12:151][  0]LogWindows:    1. 'NVIDIA GeForce GTX 650' (P:0 D:1)
[2018.10.31-06.48.12:152][  0]LogWindows:    2. 'NVIDIA GeForce GTX 650' (P:0 D:0)
[2018.10.31-06.48.12:152][  0]LogWindows: DebugString: FoundDriverCount:3 
[2018.10.31-06.48.12:152][  0]LogD3D11RHI:     Adapter Name: NVIDIA GeForce GTX 650
[2018.10.31-06.48.12:152][  0]LogD3D11RHI:   Driver Version: 388.13 (internal:23.21.13.8813, unified:388.13)
[2018.10.31-06.48.12:152][  0]LogD3D11RHI:      Driver Date: 10-27-2017
[2018.10.31-06.48.12:152][  0]LogRHI: Texture pool is 696 MB (70% of 995 MB)
[2018.10.31-06.48.12:193][  0]LogD3D11RHI: Async texture creation enabled
[2018.10.31-06.48.12:210][  0]LogD3D11RHI: GPU Timing Frequency: 1000.000000 (Debug: 2 2)
[2018.10.31-06.48.12:259][  0]LogShaderCompilers: Guid format shader working directory is 4 characters bigger than the processId version (../../../../../../Unreal Projects/CoopGame/Intermediate/Shaders/WorkingDirectory/3728/).
[2018.10.31-06.48.12:259][  0]LogShaderCompilers: Cleaned the shader compiler working directory 'C:/Users/redbr/AppData/Local/Temp/UnrealShaderWorkingDir/17F329C04796782B9190C8B70E50B73C/'.
[2018.10.31-06.48.12:543][  0]LogTemp: Display: Loaded TP AllDesktopTargetPlatform
[2018.10.31-06.48.12:558][  0]LogTemp: Display: Loaded TP MacClientTargetPlatform
[2018.10.31-06.48.12:573][  0]LogTemp: Display: Loaded TP MacNoEditorTargetPlatform
[2018.10.31-06.48.12:589][  0]LogTemp: Display: Loaded TP MacServerTargetPlatform
[2018.10.31-06.48.12:605][  0]LogTemp: Display: Loaded TP MacTargetPlatform
[2018.10.31-06.48.12:622][  0]LogTemp: Display: Loaded TP WindowsClientTargetPlatform
[2018.10.31-06.48.12:641][  0]LogTemp: Display: Loaded TP WindowsNoEditorTargetPlatform
[2018.10.31-06.48.12:658][  0]LogTemp: Display: Loaded TP WindowsServerTargetPlatform
[2018.10.31-06.48.12:675][  0]LogTemp: Display: Loaded TP WindowsTargetPlatform
[2018.10.31-06.48.12:767][  0]LogTemp: Display: Loaded TP AndroidTargetPlatform
[2018.10.31-06.48.12:767][  0]LogTemp: Display: Loaded TP AndroidTargetPlatform
[2018.10.31-06.48.12:767][  0]LogTemp: Display: Loaded TP AndroidTargetPlatform
[2018.10.31-06.48.12:767][  0]LogTemp: Display: Loaded TP AndroidTargetPlatform
[2018.10.31-06.48.12:768][  0]LogTemp: Display: Loaded TP AndroidTargetPlatform
[2018.10.31-06.48.12:768][  0]LogTemp: Display: Loaded TP AndroidTargetPlatform
[2018.10.31-06.48.12:768][  0]LogTemp: Display: Loaded TP AndroidTargetPlatform
[2018.10.31-06.48.12:768][  0]LogTemp: Display: Loaded TP AndroidTargetPlatform
[2018.10.31-06.48.12:768][  0]LogTemp: Display: Loaded TP AndroidTargetPlatform
[2018.10.31-06.48.12:768][  0]LogTemp: Display: Loaded TP AndroidTargetPlatform
[2018.10.31-06.48.12:768][  0]LogTemp: Display: Loaded TP AndroidTargetPlatform
[2018.10.31-06.48.12:768][  0]LogTemp: Display: Loaded TP AndroidTargetPlatform
[2018.10.31-06.48.12:768][  0]LogTemp: Display: Loaded TP AndroidTargetPlatform
[2018.10.31-06.48.12:768][  0]LogTemp: Display: Loaded TP AndroidTargetPlatform
[2018.10.31-06.48.12:768][  0]LogTemp: Display: Loaded TP AndroidTargetPlatform
[2018.10.31-06.48.12:768][  0]LogTemp: Display: Loaded TP AndroidTargetPlatform
[2018.10.31-06.48.12:768][  0]LogTemp: Display: Loaded TP AndroidTargetPlatform
[2018.10.31-06.48.12:768][  0]LogTemp: Display: Loaded TP AndroidTargetPlatform
[2018.10.31-06.48.12:771][  0]LogTemp: Display: Loaded TP HTML5TargetPlatform
[2018.10.31-06.48.12:846][  0]LogTemp: Display: Loaded TP IOSTargetPlatform
[2018.10.31-06.48.12:846][  0]LogTemp: Display: Loaded TP IOSTargetPlatform
[2018.10.31-06.48.12:873][  0]LogTemp: Display: Loaded TP TVOSTargetPlatform
[2018.10.31-06.48.12:873][  0]LogTemp: Display: Loaded TP TVOSTargetPlatform
[2018.10.31-06.48.12:907][  0]LogTemp: Display: Loaded TP LinuxClientTargetPlatform
[2018.10.31-06.48.12:922][  0]LogTemp: Display: Loaded TP LinuxNoEditorTargetPlatform
[2018.10.31-06.48.12:940][  0]LogTemp: Display: Loaded TP LinuxServerTargetPlatform
[2018.10.31-06.48.12:957][  0]LogTemp: Display: Loaded TP LinuxTargetPlatform
[2018.10.31-06.48.12:968][  0]LogTemp: Display: Loaded TP LuminTargetPlatform
[2018.10.31-06.48.12:969][  0]LogTargetPlatformManager: Display: Building Assets For Windows
[2018.10.31-06.48.13:078][  0]LogXGEController: Cleaning working directory: C:/Users/redbr/AppData/Local/Temp/UnrealXGEWorkingDir/
[2018.10.31-06.48.13:079][  0]LogXGEController: Cannot use XGE Controller as Incredibuild is not installed on this machine.
[2018.10.31-06.48.13:079][  0]LogShaderCompilers: Cannot use XGE Shader Compiler as Incredibuild is not installed on this machine.
[2018.10.31-06.48.13:079][  0]LogShaderCompilers: Display: Using Local Shader Compiler.
[2018.10.31-06.48.13:834][  0]LogDerivedDataCache: Display: Max Cache Size: 512 MB
[2018.10.31-06.48.13:894][  0]LogDerivedDataCache: Loaded boot cache 0.06s 71MB C:/Users/redbr/AppData/Local/UnrealEngine/4.20/DerivedDataCache/Boot.ddc.
[2018.10.31-06.48.13:895][  0]LogDerivedDataCache: Display: Loaded Boot cache: C:/Users/redbr/AppData/Local/UnrealEngine/4.20/DerivedDataCache/Boot.ddc
[2018.10.31-06.48.13:895][  0]LogDerivedDataCache: FDerivedDataBackendGraph:  Pak pak cache file ../../../../../../Unreal Projects/CoopGame/DerivedDataCache/DDC.ddp not found, will not use a pak cache.
[2018.10.31-06.48.13:896][  0]LogDerivedDataCache: Unable to find inner node Pak for hierarchical cache Hierarchy.
[2018.10.31-06.48.13:896][  0]LogDerivedDataCache: FDerivedDataBackendGraph:  CompressedPak pak cache file ../../../../../../Unreal Projects/CoopGame/DerivedDataCache/Compressed.ddp not found, will not use a pak cache.
[2018.10.31-06.48.13:896][  0]LogDerivedDataCache: Unable to find inner node CompressedPak for hierarchical cache Hierarchy.
[2018.10.31-06.48.13:911][  0]LogDerivedDataCache: Display: Pak cache opened for reading ../../../Engine/DerivedDataCache/Compressed.ddp.
[2018.10.31-06.48.13:924][  0]LogDerivedDataCache: Using Local data cache path C:/Users/redbr/AppData/Local/UnrealEngine/Common/DerivedDataCache: Writable
[2018.10.31-06.48.13:925][  0]LogDerivedDataCache: Shared data cache path not found in *engine.ini, will not use an Shared cache.
[2018.10.31-06.48.13:925][  0]LogDerivedDataCache: Unable to find inner node Shared for hierarchical cache Hierarchy.
[2018.10.31-06.48.13:945][  0]LogMaterial: Verifying Global Shaders for PCD3D_SM5
[2018.10.31-06.48.13:947][  0]LogSlate: Using FreeType 2.6.0
[2018.10.31-06.48.13:947][  0]LogSlate: SlateFontServices - WITH_FREETYPE: 1, WITH_HARFBUZZ: 1
[2018.10.31-06.48.14:023][  0]LogAssetRegistry: FAssetRegistry took 0.0291 seconds to start up
[2018.10.31-06.48.14:409][  0]LogInit: Selected Device Profile: [Windows]
[2018.10.31-06.48.14:560][  0]LogSimplygon: Simplygon DLL not present - disabling.
[2018.10.31-06.48.14:567][  0]LogMeshReduction: Using SimplygonSwarm for distributed automatic mesh merging
[2018.10.31-06.48.14:567][  0]LogMeshReduction: Using ProxyLODMeshReduction for automatic mesh merging
[2018.10.31-06.48.14:567][  0]LogMeshReduction: Using QuadricMeshReduction for automatic static mesh reduction
[2018.10.31-06.48.14:567][  0]LogMeshReduction: No automatic skeletal mesh reduction module available
[2018.10.31-06.48.14:587][  0]LogNetVersion: CoopGame 1.0.0, NetCL: 4212847, EngineNetVer: 5, GameNetVer: 0 (Checksum: 3143999938)
[2018.10.31-06.48.15:081][  0]LogPackageLocalizationCache: Processed 11 localized package path(s) for 2 prioritized culture(s) in 0.084395 seconds
[2018.10.31-06.48.15:088][  0]LogUObjectArray: 38425 objects as part of root set at end of initial load.
[2018.10.31-06.48.15:088][  0]LogUObjectAllocator: 6690872 out of 0 bytes used by permanent object pool.
[2018.10.31-06.48.15:088][  0]LogUObjectArray: CloseDisregardForGC: 0/0 objects in disregard for GC pool
[2018.10.31-06.48.16:054][  0]LogTcpMessaging: Initializing TcpMessaging bridge
[2018.10.31-06.48.16:071][  0]LogUdpMessaging: Initializing bridge on interface 0.0.0.0:0 to multicast group 230.0.0.1:6666.
[2018.10.31-06.48.16:265][  0]SourceControl: 소스 컨트롤이 꺼졌습니다.
[2018.10.31-06.48.16:265][  0]SourceControl: 소스 컨트롤이 꺼졌습니다.
[2018.10.31-06.48.16:269][  0]SourceControl: 소스 컨트롤이 꺼졌습니다.
[2018.10.31-06.48.16:271][  0]SourceControl: 소스 컨트롤이 꺼졌습니다.
[2018.10.31-06.48.16:536][  0]LogAndroidPermission: UAndroidPermissionCallbackProxy::GetInstance
[2018.10.31-06.48.16:648][  0]LogOcInput: OculusInput pre-init called
[2018.10.31-06.48.16:723][  0]LogEngine: Initializing Engine...
[2018.10.31-06.48.16:725][  0]LogHMD: Failed to initialize OpenVR with code 110
[2018.10.31-06.48.16:727][  0]LogStats: UGameplayTagsManager::ConstructGameplayTagTree: ImportINI prefixes -  0.000 s
[2018.10.31-06.48.16:727][  0]LogStats: UGameplayTagsManager::ConstructGameplayTagTree: Construct from data asset -  0.000 s
[2018.10.31-06.48.16:728][  0]LogStats: UGameplayTagsManager::ConstructGameplayTagTree: ImportINI -  0.000 s
[2018.10.31-06.48.16:728][  0]LogStats: UGameplayTagsManager::ConstructGameplayTagTree: GameplayTagTreeChangedEvent.Broadcast -  0.000 s
[2018.10.31-06.48.16:940][  0]LogInit: Initializing FReadOnlyCVARCache
[2018.10.31-06.48.16:955][  0]LogAIModule: Creating AISystem for world Untitled
[2018.10.31-06.48.16:974][  0]LogInit: XAudio2 using 'LG ULTRAWIDE-0(NVIDIA High Definition Audio)' : 2 channels at 48 kHz using 16 bits per sample (channel mask 0x3)
[2018.10.31-06.48.17:019][  0]LogInit: FAudioDevice initialized.
[2018.10.31-06.48.17:019][  0]LogNetVersion: Set ProjectVersion to 1.0.0.0. Version Checksum will be recalculated on next use.
[2018.10.31-06.48.17:167][  0]LogDerivedDataCache: Saved boot cache 0.15s 71MB C:/Users/redbr/AppData/Local/UnrealEngine/4.20/DerivedDataCache/Boot.ddc.
[2018.10.31-06.48.17:178][  0]LogInit: Texture streaming: Enabled
[2018.10.31-06.48.17:200][  0]LogEngineSessionManager: EngineSessionManager initialized
[2018.10.31-06.48.17:211][  0]LogInit: Transaction tracking system initialized
[2018.10.31-06.48.17:239][  0]BlueprintLog: New page: 에디터 로드
[2018.10.31-06.48.17:342][  0]LocalizationService: 현지화 서비스가 비활성화되었습니다.
[2018.10.31-06.48.17:631][  0]LogCook: Display: Max memory allowance for cook 16384mb min free memory 0mb
[2018.10.31-06.48.17:631][  0]LogCook: Display: Mobile HDR setting 1
[2018.10.31-06.48.17:632][  0]LogGameplayTags: Display: UGameplayTagsManager::DoneAddingNativeTags. DelegateIsBound: 0
[2018.10.31-06.48.17:632][  0]LogStats: UGameplayTagsManager::ConstructGameplayTagTree: ImportINI prefixes -  0.000 s
[2018.10.31-06.48.17:632][  0]LogStats: UGameplayTagsManager::ConstructGameplayTagTree: Construct from data asset -  0.000 s
[2018.10.31-06.48.17:632][  0]LogStats: UGameplayTagsManager::ConstructGameplayTagTree: ImportINI -  0.000 s
[2018.10.31-06.48.17:632][  0]LogStats: UGameplayTagsManager::ConstructGameplayTagTree: GameplayTagTreeChangedEvent.Broadcast -  0.000 s
[2018.10.31-06.48.17:793][  0]LogFileCache: Scanning file cache for directory 'E:/Unreal Projects/CoopGame/Content/' took 0.01s
[2018.10.31-06.48.17:793][  0]SourceControl: 소스 컨트롤이 꺼졌습니다.
[2018.10.31-06.48.17:793][  0]Cmd: MAP LOAD FILE="../../../../../../Unreal Projects/CoopGame/Content/Maps/P_TestMap.umap" TEMPLATE=0 SHOWPROGRESS=1 FEATURELEVEL=3
[2018.10.31-06.48.17:794][  0]LightingResults: New page: 라이팅 빌드
[2018.10.31-06.48.17:796][  0]MapCheck: New page: 맵 체크
[2018.10.31-06.48.17:796][  0]LightingResults: New page: 라이팅 빌드
[2018.10.31-06.48.18:338][  0]LogAIModule: Creating AISystem for world P_TestMap
[2018.10.31-06.48.18:350][  0]LogEditorServer: Finished looking for orphan Actors (0.000 secs)
[2018.10.31-06.48.18:372][  0]Cmd: MAP CHECKDEP NOCLEARLOG
[2018.10.31-06.48.18:439][  0]MapCheck: 맵 체크 완료: 오류 0 회, 경고 0 회, 소요 시간 65.893ms.
[2018.10.31-06.48.18:440][  0]LogFileHelpers: Loading map 'P_TestMap' took 0.647
[2018.10.31-06.48.18:547][  0]LogSlate: Updating window title bar state: overlay mode, drag disabled, window buttons hidden, title bar hidden
[2018.10.31-06.48.18:558][  0]LogSlate: Updating window title bar state: overlay mode, drag disabled, window buttons hidden, title bar hidden
[2018.10.31-06.48.18:567][  0]LogSlate: Updating window title bar state: overlay mode, drag disabled, window buttons hidden, title bar hidden
[2018.10.31-06.48.18:576][  0]LogSlate: Updating window title bar state: overlay mode, drag disabled, window buttons hidden, title bar hidden
[2018.10.31-06.48.18:583][  0]LogCollectionManager: Loaded 0 collections in 0.001005 seconds
[2018.10.31-06.48.18:631][  0]LogFileCache: Scanning file cache for directory 'E:/Unreal Projects/CoopGame/Saved/Collections/' took 0.01s
[2018.10.31-06.48.18:631][  0]LogFileCache: Scanning file cache for directory 'E:/Unreal Projects/CoopGame/Content/Developers/redbr/Collections/' took 0.01s
[2018.10.31-06.48.18:631][  0]LogFileCache: Scanning file cache for directory 'E:/Unreal Projects/CoopGame/Content/Collections/' took 0.01s
[2018.10.31-06.48.18:631][  0]LogCollectionManager: Rebuilt the GUID cache for 0 collections in 0.000001 seconds
[2018.10.31-06.48.18:642][  0]LogContentBrowser: Native class hierarchy populated in 0.0108 seconds. Added 2575 classes and 606 folders.
[2018.10.31-06.48.18:649][  0]LogContentBrowser: Native class hierarchy updated for 'WidgetCarousel' in 0.0004 seconds. Added 0 classes and 0 folders.
[2018.10.31-06.48.18:696][  0]LogContentBrowser: Native class hierarchy updated for 'AddContentDialog' in 0.0004 seconds. Added 0 classes and 0 folders.
[2018.10.31-06.48.18:704][  0]LogContentBrowser: Native class hierarchy updated for 'SceneOutliner' in 0.0004 seconds. Added 1 classes and 2 folders.
[2018.10.31-06.48.18:829][  0]LogContentBrowser: Native class hierarchy updated for 'HierarchicalLODOutliner' in 0.0005 seconds. Added 0 classes and 0 folders.
[2018.10.31-06.48.18:829][  0]LogLoad: (Engine Initialization) Total time: 9.39 seconds
[2018.10.31-06.48.18:830][  0]LogLoad: (Engine Initialization) Total Blueprint compile time: 0.00 seconds
[2018.10.31-06.48.18:843][  0]LogWindowsTextInputMethodSystem: Display: IME system now activated using TSF (Microsoft 입력기).
[2018.10.31-06.48.18:868][  0]LogContentStreaming: Texture pool size now 1000 MB
[2018.10.31-06.48.18:870][  0]LogSlate: Took 0.000223 seconds to synchronously load lazily loaded font '../../../Engine/Content/Slate/Fonts/Roboto-Regular.ttf' (155K)
[2018.10.31-06.48.18:873][  0]LogSlate: Took 0.002277 seconds to synchronously load lazily loaded font '../../../Engine/Content/Editor/Slate/Fonts/NanumGothic.ttf' (4243K)
[2018.10.31-06.48.18:877][  0]LogSlate: Took 0.002379 seconds to synchronously load lazily loaded font '../../../Engine/Content/Editor/Slate/Fonts/NanumGothicBold.ttf' (4188K)
[2018.10.31-06.48.18:878][  0]LogSlate: Took 0.000211 seconds to synchronously load lazily loaded font '../../../Engine/Content/Slate/Fonts/Roboto-Bold.ttf' (160K)
[2018.10.31-06.48.18:882][  0]LogSlate: Took 0.000207 seconds to synchronously load lazily loaded font '../../../Engine/Content/Editor/Slate/Fonts/FontAwesome.ttf' (139K)
[2018.10.31-06.48.18:998][  0]LogRenderer: Reallocating scene render targets to support 804x360 Format 10 NumSamples 1 (Frame:1).
[2018.10.31-06.48.19:095][  1]LogAssetRegistry: Asset discovery search completed in 5.0967 seconds
[2018.10.31-06.48.19:097][  1]LogCollectionManager: Rebuilt the object cache for 0 collections in 0.000001 seconds (found 0 objects)
[2018.10.31-06.48.19:097][  1]LogCollectionManager: Fixed up redirectors for 0 collections in 0.000226 seconds (updated 0 objects)
[2018.10.31-06.48.38:007][253]LogSlate: FSceneViewport::OnFocusLost() reason 0
[2018.10.31-06.48.38:113][261]LogRenderer: Reallocating scene render targets to support 1616x576 Format 10 NumSamples 1 (Frame:5).
[2018.10.31-06.48.39:636][433]LogTemp: Repeating last play command: 선택된 뷰포트
[2018.10.31-06.48.39:651][433]LogPlayLevel: PlayLevel: No blueprints needed recompiling
[2018.10.31-06.48.39:666][433]PIE: New page: PIE 세션: P_TestMap (2018. 11. 1. 오전 12:48:39)
[2018.10.31-06.48.39:666][433]LogPlayLevel: Creating play world package: /Game/Maps/UEDPIE_0_P_TestMap
[2018.10.31-06.48.39:670][433]LogPlayLevel: PIE: StaticDuplicateObject took: (0.003943s)
[2018.10.31-06.48.39:671][433]LogAIModule: Creating AISystem for world P_TestMap
[2018.10.31-06.48.39:672][433]LogPlayLevel: PIE: World Init took: (0.001741s)
[2018.10.31-06.48.39:672][433]LogPlayLevel: PIE: Created PIE world by copying editor world from /Game/Maps/P_TestMap.P_TestMap to /Game/Maps/UEDPIE_0_P_TestMap.P_TestMap (0.006352s)
[2018.10.31-06.48.39:704][433]LogInit: XAudio2 using 'LG ULTRAWIDE-0(NVIDIA High Definition Audio)' : 2 channels at 48 kHz using 16 bits per sample (channel mask 0x3)
[2018.10.31-06.48.39:717][433]LogInit: FAudioDevice initialized.
[2018.10.31-06.48.39:768][433]LogLoad: Game class is 'GameModeBase'
[2018.10.31-06.48.39:772][433]LogWorld: Bringing World /Game/Maps/UEDPIE_0_P_TestMap.P_TestMap up for play (max tick rate 0) at 2018.10.31-15.48.39
[2018.10.31-06.48.39:773][433]LogWorld: Bringing up level for play took: 0.002724
[2018.10.31-06.48.39:791][433]LogContentBrowser: Native class hierarchy updated for 'MovieSceneCapture' in 0.0004 seconds. Added 10 classes and 0 folders.
[2018.10.31-06.48.39:792][433]PIE: /Game/Maps/UEDPIE_0_P_TestMap 에 대한 에디터에서 플레이 시작 시간: 1.024
[2018.10.31-06.48.51:437][ 15]LogSlate: Updating window title bar state: overlay mode, drag disabled, window buttons hidden, title bar hidden
[2018.10.31-06.48.51:487][ 15]LogPlayLevel: Display: Shutting down PIE online subsystems
[2018.10.31-06.48.51:510][ 15]LogSlate: Updating window title bar state: overlay mode, drag disabled, window buttons hidden, title bar hidden
[2018.10.31-06.48.51:548][ 16]LogPlayLevel: Display: Destroying online subsystem :Context_3
[2018.10.31-07.07.44:152][630]LogSlate: FSceneViewport::OnFocusLost() reason 0
[2018.10.31-07.07.44:227][639]LogTemp: Repeating last play command: 선택된 뷰포트
[2018.10.31-07.07.44:243][639]LogPlayLevel: PlayLevel: No blueprints needed recompiling
[2018.10.31-07.07.44:243][639]PIE: New page: PIE 세션: P_TestMap (2018. 11. 1. 오전 1:07:44)
[2018.10.31-07.07.44:244][639]LogPlayLevel: Creating play world package: /Game/Maps/UEDPIE_0_P_TestMap
[2018.10.31-07.07.44:247][639]LogPlayLevel: PIE: StaticDuplicateObject took: (0.002920s)
[2018.10.31-07.07.44:248][639]LogAIModule: Creating AISystem for world P_TestMap
[2018.10.31-07.07.44:249][639]LogPlayLevel: PIE: World Init took: (0.001530s)
[2018.10.31-07.07.44:249][639]LogPlayLevel: PIE: Created PIE world by copying editor world from /Game/Maps/P_TestMap.P_TestMap to /Game/Maps/UEDPIE_0_P_TestMap.P_TestMap (0.005374s)
[2018.10.31-07.07.44:278][639]LogInit: XAudio2 using 'LG ULTRAWIDE-0(NVIDIA High Definition Audio)' : 2 channels at 48 kHz using 16 bits per sample (channel mask 0x3)
[2018.10.31-07.07.44:289][639]LogInit: FAudioDevice initialized.
[2018.10.31-07.07.44:327][639]LogLoad: Game class is 'GameModeBase'
[2018.10.31-07.07.44:330][639]LogWorld: Bringing World /Game/Maps/UEDPIE_0_P_TestMap.P_TestMap up for play (max tick rate 0) at 2018.10.31-16.07.44
[2018.10.31-07.07.44:330][639]LogWorld: Bringing up level for play took: 0.002731
[2018.10.31-07.07.44:345][639]PIE: /Game/Maps/UEDPIE_0_P_TestMap 에 대한 에디터에서 플레이 시작 시간: -0.423
[2018.10.31-07.07.51:798][ 14]LogSlate: Updating window title bar state: overlay mode, drag disabled, window buttons hidden, title bar hidden
[2018.10.31-07.07.51:850][ 14]LogPlayLevel: Display: Shutting down PIE online subsystems
[2018.10.31-07.07.51:872][ 14]LogSlate: Updating window title bar state: overlay mode, drag disabled, window buttons hidden, title bar hidden
[2018.10.31-07.07.51:907][ 15]LogPlayLevel: Display: Destroying online subsystem :Context_4
[2018.10.31-07.52.37:417][504]LogSlate: FSceneViewport::OnFocusLost() reason 0
[2018.10.31-07.52.37:500][504]LogTemp: Repeating last play command: 선택된 뷰포트
[2018.10.31-07.52.37:516][504]LogPlayLevel: PlayLevel: No blueprints needed recompiling
[2018.10.31-07.52.37:516][504]PIE: New page: PIE 세션: P_TestMap (2018. 11. 1. 오전 1:52:37)
[2018.10.31-07.52.37:516][504]LogPlayLevel: Creating play world package: /Game/Maps/UEDPIE_0_P_TestMap
[2018.10.31-07.52.37:519][504]LogPlayLevel: PIE: StaticDuplicateObject took: (0.002873s)
[2018.10.31-07.52.37:521][504]LogAIModule: Creating AISystem for world P_TestMap
[2018.10.31-07.52.37:521][504]LogPlayLevel: PIE: World Init took: (0.001508s)
[2018.10.31-07.52.37:521][504]LogPlayLevel: PIE: Created PIE world by copying editor world from /Game/Maps/P_TestMap.P_TestMap to /Game/Maps/UEDPIE_0_P_TestMap.P_TestMap (0.004805s)
[2018.10.31-07.52.37:552][504]LogInit: XAudio2 using 'LG ULTRAWIDE-0(NVIDIA High Definition Audio)' : 2 channels at 48 kHz using 16 bits per sample (channel mask 0x3)
[2018.10.31-07.52.37:563][504]LogInit: FAudioDevice initialized.
[2018.10.31-07.52.37:603][504]LogLoad: Game class is 'GameModeBase'
[2018.10.31-07.52.37:608][504]LogWorld: Bringing World /Game/Maps/UEDPIE_0_P_TestMap.P_TestMap up for play (max tick rate 0) at 2018.10.31-16.52.37
[2018.10.31-07.52.37:609][504]LogWorld: Bringing up level for play took: 0.004967
[2018.10.31-07.52.37:627][504]PIE: /Game/Maps/UEDPIE_0_P_TestMap 에 대한 에디터에서 플레이 시작 시간: 0.859
[2018.10.31-08.20.18:113][751]LogSlate: Updating window title bar state: overlay mode, drag disabled, window buttons hidden, title bar hidden
[2018.10.31-08.20.18:169][751]LogPlayLevel: Display: Shutting down PIE online subsystems
[2018.10.31-08.20.18:193][751]LogSlate: Updating window title bar state: overlay mode, drag disabled, window buttons hidden, title bar hidden
[2018.10.31-08.20.18:228][752]LogPlayLevel: Display: Destroying online subsystem :Context_5
[2018.10.31-08.22.00:455][160]LogSlate: FSceneViewport::OnFocusLost() reason 0
[2018.10.31-08.22.15:443][890]LogTexture: Display: 텍스처 빌드: Beam (AutoDXT, 128X64)
[2018.10.31-08.22.15:444][890]LogMaterial: Display: Missing cached shader map for material M_Beam, compiling. 
[2018.10.31-08.22.15:531][890]LogSlate: Took 0.000286 seconds to synchronously load lazily loaded font '../../../Engine/Content/Slate/Fonts/Roboto-Light.ttf' (167K)
[2018.10.31-08.22.15:535][890]LogShaderCompilers: Display: Shaders left to compile 59
[2018.10.31-08.22.15:536][890]LogShaderCompilers: Display: Shaders left to compile 49
[2018.10.31-08.22.15:536][890]LogShaderCompilers: Display: Shaders left to compile 39
[2018.10.31-08.22.15:540][890]LogAssetEditorManager: Opening Asset editor for ParticleSystem /Game/WeaponEffects/BasicTracer/P_SmokeTrail.P_SmokeTrail
[2018.10.31-08.22.15:549][890]LogContentBrowser: Native class hierarchy updated for 'Cascade' in 0.0005 seconds. Added 2 classes and 2 folders.
[2018.10.31-08.22.17:134][  5]LogSlate: Took 0.002907 seconds to synchronously load lazily loaded font '../../../Engine/Content/Slate/Fonts/../../Editor/Slate/Fonts/NanumGothic.ttf' (4243K)
[2018.10.31-08.22.24:840][727]LogShaderCompilers: Display: Shaders left to compile 29
[2018.10.31-08.22.26:695][902]LogShaderCompilers: Display: Shaders left to compile 19
[2018.10.31-08.22.28:694][ 91]LogShaderCompilers: Display: Shaders left to compile 9
[2018.10.31-08.24.06:508][283]LogSlate: FSceneViewport::OnFocusLost() reason 0
[2018.10.31-08.24.30:243][956]LogSlate: FSceneViewport::OnFocusLost() reason 0
[2018.10.31-08.25.11:116][860]LogSlate: Window 'P_SmokeTrail*' being destroyed
[2018.10.31-08.25.14:453][223]LogSlate: Window 'P_SmokeTrail*' being destroyed
[2018.10.31-08.25.17:031][478]LogSlate: FSceneViewport::OnFocusLost() reason 0
[2018.10.31-08.25.20:037][798]LogSlate: FSceneViewport::OnFocusLost() reason 2
[2018.10.31-08.25.22:560][ 97]LogPlayLevel: PlayLevel: No blueprints needed recompiling
[2018.10.31-08.25.22:560][ 97]PIE: New page: SIE 세션: P_TestMap (2018. 11. 1. 오전 2:25:22)
[2018.10.31-08.25.22:561][ 97]LogPlayLevel: Creating play world package: /Game/Maps/UEDPIE_0_P_TestMap
[2018.10.31-08.25.22:564][ 97]LogPlayLevel: PIE: StaticDuplicateObject took: (0.003291s)
[2018.10.31-08.25.22:565][ 97]LogAIModule: Creating AISystem for world P_TestMap
[2018.10.31-08.25.22:566][ 97]LogPlayLevel: PIE: World Init took: (0.001510s)
[2018.10.31-08.25.22:566][ 97]LogPlayLevel: PIE: Created PIE world by copying editor world from /Game/Maps/P_TestMap.P_TestMap to /Game/Maps/UEDPIE_0_P_TestMap.P_TestMap (0.005417s)
[2018.10.31-08.25.22:601][ 97]LogInit: XAudio2 using 'LG ULTRAWIDE-0(NVIDIA High Definition Audio)' : 2 channels at 48 kHz using 16 bits per sample (channel mask 0x3)
[2018.10.31-08.25.22:612][ 97]LogInit: FAudioDevice initialized.
[2018.10.31-08.25.22:612][ 97]LogSlate: FSceneViewport::OnFocusLost() reason 2
[2018.10.31-08.25.22:645][ 97]LogLoad: Game class is 'GameModeBase'
[2018.10.31-08.25.22:648][ 97]LogWorld: Bringing World /Game/Maps/UEDPIE_0_P_TestMap.P_TestMap up for play (max tick rate 0) at 2018.10.31-17.25.22
[2018.10.31-08.25.22:649][ 97]LogWorld: Bringing up level for play took: 0.002539
[2018.10.31-08.25.22:662][ 97]LogGameMode: FindPlayerStart: PATHS NOT DEFINED or NO PLAYERSTART with positive rating
[2018.10.31-08.25.22:663][ 97]PIE: /Game/Maps/UEDPIE_0_P_TestMap 에 대한 에디터에서 플레이 시작 시간: -0.105
[2018.10.31-08.25.27:592][329]LogSlate: FSceneViewport::OnFocusLost() reason 0
[2018.10.31-08.25.30:176][456]LogSlate: Updating window title bar state: overlay mode, drag disabled, window buttons hidden, title bar hidden
[2018.10.31-08.25.30:212][456]LogPlayLevel: Display: Shutting down PIE online subsystems
[2018.10.31-08.25.30:235][456]LogSlate: Updating window title bar state: overlay mode, drag disabled, window buttons hidden, title bar hidden
[2018.10.31-08.25.30:280][458]LogPlayLevel: Display: Destroying online subsystem :Context_7
[2018.10.31-08.25.42:005][766]LogSlate: FSceneViewport::OnFocusLost() reason 2
[2018.10.31-08.25.43:936][994]LogPlayLevel: PlayLevel: No blueprints needed recompiling
[2018.10.31-08.25.43:936][994]PIE: New page: SIE 세션: P_TestMap (2018. 11. 1. 오전 2:25:43)
[2018.10.31-08.25.43:937][994]LogPlayLevel: Creating play world package: /Game/Maps/UEDPIE_0_P_TestMap
[2018.10.31-08.25.43:940][994]LogPlayLevel: PIE: StaticDuplicateObject took: (0.003071s)
[2018.10.31-08.25.43:941][994]LogAIModule: Creating AISystem for world P_TestMap
[2018.10.31-08.25.43:941][994]LogPlayLevel: PIE: World Init took: (0.001060s)
[2018.10.31-08.25.43:941][994]LogPlayLevel: PIE: Created PIE world by copying editor world from /Game/Maps/P_TestMap.P_TestMap to /Game/Maps/UEDPIE_0_P_TestMap.P_TestMap (0.004627s)
[2018.10.31-08.25.43:971][994]LogInit: XAudio2 using 'LG ULTRAWIDE-0(NVIDIA High Definition Audio)' : 2 channels at 48 kHz using 16 bits per sample (channel mask 0x3)
[2018.10.31-08.25.43:982][994]LogInit: FAudioDevice initialized.
[2018.10.31-08.25.43:982][994]LogSlate: FSceneViewport::OnFocusLost() reason 2
[2018.10.31-08.25.44:020][994]LogLoad: Game class is 'GameModeBase'
[2018.10.31-08.25.44:024][994]LogWorld: Bringing World /Game/Maps/UEDPIE_0_P_TestMap.P_TestMap up for play (max tick rate 0) at 2018.10.31-17.25.44
[2018.10.31-08.25.44:025][994]LogWorld: Bringing up level for play took: 0.003948
[2018.10.31-08.25.44:040][994]LogGameMode: FindPlayerStart: PATHS NOT DEFINED or NO PLAYERSTART with positive rating
[2018.10.31-08.25.44:042][994]PIE: /Game/Maps/UEDPIE_0_P_TestMap 에 대한 에디터에서 플레이 시작 시간: -0.726
[2018.10.31-08.25.51:176][125]LogSlate: Updating window title bar state: overlay mode, drag disabled, window buttons hidden, title bar hidden
[2018.10.31-08.25.51:209][125]LogPlayLevel: Display: Shutting down PIE online subsystems
[2018.10.31-08.25.51:232][125]LogSlate: Updating window title bar state: overlay mode, drag disabled, window buttons hidden, title bar hidden
[2018.10.31-08.25.51:283][128]LogPlayLevel: Display: Destroying online subsystem :Context_8
[2018.10.31-08.25.51:848][195]LogTemp: Repeating last play command: 시뮬레이트
[2018.10.31-08.25.51:862][195]LogPlayLevel: PlayLevel: No blueprints needed recompiling
[2018.10.31-08.25.51:862][195]PIE: New page: SIE 세션: P_TestMap (2018. 11. 1. 오전 2:25:51)
[2018.10.31-08.25.51:862][195]LogPlayLevel: Creating play world package: /Game/Maps/UEDPIE_0_P_TestMap
[2018.10.31-08.25.51:865][195]LogPlayLevel: PIE: StaticDuplicateObject took: (0.002660s)
[2018.10.31-08.25.51:866][195]LogAIModule: Creating AISystem for world P_TestMap
[2018.10.31-08.25.51:866][195]LogPlayLevel: PIE: World Init took: (0.001100s)
[2018.10.31-08.25.51:866][195]LogPlayLevel: PIE: Created PIE world by copying editor world from /Game/Maps/P_TestMap.P_TestMap to /Game/Maps/UEDPIE_0_P_TestMap.P_TestMap (0.004121s)
[2018.10.31-08.25.51:897][195]LogInit: XAudio2 using 'LG ULTRAWIDE-0(NVIDIA High Definition Audio)' : 2 channels at 48 kHz using 16 bits per sample (channel mask 0x3)
[2018.10.31-08.25.51:908][195]LogInit: FAudioDevice initialized.
[2018.10.31-08.25.51:942][195]LogLoad: Game class is 'GameModeBase'
[2018.10.31-08.25.51:945][195]LogWorld: Bringing World /Game/Maps/UEDPIE_0_P_TestMap.P_TestMap up for play (max tick rate 0) at 2018.10.31-17.25.51
[2018.10.31-08.25.51:945][195]LogWorld: Bringing up level for play took: 0.002282
[2018.10.31-08.25.51:959][195]LogGameMode: FindPlayerStart: PATHS NOT DEFINED or NO PLAYERSTART with positive rating
[2018.10.31-08.25.51:960][195]PIE: /Game/Maps/UEDPIE_0_P_TestMap 에 대한 에디터에서 플레이 시작 시간: -0.808
[2018.10.31-08.25.53:747][286]LogSlate: Updating window title bar state: overlay mode, drag disabled, window buttons hidden, title bar hidden
[2018.10.31-08.25.53:783][286]LogPlayLevel: Display: Shutting down PIE online subsystems
[2018.10.31-08.25.53:807][286]LogSlate: Updating window title bar state: overlay mode, drag disabled, window buttons hidden, title bar hidden
[2018.10.31-08.25.53:863][289]LogPlayLevel: Display: Destroying online subsystem :Context_9
[2018.10.31-08.26.24:829][935]Cmd: OBJ SAVEPACKAGE PACKAGE="/Game/WeaponEffects/BasicTracer/P_SmokeTrail" FILE="../../../../../../Unreal Projects/CoopGame/Content/WeaponEffects/BasicTracer/P_SmokeTrail.uasset" SILENT=true
[2018.10.31-08.26.24:842][935]LogSavePackage: Moving '../../../../../../Unreal Projects/CoopGame/Saved/P_SmokeTrail5599864E4F3A9A3A25CC19A0E0CAE6FF.tmp' to '../../../../../../Unreal Projects/CoopGame/Content/WeaponEffects/BasicTracer/P_SmokeTrail.uasset'
[2018.10.31-08.26.26:527][136]LogTemp: Repeating last play command: 시뮬레이트
[2018.10.31-08.26.26:542][136]LogPlayLevel: PlayLevel: No blueprints needed recompiling
[2018.10.31-08.26.26:542][136]PIE: New page: SIE 세션: P_TestMap (2018. 11. 1. 오전 2:26:26)
[2018.10.31-08.26.26:543][136]LogPlayLevel: Creating play world package: /Game/Maps/UEDPIE_0_P_TestMap
[2018.10.31-08.26.26:545][136]LogPlayLevel: PIE: StaticDuplicateObject took: (0.002559s)
[2018.10.31-08.26.26:546][136]LogAIModule: Creating AISystem for world P_TestMap
[2018.10.31-08.26.26:547][136]LogPlayLevel: PIE: World Init took: (0.001329s)
[2018.10.31-08.26.26:547][136]LogPlayLevel: PIE: Created PIE world by copying editor world from /Game/Maps/P_TestMap.P_TestMap to /Game/Maps/UEDPIE_0_P_TestMap.P_TestMap (0.004397s)
[2018.10.31-08.26.26:577][136]LogInit: XAudio2 using 'LG ULTRAWIDE-0(NVIDIA High Definition Audio)' : 2 channels at 48 kHz using 16 bits per sample (channel mask 0x3)
[2018.10.31-08.26.26:588][136]LogInit: FAudioDevice initialized.
[2018.10.31-08.26.26:622][136]LogLoad: Game class is 'GameModeBase'
[2018.10.31-08.26.26:625][136]LogWorld: Bringing World /Game/Maps/UEDPIE_0_P_TestMap.P_TestMap up for play (max tick rate 0) at 2018.10.31-17.26.26
[2018.10.31-08.26.26:625][136]LogWorld: Bringing up level for play took: 0.002449
[2018.10.31-08.26.26:639][136]LogGameMode: FindPlayerStart: PATHS NOT DEFINED or NO PLAYERSTART with positive rating
[2018.10.31-08.26.26:640][136]PIE: /Game/Maps/UEDPIE_0_P_TestMap 에 대한 에디터에서 플레이 시작 시간: -0.128
[2018.10.31-08.26.29:484][268]LogSlate: FSceneViewport::OnFocusLost() reason 0
[2018.10.31-08.26.29:577][275]LogSlate: Updating window title bar state: overlay mode, drag disabled, window buttons hidden, title bar hidden
[2018.10.31-08.26.29:618][275]LogPlayLevel: Display: Shutting down PIE online subsystems
[2018.10.31-08.26.29:641][275]LogSlate: Updating window title bar state: overlay mode, drag disabled, window buttons hidden, title bar hidden
[2018.10.31-08.26.29:691][278]LogPlayLevel: Display: Destroying online subsystem :Context_10
[2018.10.31-08.27.45:399][906]Cmd: OBJ SAVEPACKAGE PACKAGE="/Game/Maps/P_TestMap" FILE="../../../../../../Unreal Projects/CoopGame/Saved/Autosaves/Game/Maps/P_TestMap_Auto1.umap" SILENT=true AUTOSAVING=true KEEPDIRTY=false
[2018.10.31-08.27.45:435][906]LogSavePackage: Moving '../../../../../../Unreal Projects/CoopGame/Saved/P_TestMap_Auto1694D656D419E8607149BDC9F277E4AF4.tmp' to '../../../../../../Unreal Projects/CoopGame/Saved/Autosaves/Game/Maps/P_TestMap_Auto1.umap'
[2018.10.31-08.27.45:438][906]LogFileHelpers: Editor autosave (incl. sublevels) for '/Game/Maps/P_TestMap' took 0.062
[2018.10.31-08.27.45:438][906]LogFileHelpers: Editor autosave (incl. sublevels) for all levels took 0.062
[2018.10.31-08.27.48:445][916]LogSlate: FSceneViewport::OnFocusLost() reason 0
[2018.10.31-08.27.48:715][916]LogAssetEditorManager: Opening Asset editor for Material /Game/WeaponEffects/BasicTracer/M_Beam.M_Beam
[2018.10.31-08.27.48:727][916]LogMaterial: Display: Missing cached shader map for material M_Beam, compiling. 
[2018.10.31-08.27.49:072][916]LogMaterial: Display: Missing cached shader map for material M_Beam, compiling. 
[2018.10.31-08.27.49:113][916]LogShaderCompilers: Display: Shaders left to compile 30
[2018.10.31-08.27.49:113][916]LogShaderCompilers: Display: Shaders left to compile 29
[2018.10.31-08.27.49:113][916]LogShaderCompilers: Display: Shaders left to compile 28
[2018.10.31-08.27.49:129][916]LogMaterial: Display: Missing cached shader map for material FMatExpressionPreview MaterialExpressionTextureSample_0, compiling. 
[2018.10.31-08.27.49:159][916]LogSlate: Took 0.000232 seconds to synchronously load lazily loaded font '../../../Engine/Content/Slate/Fonts/Roboto-BoldCondensed.ttf' (158K)
[2018.10.31-08.27.49:631][924]LogShaderCompilers: Display: Shaders left to compile 29
[2018.10.31-08.27.49:638][924]LogShaderCompilers: Display: Shaders left to compile 28
[2018.10.31-08.27.49:699][925]LogSlate: Took 0.000364 seconds to synchronously load lazily loaded font '../../../Engine/Content/Slate/Fonts/Roboto-Italic.ttf' (157K)
[2018.10.31-08.27.49:771][932]LogShaderCompilers: Display: Shaders left to compile 27
[2018.10.31-08.27.49:899][944]LogShaderCompilers: Display: Shaders left to compile 26
[2018.10.31-08.27.49:990][953]LogShaderCompilers: Display: Shaders left to compile 25
[2018.10.31-08.27.50:116][965]LogShaderCompilers: Display: Shaders left to compile 24
[2018.10.31-08.27.50:930][ 30]LogShaderCompilers: Display: Shaders left to compile 23
[2018.10.31-08.27.51:018][ 33]LogShaderCompilers: Display: Shaders left to compile 22
[2018.10.31-08.27.51:334][ 41]LogShaderCompilers: Display: Shaders left to compile 21
[2018.10.31-08.27.51:386][ 42]LogShaderCompilers: Display: Shaders left to compile 20
[2018.10.31-08.27.51:562][ 48]LogShaderCompilers: Display: Shaders left to compile 19
[2018.10.31-08.27.52:138][ 88]LogShaderCompilers: Display: Shaders left to compile 18
[2018.10.31-08.27.52:146][ 89]LogShaderCompilers: Display: Shaders left to compile 17
[2018.10.31-08.27.52:513][126]LogShaderCompilers: Display: Shaders left to compile 16
[2018.10.31-08.27.53:377][213]LogShaderCompilers: Display: Shaders left to compile 15
[2018.10.31-08.27.53:378][213]LogShaderCompilers: Display: Shaders left to compile 14
[2018.10.31-08.27.54:651][331]LogShaderCompilers: Display: Shaders left to compile 13
[2018.10.31-08.27.54:685][334]LogShaderCompilers: Display: Shaders left to compile 12
[2018.10.31-08.27.54:902][354]LogShaderCompilers: Display: Shaders left to compile 11
[2018.10.31-08.27.55:836][439]LogShaderCompilers: Display: Shaders left to compile 10
[2018.10.31-08.27.56:171][473]LogShaderCompilers: Display: Shaders left to compile 9
[2018.10.31-08.27.56:862][538]LogShaderCompilers: Display: Shaders left to compile 8
[2018.10.31-08.27.57:055][556]LogShaderCompilers: Display: Shaders left to compile 7
[2018.10.31-08.27.57:631][619]LogShaderCompilers: Display: Shaders left to compile 6
[2018.10.31-08.27.57:819][640]LogShaderCompilers: Display: Shaders left to compile 5
[2018.10.31-08.27.58:729][736]LogShaderCompilers: Display: Shaders left to compile 4
[2018.10.31-08.27.59:369][792]LogShaderCompilers: Display: Shaders left to compile 3
[2018.10.31-08.27.59:729][826]LogShaderCompilers: Display: Shaders left to compile 2
[2018.10.31-08.28.00:412][889]LogShaderCompilers: Display: Shaders left to compile 1
[2018.10.31-08.28.01:069][950]MaterialEditorStats: Base pass shader: 67 instructions
[2018.10.31-08.28.01:069][950]MaterialEditorStats: Base pass shader with Volumetric Lightmap: 94 instructions
[2018.10.31-08.28.01:070][950]MaterialEditorStats: Base pass vertex shader: 111 instructions
[2018.10.31-08.28.01:070][950]MaterialEditorStats: Texture samplers: 3/16
[2018.10.31-08.28.01:070][950]MaterialEditorStats: Texture Lookups (Est.): VS(0), PS(1)
[2018.10.31-08.28.01:070][950]MaterialEditorStats: User interpolators: 2/4 Scalars (1/4 Vectors) (TexCoords: 2, Custom: 0)
[2018.10.31-08.28.27:756][525]LogSlate: Window '메시지' being destroyed
[2018.10.31-08.28.48:108][943]LogSlate: FSceneViewport::OnFocusLost() reason 0
[2018.10.31-08.35.17:459][953]LogSlate: FSceneViewport::OnFocusLost() reason 2
[2018.10.31-08.38.42:626][897]LogSlate: FSceneViewport::OnFocusLost() reason 2
[2018.10.31-08.38.45:415][167]Candidate modules for hot reload:
[2018.10.31-08.38.45:416][167]  CoopGame
[2018.10.31-08.38.45:416][167]Launching UnrealBuildTool... [E:/Program Files (x86)/Epic Games/UE_4.20/Engine/Binaries/DotNET/UnrealBuildTool.exe  -ModuleWithSuffix=CoopGame,8522 Win64 Development -TargetType=Editor -Project="../../../../../../Unreal Projects/CoopGame/CoopGame.uproject" -canskiplink "E:/Unreal Projects/CoopGame/CoopGame.uproject" ]
[2018.10.31-08.38.45:425][167]Warning: Starting HotReload took  0.0s.
[2018.10.31-08.39.08:718][440]CompilerResultsLog: New page: 컴파일 - 2018. 11. 1. 오전 2:39:08
[2018.10.31-08.39.08:719][440]CompilerResultsLog: Compiling game modules for hot reload
[2018.10.31-08.39.08:719][440]CompilerResultsLog: Parsing headers for CoopGameEditor
[2018.10.31-08.39.08:719][440]CompilerResultsLog:   Running UnrealHeaderTool "E:\Unreal Projects\CoopGame\CoopGame.uproject" "E:\Unreal Projects\CoopGame\Intermediate\Build\Win64\CoopGameEditor\Development\CoopGameEditor.uhtmanifest" -LogCmds="loginit warning, logexit warning, logdatabase error" -Unattended -WarningsAsErrors -installed
[2018.10.31-08.39.08:719][440]CompilerResultsLog: Reflection code generated for CoopGameEditor in 11.2797977 seconds
[2018.10.31-08.39.08:719][440]CompilerResultsLog: Building 5 actions with 4 processes...
[2018.10.31-08.39.08:719][440]CompilerResultsLog:   [1/5] CoopGame.init.gen.cpp
[2018.10.31-08.39.08:719][440]CompilerResultsLog:   [2/5] SWeapon.gen.cpp
[2018.10.31-08.39.08:719][440]LogMainFrame: MainFrame: Module compiling took 23.310 seconds
[2018.10.31-08.39.08:720][440]Warning: HotReload failed, recompile failed
[2018.10.31-08.39.47:289][305]Candidate modules for hot reload:
[2018.10.31-08.39.47:289][305]  CoopGame
[2018.10.31-08.39.47:289][305]Launching UnrealBuildTool... [E:/Program Files (x86)/Epic Games/UE_4.20/Engine/Binaries/DotNET/UnrealBuildTool.exe  -ModuleWithSuffix=CoopGame,3199 Win64 Development -TargetType=Editor -Project="../../../../../../Unreal Projects/CoopGame/CoopGame.uproject" -canskiplink "E:/Unreal Projects/CoopGame/CoopGame.uproject" ]
[2018.10.31-08.39.47:298][305]Warning: Starting HotReload took  0.0s.
[2018.10.31-08.39.59:549][863]CompilerResultsLog: New page: 컴파일 - 2018. 11. 1. 오전 2:39:59
[2018.10.31-08.39.59:549][863]CompilerResultsLog: Compiling game modules for hot reload
[2018.10.31-08.39.59:549][863]CompilerResultsLog: Performing full C++ include scan (no include cache file)
[2018.10.31-08.39.59:549][863]CompilerResultsLog: Building 3 actions with 4 processes...
[2018.10.31-08.39.59:549][863]CompilerResultsLog:   [1/3] SWeapon.cpp
[2018.10.31-08.39.59:549][863]CompilerResultsLog:   [2/3] UE4Editor-CoopGame-3199.lib
[2018.10.31-08.39.59:549][863]CompilerResultsLog:      E:\Unreal Projects\CoopGame\Intermediate\Build\Win64\UE4Editor\Development\CoopGame\UE4Editor-CoopGame-3199.lib ???????? ?? E:\Unreal Projects\CoopGame\Intermediate\Build\Win64\UE4Editor\Development\CoopGame\UE4Editor-CoopGame-3199.exp ??u?? ??????? ??????.
[2018.10.31-08.39.59:549][863]CompilerResultsLog:   [3/3] UE4Editor-CoopGame-3199.dll
[2018.10.31-08.39.59:549][863]CompilerResultsLog:      E:\Unreal Projects\CoopGame\Intermediate\Build\Win64\UE4Editor\Development\CoopGame\UE4Editor-CoopGame-3199.suppressed.lib ???????? ?? E:\Unreal Projects\CoopGame\Intermediate\Build\Win64\UE4Editor\Development\CoopGame\UE4Editor-CoopGame-3199.suppressed.exp ??u?? ??????? ??????.
[2018.10.31-08.39.59:549][863]CompilerResultsLog: Total build time: 11.91 seconds (Parallel executor: 9.69 seconds)
[2018.10.31-08.39.59:550][863]LogMainFrame: MainFrame: Module compiling took 12.266 seconds
[2018.10.31-08.39.59:596][863]LogClass: Could not find existing class SWeapon in package /Script/CoopGame for HotReload, assuming new class
[2018.10.31-08.39.59:596][863]LogClass: Function Fire is new.
[2018.10.31-08.39.59:602][863]LogHotReload: Re-instancing SWeapon after hot-reload.
[2018.10.31-08.39.59:668][863]LogContentBrowser: Native class hierarchy updated for 'CoopGame' in 0.0005 seconds. Added 3 classes and 3 folders.
[2018.10.31-08.39.59:670][863]Display: HotReload successful (0 functions remapped  0 scriptstructs remapped)
[2018.10.31-08.39.59:785][863]LogContentBrowser: Native class hierarchy populated in 0.0108 seconds. Added 2578 classes and 610 folders.
[2018.10.31-08.39.59:786][863]Display: HotReload took 12.5s.
[2018.10.31-08.40.13:936][117]LogAssetEditorManager: Opening Asset editor for Blueprint /Game/Blueprints/BP_Rifle.BP_Rifle
[2018.10.31-08.40.14:501][117]LogContentBrowser: Native class hierarchy updated for 'BlueprintGraph' in 0.0008 seconds. Added 116 classes and 0 folders.
[2018.10.31-08.40.18:031][362]LogAssetEditorManager: Opening Asset editor for Blueprint /Game/Blueprints/BP_Rifle.BP_Rifle
[2018.10.31-08.40.38:651][459]BlueprintLog: New page: BP_Rifle 컴파일
[2018.10.31-08.40.38:885][459]Cmd: OBJ SAVEPACKAGE PACKAGE="/Game/Blueprints/BP_Rifle" FILE="../../../../../../Unreal Projects/CoopGame/Content/Blueprints/BP_Rifle.uasset" SILENT=true
[2018.10.31-08.40.38:902][459]LogSavePackage: Moving '../../../../../../Unreal Projects/CoopGame/Saved/BP_RifleD35DFE9742E02105A38B4D942E53D87F.tmp' to '../../../../../../Unreal Projects/CoopGame/Content/Blueprints/BP_Rifle.uasset'
[2018.10.31-08.40.46:797][256]LogEditorViewport: Clicking on Actor (LMB): Emitter (P_SmokeTrail)
[2018.10.31-08.40.48:252][415]Cmd: DELETE
[2018.10.31-08.40.48:252][415]Cmd: ACTOR DELETE
[2018.10.31-08.40.48:303][415]LogEditorActor: Deleted Actor: Emitter
[2018.10.31-08.40.48:333][415]LogEditorActor: Deleted 1 Actors (0.080 secs)
[2018.10.31-08.40.52:445][562]LogSlate: FSceneViewport::OnFocusLost() reason 2
[2018.10.31-08.40.53:890][724]LogPlayLevel: PlayLevel: No blueprints needed recompiling
[2018.10.31-08.40.53:890][724]PIE: New page: PIE 세션: P_TestMap (2018. 11. 1. 오전 2:40:53)
[2018.10.31-08.40.53:890][724]LogPlayLevel: Creating play world package: /Game/Maps/UEDPIE_0_P_TestMap
[2018.10.31-08.40.53:893][724]LogPlayLevel: PIE: StaticDuplicateObject took: (0.002716s)
[2018.10.31-08.40.53:894][724]LogAIModule: Creating AISystem for world P_TestMap
[2018.10.31-08.40.53:895][724]LogPlayLevel: PIE: World Init took: (0.001215s)
[2018.10.31-08.40.53:895][724]LogPlayLevel: PIE: Created PIE world by copying editor world from /Game/Maps/P_TestMap.P_TestMap to /Game/Maps/UEDPIE_0_P_TestMap.P_TestMap (0.004372s)
[2018.10.31-08.40.53:933][724]LogInit: XAudio2 using 'LG ULTRAWIDE-0(NVIDIA High Definition Audio)' : 2 channels at 48 kHz using 16 bits per sample (channel mask 0x3)
[2018.10.31-08.40.53:944][724]LogInit: FAudioDevice initialized.
[2018.10.31-08.40.53:944][724]LogSlate: FSceneViewport::OnFocusLost() reason 2
[2018.10.31-08.40.53:977][724]LogLoad: Game class is 'GameModeBase'
[2018.10.31-08.40.53:979][724]LogWorld: Bringing World /Game/Maps/UEDPIE_0_P_TestMap.P_TestMap up for play (max tick rate 0) at 2018.10.31-17.40.53
[2018.10.31-08.40.53:980][724]LogWorld: Bringing up level for play took: 0.002332
[2018.10.31-08.40.53:995][724]PIE: /Game/Maps/UEDPIE_0_P_TestMap 에 대한 에디터에서 플레이 시작 시간: -0.773
