Log file open, 10/31/18 17:41:45
LogWindows: Failed to load 'aqProf.dll' (GetLastError=126)
LogWindows: File 'aqProf.dll' does not exist
LogWindows: Failed to load 'VSPerf140.dll' (GetLastError=126)
LogWindows: File 'VSPerf140.dll' does not exist
LogWindows: Failed to load 'VtuneApi.dll' (GetLastError=126)
LogWindows: File 'VtuneApi.dll' does not exist
LogWindows: Failed to load 'VtuneApi32e.dll' (GetLastError=126)
LogWindows: File 'VtuneApi32e.dll' does not exist
LogInit: Display: Running engine for game: CoopGame
LogPlatformFile: Not using cached read wrapper
LogTaskGraph: Started task graph with 5 named threads and 14 total threads with 3 sets of task threads.
LogStats: Stats thread started at 0.256280
LogD3D11RHI: Loaded GFSDK_Aftermath_Lib.x64.dll
LogICUInternationalization: Display: ICU TimeZone Detection - Raw Offset: +9:00, Platform Override: ''
LogPluginManager: Mounting plugin Paper2D
LogPluginManager: Mounting plugin AISupport
LogPluginManager: Mounting plugin LightPropagationVolume
LogPluginManager: Mounting plugin CLionSourceCodeAccess
LogPluginManager: Mounting plugin CodeLiteSourceCodeAccess
LogPluginManager: Mounting plugin GitSourceControl
LogPluginManager: Mounting plugin KDevelopSourceCodeAccess
LogPluginManager: Mounting plugin NullSourceCodeAccess
LogPluginManager: Mounting plugin PerforceSourceControl
LogPluginManager: Mounting plugin SubversionSourceControl
LogPluginManager: Mounting plugin UObjectPlugin
LogPluginManager: Mounting plugin VisualStudioCodeSourceCodeAccess
LogPluginManager: Mounting plugin VisualStudioSourceCodeAccess
LogPluginManager: Mounting plugin XCodeSourceCodeAccess
LogPluginManager: Mounting plugin AssetManagerEditor
LogPluginManager: Mounting plugin CryptoKeys
LogPluginManager: Mounting plugin DataValidation
LogPluginManager: Mounting plugin FacialAnimation
LogPluginManager: Mounting plugin GameplayTagsEditor
LogPluginManager: Mounting plugin MacGraphicsSwitching
LogPluginManager: Mounting plugin MeshEditor
LogPluginManager: Mounting plugin MobileLauncherProfileWizard
LogPluginManager: Mounting plugin PluginBrowser
LogPluginManager: Mounting plugin SpeedTreeImporter
LogPluginManager: Mounting plugin DatasmithContent
LogPluginManager: Mounting plugin AlembicImporter
LogPluginManager: Mounting plugin AppleImageUtils
LogPluginManager: Mounting plugin AppleVision
LogPluginManager: Mounting plugin BackChannel
LogPluginManager: Mounting plugin CharacterAI
LogPluginManager: Mounting plugin GeometryCache
LogPluginManager: Mounting plugin HTML5Networking
LogPluginManager: Mounting plugin ProxyLODPlugin
LogPluginManager: Mounting plugin MagicLeap
LogPluginManager: Mounting plugin MagicLeapEmulator
LogPluginManager: Mounting plugin MagicLeapMedia
LogPluginManager: Mounting plugin AndroidMedia
LogPluginManager: Mounting plugin AvfMedia
LogPluginManager: Mounting plugin ImgMedia
LogPluginManager: Mounting plugin LinearTimecode
LogPluginManager: Mounting plugin MediaCompositing
LogPluginManager: Mounting plugin MediaPlayerEditor
LogPluginManager: Mounting plugin WmfMedia
LogPluginManager: Mounting plugin TcpMessaging
LogPluginManager: Mounting plugin UdpMessaging
LogPluginManager: Mounting plugin ActorSequence
LogPluginManager: Mounting plugin LevelSequenceEditor
LogPluginManager: Mounting plugin MatineeToLevelSequence
LogPluginManager: Mounting plugin NetcodeUnitTest
LogPluginManager: Mounting plugin NUTUnrealEngine4
LogPluginManager: Mounting plugin OnlineSubsystemGooglePlay
LogPluginManager: Mounting plugin OnlineSubsystemIOS
LogPluginManager: Mounting plugin OnlineSubsystem
LogPluginManager: Mounting plugin OnlineSubsystemNull
LogPluginManager: Mounting plugin OnlineSubsystemUtils
LogPluginManager: Mounting plugin LauncherChunkInstaller
LogPluginManager: Mounting plugin AndroidDeviceProfileSelector
LogPluginManager: Mounting plugin AndroidMoviePlayer
LogPluginManager: Mounting plugin AndroidPermission
LogPluginManager: Mounting plugin AppleMoviePlayer
LogPluginManager: Mounting plugin ArchVisCharacter
LogPluginManager: Mounting plugin AudioCapture
LogPluginManager: Mounting plugin CableComponent
LogPluginManager: Mounting plugin CustomMeshComponent
LogPluginManager: Mounting plugin EditableMesh
LogPluginManager: Mounting plugin ExampleDeviceProfileSelector
LogPluginManager: Mounting plugin GoogleCloudMessaging
LogPluginManager: Mounting plugin ImmediatePhysics
LogPluginManager: Mounting plugin IOSDeviceProfileSelector
LogPluginManager: Mounting plugin LinuxDeviceProfileSelector
LogPluginManager: Mounting plugin LocationServicesBPLibrary
LogPluginManager: Mounting plugin MobilePatchingUtils
LogPluginManager: Mounting plugin OculusVR
LogPluginManager: Plugin shader directory ../../../Engine/Plugins/Runtime/Oculus/OculusVR/Shaders found
LogPluginManager: Mapping shader source directory ../../../Engine/Plugins/Runtime/Oculus/OculusVR/Shaders to virtual directory /Plugin/OculusVR
LogPluginManager: Mounting plugin PhysXVehicles
LogPluginManager: Mounting plugin ProceduralMeshComponent
LogPluginManager: Mounting plugin RuntimePhysXCooking
LogPluginManager: Mounting plugin SteamVR
LogPluginManager: Mounting plugin WindowsMoviePlayer
LogStreaming: Display: Took  0.108s to configure plugins.
LogInit: Using libcurl 7.55.1-DEV
LogInit:  - built for x86_64-pc-win32
LogInit:  - supports SSL with OpenSSL/1.0.2h
LogInit:  - supports HTTP deflate (compression) using libz 1.2.8
LogInit:  - other features:
LogInit:      CURL_VERSION_SSL
LogInit:      CURL_VERSION_LIBZ
LogInit:      CURL_VERSION_IPV6
LogInit:      CURL_VERSION_ASYNCHDNS
LogInit:      CURL_VERSION_LARGEFILE
LogInit:      CURL_VERSION_IDN
LogInit:  CurlRequestOptions (configurable via config and command line):
LogInit:  - bVerifyPeer = false  - Libcurl will NOT verify peer certificate
LogInit:  - bUseHttpProxy = false  - Libcurl will NOT use HTTP proxy
LogInit:  - bDontReuseConnections = false  - Libcurl will reuse connections
LogInit:  - CertBundlePath = nullptr  - Libcurl will use whatever was configured at build time.
LogInit:  - MaxHostConnections = 16  - Libcurl will limit the number of connections to a host
LogInit:  - LocalHostAddr = Default
LogInit:  - BufferSize = 65536
LogInit: WinSock: version 1.1 (2.2), MaxSocks=32767, MaxUdp=65467
LogInit: Build: ++UE4+Release-4.20-CL-4369336
LogInit: Engine Version: 4.20.3-4369336+++UE4+Release-4.20
LogInit: Compatible Engine Version: 4.20.0-4212847+++UE4+Release-4.20
LogInit: Net CL: 4212847
LogInit: OS: Windows 10 (), CPU:         Intel(R) Core(TM) i5-3570 CPU @ 3.40GHz, GPU: NVIDIA GeForce GTX 650
LogInit: Compiled (64-bit): Sep 17 2018 12:26:19
LogInit: Compiled with Visual C++: 19.13.26129.00
LogInit: Build Configuration: Development
LogInit: Branch Name: ++UE4+Release-4.20
LogInit: Command Line:  -skipcompile
LogInit: Base Directory: E:/Program Files (x86)/Epic Games/UE_4.20/Engine/Binaries/Win64/
LogInit: Installed Engine Build: 1
LogDevObjectVersion: Number of dev versions registered: 20
LogDevObjectVersion:   Dev-Blueprints (B0D832E4-1F89-4F0D-ACCF-7EB736FD4AA2): 10
LogDevObjectVersion:   Dev-Build (E1C64328-A22C-4D53-A36C-8E866417BD8C): 0
LogDevObjectVersion:   Dev-Core (375EC13C-06E4-48FB-B500-84F0262A717E): 2
LogDevObjectVersion:   Dev-Editor (E4B068ED-F494-42E9-A231-DA0B2E46BB41): 24
LogDevObjectVersion:   Dev-Framework (CFFC743F-43B0-4480-9391-14DF171D2073): 34
LogDevObjectVersion:   Dev-Mobile (B02B49B5-BB20-44E9-A304-32B752E40360): 2
LogDevObjectVersion:   Dev-Networking (A4E4105C-59A1-49B5-A7C5-40C4547EDFEE): 0
LogDevObjectVersion:   Dev-Online (39C831C9-5AE6-47DC-9A44-9C173E1C8E7C): 0
LogDevObjectVersion:   Dev-Physics (78F01B33-EBEA-4F98-B9B4-84EACCB95AA2): 0
LogDevObjectVersion:   Dev-Platform (6631380F-2D4D-43E0-8009-CF276956A95A): 0
LogDevObjectVersion:   Dev-Rendering (12F88B9F-8875-4AFC-A67C-D90C383ABD29): 26
LogDevObjectVersion:   Dev-Sequencer (7B5AE74C-D270-4C10-A958-57980B212A5A): 9
LogDevObjectVersion:   Dev-VR (D7296918-1DD6-4BDD-9DE2-64A83CC13884): 2
LogDevObjectVersion:   Dev-LoadTimes (C2A15278-BFE7-4AFE-6C17-90FF531DF755): 1
LogDevObjectVersion:   Private-Geometry (6EACA3D4-40EC-4CC1-B786-8BED09428FC5): 3
LogDevObjectVersion:   Dev-AnimPhys (29E575DD-E0A3-4627-9D10-D276232CDCEA): 17
LogDevObjectVersion:   Dev-ReflectionCapture (6B266CEC-1EC7-4B8F-A30B-E4D90942FC07): 1
LogDevObjectVersion:   Dev-Automation (0DF73D61-A23F-47EA-B727-89E90C41499A): 1
LogDevObjectVersion:   FortniteMain (601D1886-AC64-4F84-AA16-D3DE0DEAC7D6): 12
LogDevObjectVersion:   Dev-Enterprise (9DFFBCD6-494F-0158-E221-12823C92A888): 1
LogStreaming: Display: Took  0.003s to delete old logs.
LogInit: Presizing for max 8388607 objects, including 0 objects not considered by GC, pre-allocating 0 bytes for permanent pool.
LogInit: Object subsystem initialized
[2018.10.31-08.41.46:033][  0]LogInit: Selected Device Profile: [Windows]
[2018.10.31-08.41.46:033][  0]LogInit: Applying CVar settings loaded from the selected device profile: [Windows]
[2018.10.31-08.41.46:044][  0]LogHAL: Display: Platform has ~ 16 GB [17123405824 / 17179869184 / 16], which maps to Larger [LargestMinGB=32, LargerMinGB=12, DefaultMinGB=8, SmallerMinGB=6, SmallestMinGB=0)
[2018.10.31-08.41.46:044][  0]LogInit: Setting Device Profile CVar: [[r.Vulkan.UseRealUBs:1]]
[2018.10.31-08.41.46:044][  0]LogInit: Going up to parent DeviceProfile []
[2018.10.31-08.41.46:044][  0]LogInit: Computer: DESKTOP-G7BSB63
[2018.10.31-08.41.46:044][  0]LogInit: User: redbr
[2018.10.31-08.41.46:044][  0]LogInit: CPU Page size=4096, Cores=4
[2018.10.31-08.41.46:044][  0]LogInit: High frequency timer resolution =3.312793 MHz
[2018.10.31-08.41.46:045][  0]LogMemory: Memory total: Physical=15.9GB (16GB approx)
[2018.10.31-08.41.46:045][  0]LogMemory: Platform Memory Stats for Windows
[2018.10.31-08.41.46:045][  0]LogMemory: Process Physical Memory: 101.47 MB used, 101.47 MB peak
[2018.10.31-08.41.46:045][  0]LogMemory: Process Virtual Memory: 84.43 MB used, 84.43 MB peak
[2018.10.31-08.41.46:045][  0]LogMemory: Physical Memory: 6333.78 MB used,  9996.37 MB free, 16330.15 MB total
[2018.10.31-08.41.46:045][  0]LogMemory: Virtual Memory: 4625.11 MB used,  9996.37 MB free, 134217728.00 MB total
[2018.10.31-08.41.46:165][  0]LogInit: Using OS detected language (ko-KR).
[2018.10.31-08.41.46:165][  0]LogInit: Using OS detected locale (ko-KR).
[2018.10.31-08.41.46:166][  0]LogTextLocalizationManager: No specific localization for 'ko-KR' exists, so the 'ko' localization will be used.
[2018.10.31-08.41.46:545][  0]LogStreaming: Display: Took  0.381s to InitEngineTextLocalization.
[2018.10.31-08.41.46:546][  0]LogInit: Setting process to per monitor DPI aware
[2018.10.31-08.41.46:610][  0]LogSlate: New Slate User Created.  User Index 0, Is Virtual User: 0
[2018.10.31-08.41.46:610][  0]LogSlate: Slate User Registered.  User Index 0, Is Virtual User: 0
[2018.10.31-08.41.46:860][  0]LogHMD: Failed to initialize OpenVR with code 110
[2018.10.31-08.41.46:860][  0]LogD3D11RHI: D3D11 adapters:
[2018.10.31-08.41.46:930][  0]LogD3D11RHI:    0. 'NVIDIA GeForce GTX 650' (Feature Level 11_0)
[2018.10.31-08.41.46:930][  0]LogD3D11RHI:       995/0/8165 MB DedicatedVideo/DedicatedSystem/SharedSystem, Outputs:2, VendorId:0x10de
[2018.10.31-08.41.46:936][  0]LogD3D11RHI:    1. 'Microsoft Basic Render Driver' (Feature Level 11_0)
[2018.10.31-08.41.46:936][  0]LogD3D11RHI:       0/0/8165 MB DedicatedVideo/DedicatedSystem/SharedSystem, Outputs:0, VendorId:0x1414
[2018.10.31-08.41.46:936][  0]LogD3D11RHI: Chosen D3D11 Adapter: 0
[2018.10.31-08.41.46:942][  0]LogD3D11RHI: Creating new Direct3DDevice
[2018.10.31-08.41.46:942][  0]LogD3D11RHI:     GPU DeviceId: 0xfc6 (for the marketing name, search the web for "GPU Device Id")
[2018.10.31-08.41.46:942][  0]LogWindows: EnumDisplayDevices:
[2018.10.31-08.41.46:942][  0]LogWindows:    0. 'NVIDIA GeForce GTX 650' (P:1 D:1)
[2018.10.31-08.41.46:943][  0]LogWindows:    1. 'NVIDIA GeForce GTX 650' (P:0 D:1)
[2018.10.31-08.41.46:943][  0]LogWindows:    2. 'NVIDIA GeForce GTX 650' (P:0 D:0)
[2018.10.31-08.41.46:943][  0]LogWindows: DebugString: FoundDriverCount:3 
[2018.10.31-08.41.46:943][  0]LogD3D11RHI:     Adapter Name: NVIDIA GeForce GTX 650
[2018.10.31-08.41.46:943][  0]LogD3D11RHI:   Driver Version: 388.13 (internal:23.21.13.8813, unified:388.13)
[2018.10.31-08.41.46:943][  0]LogD3D11RHI:      Driver Date: 10-27-2017
[2018.10.31-08.41.46:943][  0]LogRHI: Texture pool is 696 MB (70% of 995 MB)
[2018.10.31-08.41.46:984][  0]LogD3D11RHI: Async texture creation enabled
[2018.10.31-08.41.46:998][  0]LogD3D11RHI: GPU Timing Frequency: 1000.000000 (Debug: 2 1)
[2018.10.31-08.41.47:048][  0]LogShaderCompilers: Guid format shader working directory is 3 characters bigger than the processId version (../../../../../../Unreal Projects/CoopGame/Intermediate/Shaders/WorkingDirectory/15640/).
[2018.10.31-08.41.47:048][  0]LogShaderCompilers: Cleaned the shader compiler working directory 'C:/Users/redbr/AppData/Local/Temp/UnrealShaderWorkingDir/5216E7404649DBE4DB145FA73C70AC29/'.
[2018.10.31-08.41.47:328][  0]LogTemp: Display: Loaded TP AllDesktopTargetPlatform
[2018.10.31-08.41.47:343][  0]LogTemp: Display: Loaded TP MacClientTargetPlatform
[2018.10.31-08.41.47:358][  0]LogTemp: Display: Loaded TP MacNoEditorTargetPlatform
[2018.10.31-08.41.47:374][  0]LogTemp: Display: Loaded TP MacServerTargetPlatform
[2018.10.31-08.41.47:390][  0]LogTemp: Display: Loaded TP MacTargetPlatform
[2018.10.31-08.41.47:409][  0]LogTemp: Display: Loaded TP WindowsClientTargetPlatform
[2018.10.31-08.41.47:426][  0]LogTemp: Display: Loaded TP WindowsNoEditorTargetPlatform
[2018.10.31-08.41.47:442][  0]LogTemp: Display: Loaded TP WindowsServerTargetPlatform
[2018.10.31-08.41.47:450][  0]LogTemp: Display: Loaded TP WindowsTargetPlatform
[2018.10.31-08.41.47:538][  0]LogTemp: Display: Loaded TP AndroidTargetPlatform
[2018.10.31-08.41.47:538][  0]LogTemp: Display: Loaded TP AndroidTargetPlatform
[2018.10.31-08.41.47:538][  0]LogTemp: Display: Loaded TP AndroidTargetPlatform
[2018.10.31-08.41.47:538][  0]LogTemp: Display: Loaded TP AndroidTargetPlatform
[2018.10.31-08.41.47:538][  0]LogTemp: Display: Loaded TP AndroidTargetPlatform
[2018.10.31-08.41.47:538][  0]LogTemp: Display: Loaded TP AndroidTargetPlatform
[2018.10.31-08.41.47:538][  0]LogTemp: Display: Loaded TP AndroidTargetPlatform
[2018.10.31-08.41.47:538][  0]LogTemp: Display: Loaded TP AndroidTargetPlatform
[2018.10.31-08.41.47:538][  0]LogTemp: Display: Loaded TP AndroidTargetPlatform
[2018.10.31-08.41.47:538][  0]LogTemp: Display: Loaded TP AndroidTargetPlatform
[2018.10.31-08.41.47:538][  0]LogTemp: Display: Loaded TP AndroidTargetPlatform
[2018.10.31-08.41.47:538][  0]LogTemp: Display: Loaded TP AndroidTargetPlatform
[2018.10.31-08.41.47:538][  0]LogTemp: Display: Loaded TP AndroidTargetPlatform
[2018.10.31-08.41.47:538][  0]LogTemp: Display: Loaded TP AndroidTargetPlatform
[2018.10.31-08.41.47:539][  0]LogTemp: Display: Loaded TP AndroidTargetPlatform
[2018.10.31-08.41.47:539][  0]LogTemp: Display: Loaded TP AndroidTargetPlatform
[2018.10.31-08.41.47:539][  0]LogTemp: Display: Loaded TP AndroidTargetPlatform
[2018.10.31-08.41.47:539][  0]LogTemp: Display: Loaded TP AndroidTargetPlatform
[2018.10.31-08.41.47:542][  0]LogTemp: Display: Loaded TP HTML5TargetPlatform
[2018.10.31-08.41.47:615][  0]LogTemp: Display: Loaded TP IOSTargetPlatform
[2018.10.31-08.41.47:615][  0]LogTemp: Display: Loaded TP IOSTargetPlatform
[2018.10.31-08.41.47:642][  0]LogTemp: Display: Loaded TP TVOSTargetPlatform
[2018.10.31-08.41.47:642][  0]LogTemp: Display: Loaded TP TVOSTargetPlatform
[2018.10.31-08.41.47:658][  0]LogTemp: Display: Loaded TP LinuxClientTargetPlatform
[2018.10.31-08.41.47:674][  0]LogTemp: Display: Loaded TP LinuxNoEditorTargetPlatform
[2018.10.31-08.41.47:690][  0]LogTemp: Display: Loaded TP LinuxServerTargetPlatform
[2018.10.31-08.41.47:706][  0]LogTemp: Display: Loaded TP LinuxTargetPlatform
[2018.10.31-08.41.47:718][  0]LogTemp: Display: Loaded TP LuminTargetPlatform
[2018.10.31-08.41.47:718][  0]LogTargetPlatformManager: Display: Building Assets For Windows
[2018.10.31-08.41.47:850][  0]LogXGEController: Cleaning working directory: C:/Users/redbr/AppData/Local/Temp/UnrealXGEWorkingDir/
[2018.10.31-08.41.47:851][  0]LogXGEController: Cannot use XGE Controller as Incredibuild is not installed on this machine.
[2018.10.31-08.41.47:851][  0]LogShaderCompilers: Cannot use XGE Shader Compiler as Incredibuild is not installed on this machine.
[2018.10.31-08.41.47:851][  0]LogShaderCompilers: Display: Using Local Shader Compiler.
[2018.10.31-08.41.48:609][  0]LogDerivedDataCache: Display: Max Cache Size: 512 MB
[2018.10.31-08.41.48:672][  0]LogDerivedDataCache: Loaded boot cache 0.06s 71MB C:/Users/redbr/AppData/Local/UnrealEngine/4.20/DerivedDataCache/Boot.ddc.
[2018.10.31-08.41.48:672][  0]LogDerivedDataCache: Display: Loaded Boot cache: C:/Users/redbr/AppData/Local/UnrealEngine/4.20/DerivedDataCache/Boot.ddc
[2018.10.31-08.41.48:672][  0]LogDerivedDataCache: FDerivedDataBackendGraph:  Pak pak cache file ../../../../../../Unreal Projects/CoopGame/DerivedDataCache/DDC.ddp not found, will not use a pak cache.
[2018.10.31-08.41.48:673][  0]LogDerivedDataCache: Unable to find inner node Pak for hierarchical cache Hierarchy.
[2018.10.31-08.41.48:673][  0]LogDerivedDataCache: FDerivedDataBackendGraph:  CompressedPak pak cache file ../../../../../../Unreal Projects/CoopGame/DerivedDataCache/Compressed.ddp not found, will not use a pak cache.
[2018.10.31-08.41.48:673][  0]LogDerivedDataCache: Unable to find inner node CompressedPak for hierarchical cache Hierarchy.
[2018.10.31-08.41.48:686][  0]LogDerivedDataCache: Display: Pak cache opened for reading ../../../Engine/DerivedDataCache/Compressed.ddp.
[2018.10.31-08.41.48:700][  0]LogDerivedDataCache: Using Local data cache path C:/Users/redbr/AppData/Local/UnrealEngine/Common/DerivedDataCache: Writable
[2018.10.31-08.41.48:700][  0]LogDerivedDataCache: Shared data cache path not found in *engine.ini, will not use an Shared cache.
[2018.10.31-08.41.48:700][  0]LogDerivedDataCache: Unable to find inner node Shared for hierarchical cache Hierarchy.
[2018.10.31-08.41.48:719][  0]LogMaterial: Verifying Global Shaders for PCD3D_SM5
[2018.10.31-08.41.48:721][  0]LogSlate: Using FreeType 2.6.0
[2018.10.31-08.41.48:722][  0]LogSlate: SlateFontServices - WITH_FREETYPE: 1, WITH_HARFBUZZ: 1
[2018.10.31-08.41.48:800][  0]LogAssetRegistry: FAssetRegistry took 0.0285 seconds to start up
[2018.10.31-08.41.49:175][  0]LogInit: Selected Device Profile: [Windows]
[2018.10.31-08.41.49:248][  0]LogSimplygon: Simplygon DLL not present - disabling.
[2018.10.31-08.41.49:257][  0]LogMeshReduction: Using SimplygonSwarm for distributed automatic mesh merging
[2018.10.31-08.41.49:257][  0]LogMeshReduction: Using ProxyLODMeshReduction for automatic mesh merging
[2018.10.31-08.41.49:257][  0]LogMeshReduction: Using QuadricMeshReduction for automatic static mesh reduction
[2018.10.31-08.41.49:257][  0]LogMeshReduction: No automatic skeletal mesh reduction module available
[2018.10.31-08.41.49:359][  0]LogNetVersion: CoopGame 1.0.0, NetCL: 4212847, EngineNetVer: 5, GameNetVer: 0 (Checksum: 3143999938)
[2018.10.31-08.41.49:875][  0]LogPackageLocalizationCache: Processed 11 localized package path(s) for 2 prioritized culture(s) in 0.089291 seconds
[2018.10.31-08.41.49:882][  0]LogUObjectArray: 38425 objects as part of root set at end of initial load.
[2018.10.31-08.41.49:882][  0]LogUObjectAllocator: 6690864 out of 0 bytes used by permanent object pool.
[2018.10.31-08.41.49:883][  0]LogUObjectArray: CloseDisregardForGC: 0/0 objects in disregard for GC pool
[2018.10.31-08.41.50:889][  0]LogTcpMessaging: Initializing TcpMessaging bridge
[2018.10.31-08.41.50:907][  0]LogUdpMessaging: Initializing bridge on interface 0.0.0.0:0 to multicast group 230.0.0.1:6666.
[2018.10.31-08.41.51:131][  0]SourceControl: 소스 컨트롤이 꺼졌습니다.
[2018.10.31-08.41.51:131][  0]SourceControl: 소스 컨트롤이 꺼졌습니다.
[2018.10.31-08.41.51:134][  0]SourceControl: 소스 컨트롤이 꺼졌습니다.
[2018.10.31-08.41.51:140][  0]SourceControl: 소스 컨트롤이 꺼졌습니다.
[2018.10.31-08.41.51:466][  0]LogAndroidPermission: UAndroidPermissionCallbackProxy::GetInstance
[2018.10.31-08.41.51:576][  0]LogOcInput: OculusInput pre-init called
[2018.10.31-08.41.51:652][  0]LogEngine: Initializing Engine...
[2018.10.31-08.41.51:653][  0]LogHMD: Failed to initialize OpenVR with code 110
[2018.10.31-08.41.51:655][  0]LogStats: UGameplayTagsManager::ConstructGameplayTagTree: ImportINI prefixes -  0.000 s
[2018.10.31-08.41.51:655][  0]LogStats: UGameplayTagsManager::ConstructGameplayTagTree: Construct from data asset -  0.000 s
[2018.10.31-08.41.51:655][  0]LogStats: UGameplayTagsManager::ConstructGameplayTagTree: ImportINI -  0.000 s
[2018.10.31-08.41.51:655][  0]LogStats: UGameplayTagsManager::ConstructGameplayTagTree: GameplayTagTreeChangedEvent.Broadcast -  0.000 s
[2018.10.31-08.41.51:864][  0]LogInit: Initializing FReadOnlyCVARCache
[2018.10.31-08.41.51:880][  0]LogAIModule: Creating AISystem for world Untitled
[2018.10.31-08.41.51:900][  0]LogInit: XAudio2 using 'LG ULTRAWIDE-0(NVIDIA High Definition Audio)' : 2 channels at 48 kHz using 16 bits per sample (channel mask 0x3)
[2018.10.31-08.41.51:933][  0]LogInit: FAudioDevice initialized.
[2018.10.31-08.41.51:933][  0]LogNetVersion: Set ProjectVersion to 1.0.0.0. Version Checksum will be recalculated on next use.
[2018.10.31-08.41.52:056][  0]LogDerivedDataCache: Saved boot cache 0.12s 71MB C:/Users/redbr/AppData/Local/UnrealEngine/4.20/DerivedDataCache/Boot.ddc.
[2018.10.31-08.41.52:077][  0]LogInit: Texture streaming: Enabled
[2018.10.31-08.41.52:105][  0]LogEngineSessionManager: EngineSessionManager initialized
[2018.10.31-08.41.52:106][  0]LogEngineSessionManager: EngineSessionManager sent abnormal shutdown report. Type=Debugger, SessionId={002F5197-4ADF-EE32-613F-BCA9627BFA71}
[2018.10.31-08.41.52:115][  0]LogInit: Transaction tracking system initialized
[2018.10.31-08.41.52:148][  0]BlueprintLog: New page: 에디터 로드
[2018.10.31-08.41.52:266][  0]LocalizationService: 현지화 서비스가 비활성화되었습니다.
[2018.10.31-08.41.52:566][  0]LogCook: Display: Max memory allowance for cook 16384mb min free memory 0mb
[2018.10.31-08.41.52:566][  0]LogCook: Display: Mobile HDR setting 1
[2018.10.31-08.41.52:566][  0]LogGameplayTags: Display: UGameplayTagsManager::DoneAddingNativeTags. DelegateIsBound: 0
[2018.10.31-08.41.52:567][  0]LogStats: UGameplayTagsManager::ConstructGameplayTagTree: ImportINI prefixes -  0.000 s
[2018.10.31-08.41.52:567][  0]LogStats: UGameplayTagsManager::ConstructGameplayTagTree: Construct from data asset -  0.000 s
[2018.10.31-08.41.52:567][  0]LogStats: UGameplayTagsManager::ConstructGameplayTagTree: ImportINI -  0.000 s
[2018.10.31-08.41.52:567][  0]LogStats: UGameplayTagsManager::ConstructGameplayTagTree: GameplayTagTreeChangedEvent.Broadcast -  0.000 s
[2018.10.31-08.41.52:771][  0]LogFileCache: Scanning file cache for directory 'E:/Unreal Projects/CoopGame/Content/' took 0.02s
[2018.10.31-08.41.52:772][  0]SourceControl: 소스 컨트롤이 꺼졌습니다.
[2018.10.31-08.41.52:772][  0]Cmd: MAP LOAD FILE="../../../../../../Unreal Projects/CoopGame/Content/Maps/P_TestMap.umap" TEMPLATE=0 SHOWPROGRESS=1 FEATURELEVEL=3
[2018.10.31-08.41.52:772][  0]LightingResults: New page: 라이팅 빌드
[2018.10.31-08.41.52:775][  0]MapCheck: New page: 맵 체크
[2018.10.31-08.41.52:775][  0]LightingResults: New page: 라이팅 빌드
[2018.10.31-08.41.53:356][  0]LogAIModule: Creating AISystem for world P_TestMap
[2018.10.31-08.41.53:370][  0]LogEditorServer: Finished looking for orphan Actors (0.000 secs)
[2018.10.31-08.41.53:393][  0]Cmd: MAP CHECKDEP NOCLEARLOG
[2018.10.31-08.41.53:459][  0]MapCheck: 맵 체크 완료: 오류 0 회, 경고 0 회, 소요 시간 65.57ms.
[2018.10.31-08.41.53:459][  0]LogFileHelpers: Loading map 'P_TestMap' took 0.688
[2018.10.31-08.41.53:597][  0]LogSlate: Updating window title bar state: overlay mode, drag disabled, window buttons hidden, title bar hidden
[2018.10.31-08.41.53:606][  0]LogSlate: Updating window title bar state: overlay mode, drag disabled, window buttons hidden, title bar hidden
[2018.10.31-08.41.53:615][  0]LogSlate: Updating window title bar state: overlay mode, drag disabled, window buttons hidden, title bar hidden
[2018.10.31-08.41.53:624][  0]LogSlate: Updating window title bar state: overlay mode, drag disabled, window buttons hidden, title bar hidden
[2018.10.31-08.41.53:631][  0]LogCollectionManager: Loaded 0 collections in 0.001075 seconds
[2018.10.31-08.41.53:678][  0]LogFileCache: Scanning file cache for directory 'E:/Unreal Projects/CoopGame/Saved/Collections/' took 0.01s
[2018.10.31-08.41.53:678][  0]LogFileCache: Scanning file cache for directory 'E:/Unreal Projects/CoopGame/Content/Developers/redbr/Collections/' took 0.01s
[2018.10.31-08.41.53:678][  0]LogFileCache: Scanning file cache for directory 'E:/Unreal Projects/CoopGame/Content/Collections/' took 0.01s
[2018.10.31-08.41.53:678][  0]LogCollectionManager: Rebuilt the GUID cache for 0 collections in 0.000001 seconds
[2018.10.31-08.41.53:689][  0]LogContentBrowser: Native class hierarchy populated in 0.0105 seconds. Added 2575 classes and 606 folders.
[2018.10.31-08.41.53:696][  0]LogContentBrowser: Native class hierarchy updated for 'WidgetCarousel' in 0.0004 seconds. Added 0 classes and 0 folders.
[2018.10.31-08.41.53:745][  0]LogContentBrowser: Native class hierarchy updated for 'AddContentDialog' in 0.0003 seconds. Added 0 classes and 0 folders.
[2018.10.31-08.41.53:753][  0]LogContentBrowser: Native class hierarchy updated for 'SceneOutliner' in 0.0005 seconds. Added 1 classes and 2 folders.
[2018.10.31-08.41.53:873][  0]LogContentBrowser: Native class hierarchy updated for 'HierarchicalLODOutliner' in 0.0005 seconds. Added 0 classes and 0 folders.
[2018.10.31-08.41.53:873][  0]LogLoad: (Engine Initialization) Total time: 9.47 seconds
[2018.10.31-08.41.53:873][  0]LogLoad: (Engine Initialization) Total Blueprint compile time: 0.00 seconds
[2018.10.31-08.41.53:886][  0]LogWindowsTextInputMethodSystem: Display: IME system now activated using TSF (Microsoft 입력기).
[2018.10.31-08.41.53:910][  0]LogContentStreaming: Texture pool size now 1000 MB
[2018.10.31-08.41.53:912][  0]LogSlate: Took 0.000251 seconds to synchronously load lazily loaded font '../../../Engine/Content/Slate/Fonts/Roboto-Regular.ttf' (155K)
[2018.10.31-08.41.53:915][  0]LogSlate: Took 0.002171 seconds to synchronously load lazily loaded font '../../../Engine/Content/Editor/Slate/Fonts/NanumGothic.ttf' (4243K)
[2018.10.31-08.41.53:918][  0]LogSlate: Took 0.002254 seconds to synchronously load lazily loaded font '../../../Engine/Content/Editor/Slate/Fonts/NanumGothicBold.ttf' (4188K)
[2018.10.31-08.41.53:919][  0]LogSlate: Took 0.000221 seconds to synchronously load lazily loaded font '../../../Engine/Content/Slate/Fonts/Roboto-Bold.ttf' (160K)
[2018.10.31-08.41.53:923][  0]LogSlate: Took 0.000250 seconds to synchronously load lazily loaded font '../../../Engine/Content/Editor/Slate/Fonts/FontAwesome.ttf' (139K)
[2018.10.31-08.41.54:031][  0]LogRenderer: Reallocating scene render targets to support 804x360 Format 10 NumSamples 1 (Frame:1).
[2018.10.31-08.41.54:165][  1]LogAssetRegistry: Asset discovery search completed in 5.3891 seconds
[2018.10.31-08.41.54:167][  1]LogCollectionManager: Rebuilt the object cache for 0 collections in 0.000001 seconds (found 0 objects)
[2018.10.31-08.41.54:167][  1]LogCollectionManager: Fixed up redirectors for 0 collections in 0.000142 seconds (updated 0 objects)
[2018.10.31-08.41.58:586][211]LogRenderer: Reallocating scene render targets to support 1616x576 Format 10 NumSamples 1 (Frame:4).
[2018.10.31-08.41.59:583][322]LogSlate: FSceneViewport::OnFocusLost() reason 0
[2018.10.31-08.41.59:658][331]LogTemp: Repeating last play command: 선택된 뷰포트
[2018.10.31-08.41.59:674][331]LogPlayLevel: PlayLevel: No blueprints needed recompiling
[2018.10.31-08.41.59:689][331]PIE: New page: PIE 세션: P_TestMap (2018. 11. 1. 오전 2:41:59)
[2018.10.31-08.41.59:689][331]LogPlayLevel: Creating play world package: /Game/Maps/UEDPIE_0_P_TestMap
[2018.10.31-08.41.59:693][331]LogPlayLevel: PIE: StaticDuplicateObject took: (0.003620s)
[2018.10.31-08.41.59:694][331]LogAIModule: Creating AISystem for world P_TestMap
[2018.10.31-08.41.59:694][331]LogPlayLevel: PIE: World Init took: (0.001185s)
[2018.10.31-08.41.59:694][331]LogPlayLevel: PIE: Created PIE world by copying editor world from /Game/Maps/P_TestMap.P_TestMap to /Game/Maps/UEDPIE_0_P_TestMap.P_TestMap (0.005305s)
[2018.10.31-08.41.59:725][331]LogInit: XAudio2 using 'LG ULTRAWIDE-0(NVIDIA High Definition Audio)' : 2 channels at 48 kHz using 16 bits per sample (channel mask 0x3)
[2018.10.31-08.41.59:736][331]LogInit: FAudioDevice initialized.
[2018.10.31-08.41.59:789][331]LogLoad: Game class is 'GameModeBase'
[2018.10.31-08.41.59:793][331]LogWorld: Bringing World /Game/Maps/UEDPIE_0_P_TestMap.P_TestMap up for play (max tick rate 0) at 2018.10.31-17.41.59
[2018.10.31-08.41.59:793][331]LogWorld: Bringing up level for play took: 0.002566
[2018.10.31-08.41.59:811][331]LogContentBrowser: Native class hierarchy updated for 'MovieSceneCapture' in 0.0004 seconds. Added 10 classes and 0 folders.
[2018.10.31-08.41.59:812][331]PIE: /Game/Maps/UEDPIE_0_P_TestMap 에 대한 에디터에서 플레이 시작 시간: 1.044
[2018.10.31-08.42.32:708][ 41]LogSlate: Updating window title bar state: overlay mode, drag disabled, window buttons hidden, title bar hidden
[2018.10.31-08.42.32:760][ 41]LogPlayLevel: Display: Shutting down PIE online subsystems
[2018.10.31-08.42.32:784][ 41]LogSlate: Updating window title bar state: overlay mode, drag disabled, window buttons hidden, title bar hidden
[2018.10.31-08.42.32:820][ 42]LogPlayLevel: Display: Destroying online subsystem :Context_3
[2018.10.31-08.42.46:837][170]LogSlate: FSceneViewport::OnFocusLost() reason 0
[2018.10.31-08.42.53:460][895]LogSlate: Took 0.000264 seconds to synchronously load lazily loaded font '../../../Engine/Content/Slate/Fonts/Roboto-Light.ttf' (167K)
[2018.10.31-08.42.53:465][895]LogAssetEditorManager: Opening Asset editor for Blueprint /Game/Blueprints/PlayerPwan.PlayerPwan
[2018.10.31-08.42.54:001][895]LogContentBrowser: Native class hierarchy updated for 'BlueprintGraph' in 0.0008 seconds. Added 116 classes and 0 folders.
[2018.10.31-08.42.54:985][895]LogSlate: Took 0.000312 seconds to synchronously load lazily loaded font '../../../Engine/Content/Slate/Fonts/Roboto-BoldCondensed.ttf' (158K)
[2018.10.31-08.42.55:076][896]LogSlate: Took 0.000235 seconds to synchronously load lazily loaded font '../../../Engine/Content/Slate/Fonts/Roboto-Italic.ttf' (157K)
[2018.10.31-08.43.05:670][581]LogSlate: Window 'PlayerPwan' being destroyed
[2018.10.31-08.43.09:309][848]LogAssetEditorManager: Opening Asset editor for Blueprint /Game/Blueprints/BP_Rifle.BP_Rifle
[2018.10.31-08.43.11:278][962]LogAssetEditorManager: Opening Asset editor for Blueprint /Game/Blueprints/BP_Rifle.BP_Rifle
[2018.10.31-08.43.13:552][189]LogAssetEditorManager: Opening Asset editor for ParticleSystem /Game/WeaponEffects/BasicTracer/P_SmokeTrail.P_SmokeTrail
[2018.10.31-08.43.13:561][189]LogContentBrowser: Native class hierarchy updated for 'Cascade' in 0.0005 seconds. Added 2 classes and 2 folders.
[2018.10.31-08.43.15:207][350]LogSlate: Took 0.002412 seconds to synchronously load lazily loaded font '../../../Engine/Content/Slate/Fonts/../../Editor/Slate/Fonts/NanumGothic.ttf' (4243K)
[2018.10.31-08.43.25:113][533]LogSlate: FSceneViewport::OnFocusLost() reason 0
[2018.10.31-08.43.47:733][313]Cmd: OBJ SAVEPACKAGE PACKAGE="/Game/WeaponEffects/BasicTracer/P_SmokeTrail" FILE="../../../../../../Unreal Projects/CoopGame/Content/WeaponEffects/BasicTracer/P_SmokeTrail.uasset" SILENT=true
[2018.10.31-08.43.47:747][313]LogSavePackage: Moving '../../../../../../Unreal Projects/CoopGame/Saved/P_SmokeTrail64E993D74A0FF6E99F225191E0D610F1.tmp' to '../../../../../../Unreal Projects/CoopGame/Content/WeaponEffects/BasicTracer/P_SmokeTrail.uasset'
[2018.10.31-08.43.56:770][242]LogTemp: Repeating last play command: 선택된 뷰포트
[2018.10.31-08.43.56:790][242]LogPlayLevel: PlayLevel: No blueprints needed recompiling
[2018.10.31-08.43.56:790][242]PIE: New page: PIE 세션: P_TestMap (2018. 11. 1. 오전 2:43:56)
[2018.10.31-08.43.56:790][242]LogPlayLevel: Creating play world package: /Game/Maps/UEDPIE_0_P_TestMap
[2018.10.31-08.43.56:793][242]LogPlayLevel: PIE: StaticDuplicateObject took: (0.002655s)
[2018.10.31-08.43.56:794][242]LogAIModule: Creating AISystem for world P_TestMap
[2018.10.31-08.43.56:794][242]LogPlayLevel: PIE: World Init took: (0.001009s)
[2018.10.31-08.43.56:794][242]LogPlayLevel: PIE: Created PIE world by copying editor world from /Game/Maps/P_TestMap.P_TestMap to /Game/Maps/UEDPIE_0_P_TestMap.P_TestMap (0.004058s)
[2018.10.31-08.43.56:840][242]LogInit: XAudio2 using 'LG ULTRAWIDE-0(NVIDIA High Definition Audio)' : 2 channels at 48 kHz using 16 bits per sample (channel mask 0x3)
[2018.10.31-08.43.56:851][242]LogInit: FAudioDevice initialized.
[2018.10.31-08.43.56:886][242]LogLoad: Game class is 'GameModeBase'
[2018.10.31-08.43.56:888][242]LogWorld: Bringing World /Game/Maps/UEDPIE_0_P_TestMap.P_TestMap up for play (max tick rate 0) at 2018.10.31-17.43.56
[2018.10.31-08.43.56:889][242]LogWorld: Bringing up level for play took: 0.002279
[2018.10.31-08.43.56:903][242]PIE: /Game/Maps/UEDPIE_0_P_TestMap 에 대한 에디터에서 플레이 시작 시간: 0.134
[2018.10.31-08.44.22:299][558]LogSlate: Updating window title bar state: overlay mode, drag disabled, window buttons hidden, title bar hidden
[2018.10.31-08.44.22:361][558]LogPlayLevel: Display: Shutting down PIE online subsystems
[2018.10.31-08.44.22:393][558]LogSlate: Updating window title bar state: overlay mode, drag disabled, window buttons hidden, title bar hidden
[2018.10.31-08.44.22:431][559]LogPlayLevel: Display: Destroying online subsystem :Context_11
[2018.10.31-08.44.22:958][613]LogSlate: FSceneViewport::OnFocusLost() reason 0
[2018.10.31-08.44.31:619][571]Cmd: OBJ SAVEPACKAGE PACKAGE="/Game/WeaponEffects/BasicTracer/P_SmokeTrail" FILE="../../../../../../Unreal Projects/CoopGame/Content/WeaponEffects/BasicTracer/P_SmokeTrail.uasset" SILENT=true
[2018.10.31-08.44.31:628][571]LogSavePackage: Moving '../../../../../../Unreal Projects/CoopGame/Saved/P_SmokeTrail09E5AC81472710C66521F8AAE8B3E855.tmp' to '../../../../../../Unreal Projects/CoopGame/Content/WeaponEffects/BasicTracer/P_SmokeTrail.uasset'
[2018.10.31-08.44.32:517][676]Cmd: OBJ SAVEPACKAGE PACKAGE="/Game/WeaponEffects/BasicTracer/P_SmokeTrail" FILE="../../../../../../Unreal Projects/CoopGame/Content/WeaponEffects/BasicTracer/P_SmokeTrail.uasset" SILENT=true
[2018.10.31-08.44.32:527][676]LogSavePackage: Moving '../../../../../../Unreal Projects/CoopGame/Saved/P_SmokeTrail122E52D843E4CEECBEF461B37CEA5122.tmp' to '../../../../../../Unreal Projects/CoopGame/Content/WeaponEffects/BasicTracer/P_SmokeTrail.uasset'
[2018.10.31-08.44.32:689][694]Cmd: OBJ SAVEPACKAGE PACKAGE="/Game/WeaponEffects/BasicTracer/P_SmokeTrail" FILE="../../../../../../Unreal Projects/CoopGame/Content/WeaponEffects/BasicTracer/P_SmokeTrail.uasset" SILENT=true
[2018.10.31-08.44.32:699][694]LogSavePackage: Moving '../../../../../../Unreal Projects/CoopGame/Saved/P_SmokeTrail046F87A34854A386F9300F9D41D5A169.tmp' to '../../../../../../Unreal Projects/CoopGame/Content/WeaponEffects/BasicTracer/P_SmokeTrail.uasset'
[2018.10.31-08.44.32:869][713]Cmd: OBJ SAVEPACKAGE PACKAGE="/Game/WeaponEffects/BasicTracer/P_SmokeTrail" FILE="../../../../../../Unreal Projects/CoopGame/Content/WeaponEffects/BasicTracer/P_SmokeTrail.uasset" SILENT=true
[2018.10.31-08.44.32:879][713]LogSavePackage: Moving '../../../../../../Unreal Projects/CoopGame/Saved/P_SmokeTrail9928ADD94B264ECB075A098D824C12C0.tmp' to '../../../../../../Unreal Projects/CoopGame/Content/WeaponEffects/BasicTracer/P_SmokeTrail.uasset'
[2018.10.31-08.44.42:383][ 15]LogTemp: Repeating last play command: 선택된 뷰포트
[2018.10.31-08.44.42:401][ 15]LogPlayLevel: PlayLevel: No blueprints needed recompiling
[2018.10.31-08.44.42:402][ 15]PIE: New page: PIE 세션: P_TestMap (2018. 11. 1. 오전 2:44:42)
[2018.10.31-08.44.42:402][ 15]LogPlayLevel: Creating play world package: /Game/Maps/UEDPIE_0_P_TestMap
[2018.10.31-08.44.42:405][ 15]LogPlayLevel: PIE: StaticDuplicateObject took: (0.002488s)
[2018.10.31-08.44.42:406][ 15]LogAIModule: Creating AISystem for world P_TestMap
[2018.10.31-08.44.42:406][ 15]LogPlayLevel: PIE: World Init took: (0.001355s)
[2018.10.31-08.44.42:406][ 15]LogPlayLevel: PIE: Created PIE world by copying editor world from /Game/Maps/P_TestMap.P_TestMap to /Game/Maps/UEDPIE_0_P_TestMap.P_TestMap (0.004317s)
[2018.10.31-08.44.42:438][ 15]LogInit: XAudio2 using 'LG ULTRAWIDE-0(NVIDIA High Definition Audio)' : 2 channels at 48 kHz using 16 bits per sample (channel mask 0x3)
[2018.10.31-08.44.42:449][ 15]LogInit: FAudioDevice initialized.
[2018.10.31-08.44.42:489][ 15]LogLoad: Game class is 'GameModeBase'
[2018.10.31-08.44.42:491][ 15]LogWorld: Bringing World /Game/Maps/UEDPIE_0_P_TestMap.P_TestMap up for play (max tick rate 0) at 2018.10.31-17.44.42
[2018.10.31-08.44.42:492][ 15]LogWorld: Bringing up level for play took: 0.002358
[2018.10.31-08.44.42:506][ 15]PIE: /Game/Maps/UEDPIE_0_P_TestMap 에 대한 에디터에서 플레이 시작 시간: -0.262
[2018.10.31-08.44.57:521][753]LogSlate: Updating window title bar state: overlay mode, drag disabled, window buttons hidden, title bar hidden
[2018.10.31-08.44.57:581][753]LogPlayLevel: Display: Shutting down PIE online subsystems
[2018.10.31-08.44.57:626][753]LogSlate: Updating window title bar state: overlay mode, drag disabled, window buttons hidden, title bar hidden
[2018.10.31-08.44.57:662][754]LogPlayLevel: Display: Destroying online subsystem :Context_12
[2018.10.31-08.44.59:380][953]LogSlate: FSceneViewport::OnFocusLost() reason 0
[2018.10.31-08.47.46:734][ 60]LogSlate: FSceneViewport::OnFocusLost() reason 0
[2018.10.31-08.48.06:780][834]LogTemp: Repeating last play command: 선택된 뷰포트
[2018.10.31-08.48.06:801][834]LogPlayLevel: PlayLevel: No blueprints needed recompiling
[2018.10.31-08.48.06:801][834]PIE: New page: PIE 세션: P_TestMap (2018. 11. 1. 오전 2:48:06)
[2018.10.31-08.48.06:801][834]LogPlayLevel: Creating play world package: /Game/Maps/UEDPIE_0_P_TestMap
[2018.10.31-08.48.06:804][834]LogPlayLevel: PIE: StaticDuplicateObject took: (0.002683s)
[2018.10.31-08.48.06:805][834]LogAIModule: Creating AISystem for world P_TestMap
[2018.10.31-08.48.06:805][834]LogPlayLevel: PIE: World Init took: (0.001400s)
[2018.10.31-08.48.06:806][834]LogPlayLevel: PIE: Created PIE world by copying editor world from /Game/Maps/P_TestMap.P_TestMap to /Game/Maps/UEDPIE_0_P_TestMap.P_TestMap (0.004547s)
[2018.10.31-08.48.06:846][834]LogInit: XAudio2 using 'LG ULTRAWIDE-0(NVIDIA High Definition Audio)' : 2 channels at 48 kHz using 16 bits per sample (channel mask 0x3)
[2018.10.31-08.48.06:857][834]LogInit: FAudioDevice initialized.
[2018.10.31-08.48.06:893][834]LogLoad: Game class is 'GameModeBase'
[2018.10.31-08.48.06:896][834]LogWorld: Bringing World /Game/Maps/UEDPIE_0_P_TestMap.P_TestMap up for play (max tick rate 0) at 2018.10.31-17.48.06
[2018.10.31-08.48.06:896][834]LogWorld: Bringing up level for play took: 0.002539
[2018.10.31-08.48.06:911][834]PIE: /Game/Maps/UEDPIE_0_P_TestMap 에 대한 에디터에서 플레이 시작 시간: 0.142
