Log file open, 10/30/18 12:25:19
LogWindows: Failed to load 'aqProf.dll' (GetLastError=126)
LogWindows: File 'aqProf.dll' does not exist
LogWindows: Failed to load 'VSPerf140.dll' (GetLastError=126)
LogWindows: File 'VSPerf140.dll' does not exist
LogWindows: Failed to load 'VtuneApi.dll' (GetLastError=126)
LogWindows: File 'VtuneApi.dll' does not exist
LogWindows: Failed to load 'VtuneApi32e.dll' (GetLastError=126)
LogWindows: File 'VtuneApi32e.dll' does not exist
LogInit: Display: Running engine for game: CoopGame
LogPlatformFile: Not using cached read wrapper
LogTaskGraph: Started task graph with 5 named threads and 14 total threads with 3 sets of task threads.
LogStats: Stats thread started at 0.676675
LogD3D11RHI: Loaded GFSDK_Aftermath_Lib.x64.dll
LogICUInternationalization: Display: ICU TimeZone Detection - Raw Offset: +9:00, Platform Override: ''
LogPluginManager: Mounting plugin Paper2D
LogPluginManager: Mounting plugin AISupport
LogPluginManager: Mounting plugin LightPropagationVolume
LogPluginManager: Mounting plugin CLionSourceCodeAccess
LogPluginManager: Mounting plugin CodeLiteSourceCodeAccess
LogPluginManager: Mounting plugin GitSourceControl
LogPluginManager: Mounting plugin KDevelopSourceCodeAccess
LogPluginManager: Mounting plugin NullSourceCodeAccess
LogPluginManager: Mounting plugin PerforceSourceControl
LogPluginManager: Mounting plugin SubversionSourceControl
LogPluginManager: Mounting plugin UObjectPlugin
LogPluginManager: Mounting plugin VisualStudioCodeSourceCodeAccess
LogPluginManager: Mounting plugin VisualStudioSourceCodeAccess
LogPluginManager: Mounting plugin XCodeSourceCodeAccess
LogPluginManager: Mounting plugin AssetManagerEditor
LogPluginManager: Mounting plugin CryptoKeys
LogPluginManager: Mounting plugin DataValidation
LogPluginManager: Mounting plugin FacialAnimation
LogPluginManager: Mounting plugin GameplayTagsEditor
LogPluginManager: Mounting plugin MacGraphicsSwitching
LogPluginManager: Mounting plugin MeshEditor
LogPluginManager: Mounting plugin MobileLauncherProfileWizard
LogPluginManager: Mounting plugin PluginBrowser
LogPluginManager: Mounting plugin SpeedTreeImporter
LogPluginManager: Mounting plugin DatasmithContent
LogPluginManager: Mounting plugin AlembicImporter
LogPluginManager: Mounting plugin AppleImageUtils
LogPluginManager: Mounting plugin AppleVision
LogPluginManager: Mounting plugin BackChannel
LogPluginManager: Mounting plugin CharacterAI
LogPluginManager: Mounting plugin GeometryCache
LogPluginManager: Mounting plugin HTML5Networking
LogPluginManager: Mounting plugin ProxyLODPlugin
LogPluginManager: Mounting plugin MagicLeap
LogPluginManager: Mounting plugin MagicLeapEmulator
LogPluginManager: Mounting plugin MagicLeapMedia
LogPluginManager: Mounting plugin AndroidMedia
LogPluginManager: Mounting plugin AvfMedia
LogPluginManager: Mounting plugin ImgMedia
LogPluginManager: Mounting plugin LinearTimecode
LogPluginManager: Mounting plugin MediaCompositing
LogPluginManager: Mounting plugin MediaPlayerEditor
LogPluginManager: Mounting plugin WmfMedia
LogPluginManager: Mounting plugin TcpMessaging
LogPluginManager: Mounting plugin UdpMessaging
LogPluginManager: Mounting plugin ActorSequence
LogPluginManager: Mounting plugin LevelSequenceEditor
LogPluginManager: Mounting plugin MatineeToLevelSequence
LogPluginManager: Mounting plugin NetcodeUnitTest
LogPluginManager: Mounting plugin NUTUnrealEngine4
LogPluginManager: Mounting plugin OnlineSubsystemGooglePlay
LogPluginManager: Mounting plugin OnlineSubsystemIOS
LogPluginManager: Mounting plugin OnlineSubsystem
LogPluginManager: Mounting plugin OnlineSubsystemNull
LogPluginManager: Mounting plugin OnlineSubsystemUtils
LogPluginManager: Mounting plugin LauncherChunkInstaller
LogPluginManager: Mounting plugin AndroidDeviceProfileSelector
LogPluginManager: Mounting plugin AndroidMoviePlayer
LogPluginManager: Mounting plugin AndroidPermission
LogPluginManager: Mounting plugin AppleMoviePlayer
LogPluginManager: Mounting plugin ArchVisCharacter
LogPluginManager: Mounting plugin AudioCapture
LogPluginManager: Mounting plugin CableComponent
LogPluginManager: Mounting plugin CustomMeshComponent
LogPluginManager: Mounting plugin EditableMesh
LogPluginManager: Mounting plugin ExampleDeviceProfileSelector
LogPluginManager: Mounting plugin GoogleCloudMessaging
LogPluginManager: Mounting plugin ImmediatePhysics
LogPluginManager: Mounting plugin IOSDeviceProfileSelector
LogPluginManager: Mounting plugin LinuxDeviceProfileSelector
LogPluginManager: Mounting plugin LocationServicesBPLibrary
LogPluginManager: Mounting plugin MobilePatchingUtils
LogPluginManager: Mounting plugin OculusVR
LogPluginManager: Plugin shader directory ../../../Engine/Plugins/Runtime/Oculus/OculusVR/Shaders found
LogPluginManager: Mapping shader source directory ../../../Engine/Plugins/Runtime/Oculus/OculusVR/Shaders to virtual directory /Plugin/OculusVR
LogPluginManager: Mounting plugin PhysXVehicles
LogPluginManager: Mounting plugin ProceduralMeshComponent
LogPluginManager: Mounting plugin RuntimePhysXCooking
LogPluginManager: Mounting plugin SteamVR
LogPluginManager: Mounting plugin WindowsMoviePlayer
LogStreaming: Display: Took  1.697s to configure plugins.
LogInit: Using libcurl 7.55.1-DEV
LogInit:  - built for x86_64-pc-win32
LogInit:  - supports SSL with OpenSSL/1.0.2h
LogInit:  - supports HTTP deflate (compression) using libz 1.2.8
LogInit:  - other features:
LogInit:      CURL_VERSION_SSL
LogInit:      CURL_VERSION_LIBZ
LogInit:      CURL_VERSION_IPV6
LogInit:      CURL_VERSION_ASYNCHDNS
LogInit:      CURL_VERSION_LARGEFILE
LogInit:      CURL_VERSION_IDN
LogInit:  CurlRequestOptions (configurable via config and command line):
LogInit:  - bVerifyPeer = false  - Libcurl will NOT verify peer certificate
LogInit:  - bUseHttpProxy = false  - Libcurl will NOT use HTTP proxy
LogInit:  - bDontReuseConnections = false  - Libcurl will reuse connections
LogInit:  - CertBundlePath = nullptr  - Libcurl will use whatever was configured at build time.
LogInit:  - MaxHostConnections = 16  - Libcurl will limit the number of connections to a host
LogInit:  - LocalHostAddr = Default
LogInit:  - BufferSize = 65536
LogInit: WinSock: version 1.1 (2.2), MaxSocks=32767, MaxUdp=65467
LogInit: Build: ++UE4+Release-4.20-CL-4369336
LogInit: Engine Version: 4.20.3-4369336+++UE4+Release-4.20
LogInit: Compatible Engine Version: 4.20.0-4212847+++UE4+Release-4.20
LogInit: Net CL: 4212847
LogInit: OS: Windows 10 (), CPU:         Intel(R) Core(TM) i5-3570 CPU @ 3.40GHz, GPU: NVIDIA GeForce GTX 650
LogInit: Compiled (64-bit): Sep 17 2018 12:26:19
LogInit: Compiled with Visual C++: 19.13.26129.00
LogInit: Build Configuration: Development
LogInit: Branch Name: ++UE4+Release-4.20
LogInit: Command Line:  -skipcompile
LogInit: Base Directory: E:/Program Files (x86)/Epic Games/UE_4.20/Engine/Binaries/Win64/
LogInit: Installed Engine Build: 1
LogDevObjectVersion: Number of dev versions registered: 20
LogDevObjectVersion:   Dev-Blueprints (B0D832E4-1F89-4F0D-ACCF-7EB736FD4AA2): 10
LogDevObjectVersion:   Dev-Build (E1C64328-A22C-4D53-A36C-8E866417BD8C): 0
LogDevObjectVersion:   Dev-Core (375EC13C-06E4-48FB-B500-84F0262A717E): 2
LogDevObjectVersion:   Dev-Editor (E4B068ED-F494-42E9-A231-DA0B2E46BB41): 24
LogDevObjectVersion:   Dev-Framework (CFFC743F-43B0-4480-9391-14DF171D2073): 34
LogDevObjectVersion:   Dev-Mobile (B02B49B5-BB20-44E9-A304-32B752E40360): 2
LogDevObjectVersion:   Dev-Networking (A4E4105C-59A1-49B5-A7C5-40C4547EDFEE): 0
LogDevObjectVersion:   Dev-Online (39C831C9-5AE6-47DC-9A44-9C173E1C8E7C): 0
LogDevObjectVersion:   Dev-Physics (78F01B33-EBEA-4F98-B9B4-84EACCB95AA2): 0
LogDevObjectVersion:   Dev-Platform (6631380F-2D4D-43E0-8009-CF276956A95A): 0
LogDevObjectVersion:   Dev-Rendering (12F88B9F-8875-4AFC-A67C-D90C383ABD29): 26
LogDevObjectVersion:   Dev-Sequencer (7B5AE74C-D270-4C10-A958-57980B212A5A): 9
LogDevObjectVersion:   Dev-VR (D7296918-1DD6-4BDD-9DE2-64A83CC13884): 2
LogDevObjectVersion:   Dev-LoadTimes (C2A15278-BFE7-4AFE-6C17-90FF531DF755): 1
LogDevObjectVersion:   Private-Geometry (6EACA3D4-40EC-4CC1-B786-8BED09428FC5): 3
LogDevObjectVersion:   Dev-AnimPhys (29E575DD-E0A3-4627-9D10-D276232CDCEA): 17
LogDevObjectVersion:   Dev-ReflectionCapture (6B266CEC-1EC7-4B8F-A30B-E4D90942FC07): 1
LogDevObjectVersion:   Dev-Automation (0DF73D61-A23F-47EA-B727-89E90C41499A): 1
LogDevObjectVersion:   FortniteMain (601D1886-AC64-4F84-AA16-D3DE0DEAC7D6): 12
LogDevObjectVersion:   Dev-Enterprise (9DFFBCD6-494F-0158-E221-12823C92A888): 1
LogStreaming: Display: Took  0.000s to delete old logs.
LogInit: Presizing for max 8388607 objects, including 0 objects not considered by GC, pre-allocating 0 bytes for permanent pool.
LogInit: Object subsystem initialized
[2018.10.30-03.25.22:956][  0]LogInit: Selected Device Profile: [Windows]
[2018.10.30-03.25.22:956][  0]LogInit: Applying CVar settings loaded from the selected device profile: [Windows]
[2018.10.30-03.25.22:978][  0]LogHAL: Display: Platform has ~ 16 GB [17123405824 / 17179869184 / 16], which maps to Larger [LargestMinGB=32, LargerMinGB=12, DefaultMinGB=8, SmallerMinGB=6, SmallestMinGB=0)
[2018.10.30-03.25.22:979][  0]LogInit: Setting Device Profile CVar: [[r.Vulkan.UseRealUBs:1]]
[2018.10.30-03.25.22:979][  0]LogInit: Going up to parent DeviceProfile []
[2018.10.30-03.25.22:979][  0]LogInit: Computer: DESKTOP-G7BSB63
[2018.10.30-03.25.22:979][  0]LogInit: User: redbr
[2018.10.30-03.25.22:979][  0]LogInit: CPU Page size=4096, Cores=4
[2018.10.30-03.25.22:979][  0]LogInit: High frequency timer resolution =3.312793 MHz
[2018.10.30-03.25.22:979][  0]LogMemory: Memory total: Physical=15.9GB (16GB approx)
[2018.10.30-03.25.22:979][  0]LogMemory: Platform Memory Stats for Windows
[2018.10.30-03.25.22:979][  0]LogMemory: Process Physical Memory: 100.13 MB used, 100.13 MB peak
[2018.10.30-03.25.22:979][  0]LogMemory: Process Virtual Memory: 82.70 MB used, 82.70 MB peak
[2018.10.30-03.25.22:979][  0]LogMemory: Physical Memory: 6227.68 MB used,  10102.47 MB free, 16330.15 MB total
[2018.10.30-03.25.22:979][  0]LogMemory: Virtual Memory: 4623.54 MB used,  10102.47 MB free, 134217728.00 MB total
[2018.10.30-03.25.23:125][  0]LogInit: Using OS detected language (ko-KR).
[2018.10.30-03.25.23:126][  0]LogInit: Using OS detected locale (ko-KR).
[2018.10.30-03.25.23:127][  0]LogTextLocalizationManager: No specific localization for 'ko-KR' exists, so the 'ko' localization will be used.
[2018.10.30-03.25.23:630][  0]LogStreaming: Display: Took  0.505s to InitEngineTextLocalization.
[2018.10.30-03.25.23:652][  0]LogInit: Setting process to per monitor DPI aware
[2018.10.30-03.25.23:734][  0]LogSlate: New Slate User Created.  User Index 0, Is Virtual User: 0
[2018.10.30-03.25.23:734][  0]LogSlate: Slate User Registered.  User Index 0, Is Virtual User: 0
[2018.10.30-03.25.24:032][  0]LogHMD: Failed to initialize OpenVR with code 110
[2018.10.30-03.25.24:032][  0]LogD3D11RHI: D3D11 adapters:
[2018.10.30-03.25.24:276][  0]LogD3D11RHI:    0. 'NVIDIA GeForce GTX 650' (Feature Level 11_0)
[2018.10.30-03.25.24:276][  0]LogD3D11RHI:       995/0/8165 MB DedicatedVideo/DedicatedSystem/SharedSystem, Outputs:2, VendorId:0x10de
[2018.10.30-03.25.24:305][  0]LogD3D11RHI:    1. 'Microsoft Basic Render Driver' (Feature Level 11_0)
[2018.10.30-03.25.24:305][  0]LogD3D11RHI:       0/0/8165 MB DedicatedVideo/DedicatedSystem/SharedSystem, Outputs:0, VendorId:0x1414
[2018.10.30-03.25.24:305][  0]LogD3D11RHI: Chosen D3D11 Adapter: 0
[2018.10.30-03.25.24:312][  0]LogD3D11RHI: Creating new Direct3DDevice
[2018.10.30-03.25.24:313][  0]LogD3D11RHI:     GPU DeviceId: 0xfc6 (for the marketing name, search the web for "GPU Device Id")
[2018.10.30-03.25.24:313][  0]LogWindows: EnumDisplayDevices:
[2018.10.30-03.25.24:314][  0]LogWindows:    0. 'NVIDIA GeForce GTX 650' (P:1 D:1)
[2018.10.30-03.25.24:314][  0]LogWindows:    1. 'NVIDIA GeForce GTX 650' (P:0 D:1)
[2018.10.30-03.25.24:314][  0]LogWindows:    2. 'NVIDIA GeForce GTX 650' (P:0 D:0)
[2018.10.30-03.25.24:314][  0]LogWindows: DebugString: FoundDriverCount:3 
[2018.10.30-03.25.24:314][  0]LogD3D11RHI:     Adapter Name: NVIDIA GeForce GTX 650
[2018.10.30-03.25.24:314][  0]LogD3D11RHI:   Driver Version: 388.13 (internal:23.21.13.8813, unified:388.13)
[2018.10.30-03.25.24:314][  0]LogD3D11RHI:      Driver Date: 10-27-2017
[2018.10.30-03.25.24:314][  0]LogRHI: Texture pool is 696 MB (70% of 995 MB)
[2018.10.30-03.25.24:379][  0]LogD3D11RHI: Async texture creation enabled
[2018.10.30-03.25.24:390][  0]LogD3D11RHI: GPU Timing Frequency: 1000.000000 (Debug: 2 1)
[2018.10.30-03.25.24:441][  0]LogShaderCompilers: Guid format shader working directory is 4 characters bigger than the processId version (../../../../../../Unreal Projects/CoopGame/Intermediate/Shaders/WorkingDirectory/6308/).
[2018.10.30-03.25.24:469][  0]LogShaderCompilers: Cleaned the shader compiler working directory 'C:/Users/redbr/AppData/Local/Temp/UnrealShaderWorkingDir/F4355F5744F1D129270FBD9F51C017BA/'.
[2018.10.30-03.25.37:482][  0]LogTemp: Display: Loaded TP AllDesktopTargetPlatform
[2018.10.30-03.25.37:529][  0]LogTemp: Display: Loaded TP MacClientTargetPlatform
[2018.10.30-03.25.37:590][  0]LogTemp: Display: Loaded TP MacNoEditorTargetPlatform
[2018.10.30-03.25.37:634][  0]LogTemp: Display: Loaded TP MacServerTargetPlatform
[2018.10.30-03.25.37:705][  0]LogTemp: Display: Loaded TP MacTargetPlatform
[2018.10.30-03.25.37:736][  0]LogTemp: Display: Loaded TP WindowsClientTargetPlatform
[2018.10.30-03.25.37:767][  0]LogTemp: Display: Loaded TP WindowsNoEditorTargetPlatform
[2018.10.30-03.25.37:786][  0]LogTemp: Display: Loaded TP WindowsServerTargetPlatform
[2018.10.30-03.25.37:798][  0]LogTemp: Display: Loaded TP WindowsTargetPlatform
[2018.10.30-03.25.37:892][  0]LogTemp: Display: Loaded TP AndroidTargetPlatform
[2018.10.30-03.25.37:905][  0]LogTemp: Display: Loaded TP AndroidTargetPlatform
[2018.10.30-03.25.37:905][  0]LogTemp: Display: Loaded TP AndroidTargetPlatform
[2018.10.30-03.25.37:905][  0]LogTemp: Display: Loaded TP AndroidTargetPlatform
[2018.10.30-03.25.37:905][  0]LogTemp: Display: Loaded TP AndroidTargetPlatform
[2018.10.30-03.25.37:906][  0]LogTemp: Display: Loaded TP AndroidTargetPlatform
[2018.10.30-03.25.37:918][  0]LogTemp: Display: Loaded TP AndroidTargetPlatform
[2018.10.30-03.25.37:918][  0]LogTemp: Display: Loaded TP AndroidTargetPlatform
[2018.10.30-03.25.37:919][  0]LogTemp: Display: Loaded TP AndroidTargetPlatform
[2018.10.30-03.25.37:921][  0]LogTemp: Display: Loaded TP AndroidTargetPlatform
[2018.10.30-03.25.37:928][  0]LogTemp: Display: Loaded TP AndroidTargetPlatform
[2018.10.30-03.25.37:948][  0]LogTemp: Display: Loaded TP AndroidTargetPlatform
[2018.10.30-03.25.37:962][  0]LogTemp: Display: Loaded TP AndroidTargetPlatform
[2018.10.30-03.25.37:962][  0]LogTemp: Display: Loaded TP AndroidTargetPlatform
[2018.10.30-03.25.37:971][  0]LogTemp: Display: Loaded TP AndroidTargetPlatform
[2018.10.30-03.25.37:982][  0]LogTemp: Display: Loaded TP AndroidTargetPlatform
[2018.10.30-03.25.37:987][  0]LogTemp: Display: Loaded TP AndroidTargetPlatform
[2018.10.30-03.25.38:000][  0]LogTemp: Display: Loaded TP AndroidTargetPlatform
[2018.10.30-03.25.38:034][  0]LogTemp: Display: Loaded TP HTML5TargetPlatform
[2018.10.30-03.25.38:262][  0]LogTemp: Display: Loaded TP IOSTargetPlatform
[2018.10.30-03.25.38:262][  0]LogTemp: Display: Loaded TP IOSTargetPlatform
[2018.10.30-03.25.38:345][  0]LogTemp: Display: Loaded TP TVOSTargetPlatform
[2018.10.30-03.25.38:348][  0]LogTemp: Display: Loaded TP TVOSTargetPlatform
[2018.10.30-03.25.38:382][  0]LogTemp: Display: Loaded TP LinuxClientTargetPlatform
[2018.10.30-03.25.38:400][  0]LogTemp: Display: Loaded TP LinuxNoEditorTargetPlatform
[2018.10.30-03.25.38:416][  0]LogTemp: Display: Loaded TP LinuxServerTargetPlatform
[2018.10.30-03.25.38:465][  0]LogTemp: Display: Loaded TP LinuxTargetPlatform
[2018.10.30-03.25.38:507][  0]LogTemp: Display: Loaded TP LuminTargetPlatform
[2018.10.30-03.25.38:507][  0]LogTargetPlatformManager: Display: Building Assets For Windows
[2018.10.30-03.25.38:689][  0]LogXGEController: Cannot use XGE Controller as Incredibuild is not installed on this machine.
[2018.10.30-03.25.38:689][  0]LogShaderCompilers: Cannot use XGE Shader Compiler as Incredibuild is not installed on this machine.
[2018.10.30-03.25.38:689][  0]LogShaderCompilers: Display: Using Local Shader Compiler.
[2018.10.30-03.25.39:545][  0]LogDerivedDataCache: Display: Max Cache Size: 512 MB
[2018.10.30-03.25.39:624][  0]LogDerivedDataCache: Loaded boot cache 0.08s 73MB C:/Users/redbr/AppData/Local/UnrealEngine/4.20/DerivedDataCache/Boot.ddc.
[2018.10.30-03.25.39:627][  0]LogDerivedDataCache: Display: Loaded Boot cache: C:/Users/redbr/AppData/Local/UnrealEngine/4.20/DerivedDataCache/Boot.ddc
[2018.10.30-03.25.39:639][  0]LogDerivedDataCache: FDerivedDataBackendGraph:  Pak pak cache file ../../../../../../Unreal Projects/CoopGame/DerivedDataCache/DDC.ddp not found, will not use a pak cache.
[2018.10.30-03.25.39:639][  0]LogDerivedDataCache: Unable to find inner node Pak for hierarchical cache Hierarchy.
[2018.10.30-03.25.39:656][  0]LogDerivedDataCache: FDerivedDataBackendGraph:  CompressedPak pak cache file ../../../../../../Unreal Projects/CoopGame/DerivedDataCache/Compressed.ddp not found, will not use a pak cache.
[2018.10.30-03.25.39:656][  0]LogDerivedDataCache: Unable to find inner node CompressedPak for hierarchical cache Hierarchy.
[2018.10.30-03.25.39:673][  0]LogDerivedDataCache: Display: Pak cache opened for reading ../../../Engine/DerivedDataCache/Compressed.ddp.
[2018.10.30-03.25.39:712][  0]LogDerivedDataCache: Using Local data cache path C:/Users/redbr/AppData/Local/UnrealEngine/Common/DerivedDataCache: Writable
[2018.10.30-03.25.39:712][  0]LogDerivedDataCache: Shared data cache path not found in *engine.ini, will not use an Shared cache.
[2018.10.30-03.25.39:712][  0]LogDerivedDataCache: Unable to find inner node Shared for hierarchical cache Hierarchy.
[2018.10.30-03.25.39:734][  0]LogMaterial: Verifying Global Shaders for PCD3D_SM5
[2018.10.30-03.25.39:735][  0]LogSlate: Using FreeType 2.6.0
[2018.10.30-03.25.39:736][  0]LogSlate: SlateFontServices - WITH_FREETYPE: 1, WITH_HARFBUZZ: 1
[2018.10.30-03.25.39:847][  0]LogAssetRegistry: FAssetRegistry took 0.0599 seconds to start up
[2018.10.30-03.25.40:257][  0]LogInit: Selected Device Profile: [Windows]
[2018.10.30-03.25.40:486][  0]LogSimplygon: Simplygon DLL not present - disabling.
[2018.10.30-03.25.40:496][  0]LogMeshReduction: Using SimplygonSwarm for distributed automatic mesh merging
[2018.10.30-03.25.40:496][  0]LogMeshReduction: Using ProxyLODMeshReduction for automatic mesh merging
[2018.10.30-03.25.40:496][  0]LogMeshReduction: Using QuadricMeshReduction for automatic static mesh reduction
[2018.10.30-03.25.40:496][  0]LogMeshReduction: No automatic skeletal mesh reduction module available
[2018.10.30-03.25.40:523][  0]LogNetVersion: CoopGame 1.0.0, NetCL: 4212847, EngineNetVer: 5, GameNetVer: 0 (Checksum: 3143999938)
[2018.10.30-03.25.41:340][  0]LogPackageLocalizationCache: Processed 11 localized package path(s) for 2 prioritized culture(s) in 0.107278 seconds
[2018.10.30-03.25.41:370][  0]LogUObjectArray: 38425 objects as part of root set at end of initial load.
[2018.10.30-03.25.41:371][  0]LogUObjectAllocator: 6690872 out of 0 bytes used by permanent object pool.
[2018.10.30-03.25.41:371][  0]LogUObjectArray: CloseDisregardForGC: 0/0 objects in disregard for GC pool
[2018.10.30-03.25.43:731][  0]LogTcpMessaging: Initializing TcpMessaging bridge
[2018.10.30-03.25.43:842][  0]LogUdpMessaging: Initializing bridge on interface 0.0.0.0:0 to multicast group 230.0.0.1:6666.
[2018.10.30-03.25.44:509][  0]SourceControl: 소스 컨트롤이 꺼졌습니다.
[2018.10.30-03.25.44:529][  0]SourceControl: 소스 컨트롤이 꺼졌습니다.
[2018.10.30-03.25.44:568][  0]SourceControl: 소스 컨트롤이 꺼졌습니다.
[2018.10.30-03.25.44:603][  0]SourceControl: 소스 컨트롤이 꺼졌습니다.
[2018.10.30-03.25.45:556][  0]LogAndroidPermission: UAndroidPermissionCallbackProxy::GetInstance
[2018.10.30-03.25.46:010][  0]LogOcInput: OculusInput pre-init called
[2018.10.30-03.25.46:113][  0]LogEngine: Initializing Engine...
[2018.10.30-03.25.46:122][  0]LogHMD: Failed to initialize OpenVR with code 110
[2018.10.30-03.25.46:134][  0]LogStats: UGameplayTagsManager::ConstructGameplayTagTree: ImportINI prefixes -  0.000 s
[2018.10.30-03.25.46:148][  0]LogStats: UGameplayTagsManager::ConstructGameplayTagTree: Construct from data asset -  0.000 s
[2018.10.30-03.25.46:148][  0]LogStats: UGameplayTagsManager::ConstructGameplayTagTree: ImportINI -  0.000 s
[2018.10.30-03.25.46:149][  0]LogStats: UGameplayTagsManager::ConstructGameplayTagTree: GameplayTagTreeChangedEvent.Broadcast -  0.000 s
[2018.10.30-03.25.46:412][  0]LogInit: Initializing FReadOnlyCVARCache
[2018.10.30-03.25.46:442][  0]LogAIModule: Creating AISystem for world Untitled
[2018.10.30-03.25.46:471][  0]LogInit: XAudio2 using 'LG ULTRAWIDE-0(NVIDIA High Definition Audio)' : 2 channels at 48 kHz using 16 bits per sample (channel mask 0x3)
[2018.10.30-03.25.46:550][  0]LogInit: FAudioDevice initialized.
[2018.10.30-03.25.46:561][  0]LogNetVersion: Set ProjectVersion to 1.0.0.0. Version Checksum will be recalculated on next use.
[2018.10.30-03.25.46:686][  0]LogDerivedDataCache: Saved boot cache 0.12s 71MB C:/Users/redbr/AppData/Local/UnrealEngine/4.20/DerivedDataCache/Boot.ddc.
[2018.10.30-03.25.46:700][  0]LogInit: Texture streaming: Enabled
[2018.10.30-03.25.46:751][  0]LogEngineSessionManager: EngineSessionManager initialized
[2018.10.30-03.25.46:774][  0]LogInit: Transaction tracking system initialized
[2018.10.30-03.25.46:826][  0]BlueprintLog: New page: 에디터 로드
[2018.10.30-03.25.47:017][  0]LocalizationService: 현지화 서비스가 비활성화되었습니다.
[2018.10.30-03.25.47:603][  0]LogCook: Display: Max memory allowance for cook 16384mb min free memory 0mb
[2018.10.30-03.25.47:604][  0]LogCook: Display: Mobile HDR setting 1
[2018.10.30-03.25.47:604][  0]LogGameplayTags: Display: UGameplayTagsManager::DoneAddingNativeTags. DelegateIsBound: 0
[2018.10.30-03.25.47:604][  0]LogStats: UGameplayTagsManager::ConstructGameplayTagTree: ImportINI prefixes -  0.000 s
[2018.10.30-03.25.47:609][  0]LogStats: UGameplayTagsManager::ConstructGameplayTagTree: Construct from data asset -  0.000 s
[2018.10.30-03.25.47:609][  0]LogFileCache: Scanning file cache for directory 'E:/Unreal Projects/CoopGame/Content/' took 0.07s
[2018.10.30-03.25.47:619][  0]LogStats: UGameplayTagsManager::ConstructGameplayTagTree: ImportINI -  0.000 s
[2018.10.30-03.25.47:619][  0]LogStats: UGameplayTagsManager::ConstructGameplayTagTree: GameplayTagTreeChangedEvent.Broadcast -  0.000 s
[2018.10.30-03.25.48:036][  0]SourceControl: 소스 컨트롤이 꺼졌습니다.
[2018.10.30-03.25.48:037][  0]Cmd: MAP LOAD FILE="../../../Engine/Content/Maps/Templates/Template_Default.umap" TEMPLATE=1 SHOWPROGRESS=1 FEATURELEVEL=3
[2018.10.30-03.25.48:037][  0]LightingResults: New page: 라이팅 빌드
[2018.10.30-03.25.48:039][  0]MapCheck: New page: 맵 체크
[2018.10.30-03.25.48:039][  0]LightingResults: New page: 라이팅 빌드
[2018.10.30-03.26.01:294][  0]LogAIModule: Creating AISystem for world Untitled_1
[2018.10.30-03.26.01:304][  0]LogEditorServer: Finished looking for orphan Actors (0.000 secs)
[2018.10.30-03.26.01:342][  0]Cmd: MAP CHECKDEP NOCLEARLOG
[2018.10.30-03.26.01:404][  0]MapCheck: 맵 체크 완료: 오류 0 회, 경고 0 회, 소요 시간 54.915ms.
[2018.10.30-03.26.01:409][  0]LogFileHelpers: Loading map 'Template_Default' took 13.372
[2018.10.30-03.26.01:546][  0]LogSlate: Updating window title bar state: overlay mode, drag disabled, window buttons hidden, title bar hidden
[2018.10.30-03.26.01:557][  0]LogSlate: Updating window title bar state: overlay mode, drag disabled, window buttons hidden, title bar hidden
[2018.10.30-03.26.01:567][  0]LogSlate: Updating window title bar state: overlay mode, drag disabled, window buttons hidden, title bar hidden
[2018.10.30-03.26.01:580][  0]LogSlate: Updating window title bar state: overlay mode, drag disabled, window buttons hidden, title bar hidden
[2018.10.30-03.26.01:621][  0]LogCollectionManager: Loaded 0 collections in 0.000903 seconds
[2018.10.30-03.26.01:711][  0]LogFileCache: Scanning file cache for directory 'E:/Unreal Projects/CoopGame/Saved/Collections/' took 0.02s
[2018.10.30-03.26.01:712][  0]LogFileCache: Scanning file cache for directory 'E:/Unreal Projects/CoopGame/Content/Developers/redbr/Collections/' took 0.02s
[2018.10.30-03.26.01:712][  0]LogFileCache: Scanning file cache for directory 'E:/Unreal Projects/CoopGame/Content/Collections/' took 0.01s
[2018.10.30-03.26.01:712][  0]LogCollectionManager: Rebuilt the GUID cache for 0 collections in 0.000001 seconds
[2018.10.30-03.26.01:723][  0]LogContentBrowser: Native class hierarchy populated in 0.0112 seconds. Added 2573 classes and 605 folders.
[2018.10.30-03.26.01:729][  0]LogContentBrowser: Native class hierarchy updated for 'WidgetCarousel' in 0.0004 seconds. Added 0 classes and 0 folders.
[2018.10.30-03.26.01:774][  0]LogContentBrowser: Native class hierarchy updated for 'AddContentDialog' in 0.0004 seconds. Added 0 classes and 0 folders.
[2018.10.30-03.26.01:806][  0]LogContentBrowser: Native class hierarchy updated for 'SceneOutliner' in 0.0006 seconds. Added 1 classes and 2 folders.
[2018.10.30-03.26.01:902][  0]LogSlate: Took 0.000253 seconds to synchronously load lazily loaded font '../../../Engine/Content/Slate/Fonts/Roboto-Regular.ttf' (155K)
[2018.10.30-03.26.01:920][  0]LogSlate: Took 0.002671 seconds to synchronously load lazily loaded font '../../../Engine/Content/Editor/Slate/Fonts/NanumGothic.ttf' (4243K)
[2018.10.30-03.26.01:924][  0]LogSlate: Took 0.003173 seconds to synchronously load lazily loaded font '../../../Engine/Content/Editor/Slate/Fonts/NanumGothicBold.ttf' (4188K)
[2018.10.30-03.26.01:924][  0]LogSlate: Took 0.000168 seconds to synchronously load lazily loaded font '../../../Engine/Content/Slate/Fonts/Roboto-Bold.ttf' (160K)
[2018.10.30-03.26.01:929][  0]LogSlate: Took 0.000203 seconds to synchronously load lazily loaded font '../../../Engine/Content/Editor/Slate/Fonts/FontAwesome.ttf' (139K)
[2018.10.30-03.26.01:930][  0]LogSlate: Took 0.000111 seconds to synchronously load lazily loaded font '../../../Engine/Content/Slate/Fonts/DroidSansMono.ttf' (77K)
[2018.10.30-03.26.01:954][  0]LogSlate: Took 0.002572 seconds to synchronously load lazily loaded font '../../../Engine/Content/Editor/Slate/Fonts/NanumGothicExtraBold.ttf' (4074K)
[2018.10.30-03.26.02:074][  0]LogRenderer: Reallocating scene render targets to support 1616x576 Format 10 NumSamples 1 (Frame:1).
[2018.10.30-03.26.02:383][  0]LogContentBrowser: Native class hierarchy updated for 'HierarchicalLODOutliner' in 0.0005 seconds. Added 0 classes and 0 folders.
[2018.10.30-03.26.02:384][  0]LogLoad: (Engine Initialization) Total time: 44.54 seconds
[2018.10.30-03.26.02:384][  0]LogLoad: (Engine Initialization) Total Blueprint compile time: 0.00 seconds
[2018.10.30-03.26.02:396][  0]LogWindowsTextInputMethodSystem: Display: IME system now activated using TSF (Microsoft 입력기).
[2018.10.30-03.26.02:421][  0]LogContentStreaming: Texture pool size now 1000 MB
[2018.10.30-03.26.02:449][  1]LogAssetRegistry: Asset discovery search completed in 22.6580 seconds
[2018.10.30-03.26.02:462][  1]LogCollectionManager: Rebuilt the object cache for 0 collections in 0.000001 seconds (found 0 objects)
[2018.10.30-03.26.02:480][  1]LogCollectionManager: Fixed up redirectors for 0 collections in 0.018200 seconds (updated 0 objects)
[2018.10.30-03.26.10:965][301]LogSlate: FSceneViewport::OnFocusLost() reason 2
[2018.10.30-03.26.12:459][370]LogSlate: Took 0.000244 seconds to synchronously load lazily loaded font '../../../Engine/Content/Slate/Fonts/Roboto-Light.ttf' (167K)
[2018.10.30-03.26.12:487][370]LogSlate: FSceneViewport::OnFocusLost() reason 2
[2018.10.30-03.26.12:875][370]LogSlate: FSceneViewport::OnFocusLost() reason 2
[2018.10.30-03.26.12:894][370]LogSlate: Took 0.000309 seconds to synchronously load lazily loaded font '../../../Engine/Content/Slate/Fonts/Roboto-BoldCondensed.ttf' (158K)
[2018.10.30-03.27.00:197][332]Running E:/Program Files (x86)/Epic Games/UE_4.20/Engine/Binaries/DotNET/UnrealBuildTool.exe Win64 Development -TargetType=Editor -Project="E:/Unreal Projects/CoopGame/CoopGame.uproject" -invalidatemakefilesonly
[2018.10.30-03.27.01:749][332]Invalidating makefiles only in this run.
[2018.10.30-03.27.01:926][332]Candidate modules for hot reload:
[2018.10.30-03.27.01:934][332]  CoopGame
[2018.10.30-03.27.01:934][332]Launching UnrealBuildTool... [E:/Program Files (x86)/Epic Games/UE_4.20/Engine/Binaries/DotNET/UnrealBuildTool.exe  -ModuleWithSuffix=CoopGame,4307 Win64 Development -TargetType=Editor -Project="../../../../../../Unreal Projects/CoopGame/CoopGame.uproject" -canskiplink "E:/Unreal Projects/CoopGame/CoopGame.uproject" ]
[2018.10.30-03.30.37:684][332]CompilerResultsLog: New page: 컴파일 - 2018. 10. 30. 오후 9:30:37
[2018.10.30-03.30.37:685][332]CompilerResultsLog: Creating makefile for hot reloading CoopGameEditor (no existing makefile)
[2018.10.30-03.30.37:685][332]CompilerResultsLog: Compiling game modules for hot reload
[2018.10.30-03.30.37:685][332]CompilerResultsLog: Using Visual Studio 2017 14.15.26726 toolchain (C:\Program Files (x86)\Microsoft Visual Studio\2017\Community\VC\Tools\MSVC\14.15.26726) and Windows 10.0.17134.0 SDK (C:\Program Files (x86)\Windows Kits\10).
[2018.10.30-03.30.37:686][332]CompilerResultsLog: Parsing headers for CoopGameEditor
[2018.10.30-03.30.37:686][332]CompilerResultsLog:   Running UnrealHeaderTool "E:\Unreal Projects\CoopGame\CoopGame.uproject" "E:\Unreal Projects\CoopGame\Intermediate\Build\Win64\CoopGameEditor\Development\CoopGameEditor.uhtmanifest" -LogCmds="loginit warning, logexit warning, logdatabase error" -Unattended -WarningsAsErrors -installed
[2018.10.30-03.30.37:687][332]CompilerResultsLog: Reflection code generated for CoopGameEditor in 17.0673803 seconds
[2018.10.30-03.30.37:687][332]CompilerResultsLog: Building 8 actions with 4 processes...
[2018.10.30-03.30.37:687][332]CompilerResultsLog:   [1/8] CoopGame.cpp
[2018.10.30-03.30.37:687][332]CompilerResultsLog:   [2/8] CoopGameGameModeBase.cpp
[2018.10.30-03.30.37:687][332]CompilerResultsLog:   [3/8] SCharacter.cpp
[2018.10.30-03.30.37:688][332]CompilerResultsLog:   [4/8] CoopGame.init.gen.cpp
[2018.10.30-03.30.37:688][332]CompilerResultsLog:   [5/8] CoopGameGameModeBase.gen.cpp
[2018.10.30-03.30.37:688][332]CompilerResultsLog:   [6/8] SCharacter.gen.cpp
[2018.10.30-03.30.37:688][332]CompilerResultsLog:   [7/8] UE4Editor-CoopGame-4307.lib
[2018.10.30-03.30.37:688][332]CompilerResultsLog:      E:\Unreal Projects\CoopGame\Intermediate\Build\Win64\UE4Editor\Development\CoopGame\UE4Editor-CoopGame-4307.lib ???????? ?? E:\Unreal Projects\CoopGame\Intermediate\Build\Win64\UE4Editor\Development\CoopGame\UE4Editor-CoopGame-4307.exp ??u?? ??????? ??????.
[2018.10.30-03.30.37:689][332]CompilerResultsLog:   [8/8] UE4Editor-CoopGame-4307.dll
[2018.10.30-03.30.37:689][332]CompilerResultsLog:      E:\Unreal Projects\CoopGame\Intermediate\Build\Win64\UE4Editor\Development\CoopGame\UE4Editor-CoopGame-4307.suppressed.lib ???????? ?? E:\Unreal Projects\CoopGame\Intermediate\Build\Win64\UE4Editor\Development\CoopGame\UE4Editor-CoopGame-4307.suppressed.exp ??u?? ??????? ??????.
[2018.10.30-03.30.37:690][332]CompilerResultsLog: Total build time: 215.14 seconds (Parallel executor: 149.40 seconds)
[2018.10.30-03.30.37:690][332]LogMainFrame: MainFrame: Module compiling took 215.769 seconds
[2018.10.30-03.30.37:738][332]LogClass: Could not find existing class SCharacter in package /Script/CoopGame for HotReload, assuming new class
[2018.10.30-03.30.37:740][332]LogContentBrowser: Native class hierarchy updated for 'CoopGame' in 0.0005 seconds. Added 2 classes and 3 folders.
[2018.10.30-03.30.37:743][332]Display: HotReload successful (0 functions remapped  0 scriptstructs remapped)
[2018.10.30-03.30.37:891][332]LogContentBrowser: Native class hierarchy populated in 0.0107 seconds. Added 2575 classes and 608 folders.
[2018.10.30-03.30.37:903][332]Display: HotReload took 216.0s.
[2018.10.30-03.30.37:904][332]Warning: HotReload operation took 216.0s.
[2018.10.30-03.30.39:459][332]LogSlate: Window 'C++ 클래스 추가' being destroyed
[2018.10.30-03.30.39:471][332]LogHotReload: New module detected: UE4Editor-CoopGame-4307.dll
[2018.10.30-03.30.39:495][332]LogSlate: FSceneViewport::OnFocusLost() reason 2
[2018.10.30-03.30.39:517][333]LogHotReload: Starting Hot-Reload from IDE
[2018.10.30-03.30.39:573][333]LogContentBrowser: Native class hierarchy updated for 'CoopGame' in 0.0004 seconds. Added 2 classes and 3 folders.
[2018.10.30-03.30.39:577][333]Display: HotReload successful (0 functions remapped  0 scriptstructs remapped)
[2018.10.30-03.30.39:714][333]LogContentBrowser: Native class hierarchy populated in 0.0139 seconds. Added 2575 classes and 608 folders.
[2018.10.30-03.30.39:723][333]Display: HotReload took  0.2s.
[2018.10.30-03.47.21:404][375]Candidate modules for hot reload:
[2018.10.30-03.47.21:404][375]  CoopGame
[2018.10.30-03.47.21:405][375]Launching UnrealBuildTool... [E:/Program Files (x86)/Epic Games/UE_4.20/Engine/Binaries/DotNET/UnrealBuildTool.exe  -ModuleWithSuffix=CoopGame,5154 Win64 Development -TargetType=Editor -Project="../../../../../../Unreal Projects/CoopGame/CoopGame.uproject" -canskiplink "E:/Unreal Projects/CoopGame/CoopGame.uproject" ]
[2018.10.30-03.47.21:423][375]Warning: Starting HotReload took  0.0s.
[2018.10.30-03.47.32:190][  0]LogSlate: Only BGRA pngs, bmps or icos are supported in by External Image Picker
[2018.10.30-03.47.32:382][  4]LogTemp: Executing iPhonePackager certificates Engine -bundlename com.YourCompany.CoopGame
[2018.10.30-03.47.32:382][  4]LogTemp: CWD: E:\Program Files (x86)\Epic Games\UE_4.20\Engine\Binaries\DotNET\IOS
[2018.10.30-03.47.32:382][  4]LogTemp: Initial Dir: E:\Program Files (x86)\Epic Games\UE_4.20
[2018.10.30-03.47.32:383][  4]LogTemp: Env CWD: E:\Program Files (x86)\Epic Games\UE_4.20\Engine\Binaries\DotNET\IOS
[2018.10.30-03.47.32:387][  4]LogTemp: BranchPath = DESKTOP-G7BSB63/E/Program Files (x86)/Epic Games/UE_4.20/Engine/Binaries --- GameBranchPath = DESKTOP-G7BSB63/E/Program Files (x86)/Epic Games/UE_4.20/Engine/Binaries
[2018.10.30-03.47.32:424][  6]LogTemp: IPP ERROR: Could not find provision directory 'C:\Users\redbr\AppData\Local/Apple Computer/MobileDevice/Provisioning Profiles/'.
[2018.10.30-03.47.37:657][615]CompilerResultsLog: New page: 컴파일 - 2018. 10. 30. 오후 9:47:37
[2018.10.30-03.47.37:657][615]CompilerResultsLog: Compiling game modules for hot reload
[2018.10.30-03.47.37:657][615]CompilerResultsLog: Parsing headers for CoopGameEditor
[2018.10.30-03.47.37:658][615]CompilerResultsLog:   Running UnrealHeaderTool "E:\Unreal Projects\CoopGame\CoopGame.uproject" "E:\Unreal Projects\CoopGame\Intermediate\Build\Win64\CoopGameEditor\Development\CoopGameEditor.uhtmanifest" -LogCmds="loginit warning, logexit warning, logdatabase error" -Unattended -WarningsAsErrors -installed
[2018.10.30-03.47.37:658][615]CompilerResultsLog: Reflection code generated for CoopGameEditor in 11.6915826 seconds
[2018.10.30-03.47.37:659][615]CompilerResultsLog: Building 4 actions with 4 processes...
[2018.10.30-03.47.37:660][615]CompilerResultsLog:   [1/4] SCharacter.cpp
[2018.10.30-03.47.37:660][615]CompilerResultsLog:   [2/4] SCharacter.gen.cpp
[2018.10.30-03.47.37:660][615]CompilerResultsLog:   [3/4] UE4Editor-CoopGame-5154.lib
[2018.10.30-03.47.37:661][615]CompilerResultsLog:      E:\Unreal Projects\CoopGame\Intermediate\Build\Win64\UE4Editor\Development\CoopGame\UE4Editor-CoopGame-5154.lib ???????? ?? E:\Unreal Projects\CoopGame\Intermediate\Build\Win64\UE4Editor\Development\CoopGame\UE4Editor-CoopGame-5154.exp ??u?? ??????? ??????.
[2018.10.30-03.47.37:662][615]CompilerResultsLog:   [4/4] UE4Editor-CoopGame-5154.dll
[2018.10.30-03.47.37:662][615]CompilerResultsLog:      E:\Unreal Projects\CoopGame\Intermediate\Build\Win64\UE4Editor\Development\CoopGame\UE4Editor-CoopGame-5154.suppressed.lib ???????? ?? E:\Unreal Projects\CoopGame\Intermediate\Build\Win64\UE4Editor\Development\CoopGame\UE4Editor-CoopGame-5154.suppressed.exp ??u?? ??????? ??????.
[2018.10.30-03.47.37:663][615]CompilerResultsLog: ERROR: UnrealBuildTool Exception: In E:\Unreal Projects\CoopGame\Source\CoopGame\Private\SCharacter.cpp: #include "..\Public\SCharacter.h" contains backslashes ('\'), please use forward slashes ('/') instead.
[2018.10.30-03.47.37:663][615]LogMainFrame: MainFrame: Module compiling took 16.265 seconds
[2018.10.30-03.47.37:663][615]Warning: HotReload failed, recompile failed
[2018.10.30-03.50.42:686][464]LogSlate: Window '레벨 다른 이름으로 저장' being destroyed
[2018.10.30-03.51.40:438][395]LogSlate: Window '부모 클래스 선택' being destroyed
[2018.10.30-03.51.40:455][395]LogSlate: Took 0.000239 seconds to synchronously load lazily loaded font '../../../Engine/Content/Slate/Fonts/Roboto-Light.ttf' (167K)
[2018.10.30-03.51.44:038][516]LogSlate: Window 'Delete Assets' being destroyed
[2018.10.30-03.51.55:516][778]LogSlate: Window '부모 클래스 선택' being destroyed
[2018.10.30-03.52.36:367][900]LogEditorViewport: Clicking on Actor (LMB): PlayerStart (Player Start)
[2018.10.30-03.52.37:814][967]Cmd: DELETE
[2018.10.30-03.52.37:814][967]Cmd: ACTOR DELETE
[2018.10.30-03.52.38:020][967]LogEditorActor: Deleted Actor: PlayerStart
[2018.10.30-03.52.38:061][967]LogEditorActor: Deleted 1 Actors (0.082 secs)
[2018.10.30-03.53.06:659][561]LogSlate: FSceneViewport::OnFocusLost() reason 2
[2018.10.30-03.53.06:727][561]Cmd: OBJ SAVEPACKAGE PACKAGE="/Temp/Untitled_1" FILE="../../../../../../Unreal Projects/CoopGame/Saved/Autosaves/Temp/Untitled_1_Auto1.umap" SILENT=true AUTOSAVING=true KEEPDIRTY=false
[2018.10.30-03.53.06:843][561]LogSavePackage: Moving '../../../../../../Unreal Projects/CoopGame/Saved/Untitled_1_Auto1BFFB097041A1CA7CE7F42292FA5D7009.tmp' to '../../../../../../Unreal Projects/CoopGame/Saved/Autosaves/Temp/Untitled_1_Auto1.umap'
[2018.10.30-03.53.06:857][561]LogFileHelpers: Editor autosave (incl. sublevels) for '/Temp/Untitled_1' took 0.164
[2018.10.30-03.53.06:857][561]LogFileHelpers: Editor autosave (incl. sublevels) for all levels took 0.164
[2018.10.30-03.53.06:862][561]OBJ SavePackage: Generating thumbnails for [0] asset(s) in package [/Game/Blueprints/PlayerPawn] ([1] browsable assets)...
[2018.10.30-03.53.06:863][561]OBJ SavePackage: Finished generating thumbnails for package [/Game/Blueprints/PlayerPawn]
[2018.10.30-03.53.06:863][561]Cmd: OBJ SAVEPACKAGE PACKAGE="/Game/Blueprints/PlayerPawn" FILE="../../../../../../Unreal Projects/CoopGame/Saved/Autosaves/Game/Blueprints/PlayerPawn_Auto1.uasset" SILENT=false AUTOSAVING=true
[2018.10.30-03.53.06:884][561]LogSavePackage: Moving '../../../../../../Unreal Projects/CoopGame/Saved/PlayerPawn_Auto183AAC4294CD4FEB4C8F2CBBD31790AED.tmp' to '../../../../../../Unreal Projects/CoopGame/Saved/Autosaves/Game/Blueprints/PlayerPawn_Auto1.uasset'
[2018.10.30-03.53.06:886][561]LogFileHelpers: Auto-saving content packages took 0.026
[2018.10.30-03.54.11:095][627]LogEditorViewport: Clicking on Actor (LMB): StaticMeshActor (Floor)
[2018.10.30-03.54.11:896][657]LogEditorViewport: Clicking on Actor (LMB): PlayerPawn_C (PlayerPawn)
[2018.10.30-03.54.13:582][749]LogSlate: FSceneViewport::OnFocusLost() reason 0
[2018.10.30-03.54.34:429][929]LogSlate: Took 0.000278 seconds to synchronously load lazily loaded font '../../../Engine/Content/Slate/Fonts/Roboto-Italic.ttf' (157K)
[2018.10.30-03.55.16:637][887]LogSlate: FSceneViewport::OnFocusLost() reason 0
[2018.10.30-03.55.18:279][ 33]Cmd: OBJ SAVEPACKAGE PACKAGE="/Game/Blueprints/PlayerPawn" FILE="../../../../../../Unreal Projects/CoopGame/Content/Blueprints/PlayerPawn.uasset" SILENT=true
[2018.10.30-03.55.18:310][ 33]LogSavePackage: Moving '../../../../../../Unreal Projects/CoopGame/Saved/PlayerPawnD80FCF9C4A516CCBFCD5219E25FBB92E.tmp' to '../../../../../../Unreal Projects/CoopGame/Content/Blueprints/PlayerPawn.uasset'
[2018.10.30-03.55.34:743][149]LogTemp: Repeating last play command: 선택된 뷰포트
[2018.10.30-03.55.34:797][149]LogPlayLevel: PlayLevel: No blueprints needed recompiling
[2018.10.30-03.55.34:863][149]PIE: New page: PIE 세션: Untitled_1 (2018. 10. 30. 오후 9:55:34)
[2018.10.30-03.55.34:876][149]LogPlayLevel: Creating play world package: /Temp/UEDPIE_0_Untitled_1
[2018.10.30-03.55.34:898][149]LogPlayLevel: PIE: StaticDuplicateObject took: (0.022486s)
[2018.10.30-03.55.34:900][149]LogAIModule: Creating AISystem for world Untitled_1
[2018.10.30-03.55.34:908][149]LogPlayLevel: PIE: World Init took: (0.009083s)
[2018.10.30-03.55.34:908][149]LogPlayLevel: PIE: Created PIE world by copying editor world from /Temp/Untitled_1.Untitled_1 to /Temp/UEDPIE_0_Untitled_1.Untitled_1 (0.033218s)
[2018.10.30-03.55.34:975][149]LogInit: XAudio2 using 'LG ULTRAWIDE-0(NVIDIA High Definition Audio)' : 2 channels at 48 kHz using 16 bits per sample (channel mask 0x3)
[2018.10.30-03.55.34:986][149]LogInit: FAudioDevice initialized.
[2018.10.30-03.55.35:056][149]LogLoad: Game class is 'GameModeBase'
[2018.10.30-03.55.35:150][149]LogWorld: Bringing World /Temp/UEDPIE_0_Untitled_1.Untitled_1 up for play (max tick rate 0) at 2018.10.30-12.55.35
[2018.10.30-03.55.35:226][149]LogWorld: Bringing up level for play took: 0.095752
[2018.10.30-03.55.35:452][149]LogContentBrowser: Native class hierarchy updated for 'MovieSceneCapture' in 0.0009 seconds. Added 10 classes and 0 folders.
[2018.10.30-03.55.35:490][149]PIE: /Temp/UEDPIE_0_Untitled_1 에 대한 에디터에서 플레이 시작 시간: 1.139
[2018.10.30-03.55.40:241][423]LogSlate: Updating window title bar state: overlay mode, drag disabled, window buttons hidden, title bar hidden
[2018.10.30-03.55.40:295][423]LogPlayLevel: Display: Shutting down PIE online subsystems
[2018.10.30-03.55.40:318][423]LogSlate: Updating window title bar state: overlay mode, drag disabled, window buttons hidden, title bar hidden
[2018.10.30-03.55.40:349][424]LogPlayLevel: Display: Destroying online subsystem :Context_2
[2018.10.30-03.55.40:997][461]LogSlate: FSceneViewport::OnFocusLost() reason 0
[2018.10.30-03.55.41:085][466]LogTemp: Repeating last play command: 선택된 뷰포트
[2018.10.30-03.55.41:093][466]LogPlayLevel: PlayLevel: No blueprints needed recompiling
[2018.10.30-03.55.41:094][466]PIE: New page: PIE 세션: Untitled_1 (2018. 10. 30. 오후 9:55:41)
[2018.10.30-03.55.41:094][466]LogPlayLevel: Creating play world package: /Temp/UEDPIE_0_Untitled_1
[2018.10.30-03.55.41:097][466]LogPlayLevel: PIE: StaticDuplicateObject took: (0.002428s)
[2018.10.30-03.55.41:098][466]LogAIModule: Creating AISystem for world Untitled_1
[2018.10.30-03.55.41:098][466]LogPlayLevel: PIE: World Init took: (0.001094s)
[2018.10.30-03.55.41:099][466]LogPlayLevel: PIE: Created PIE world by copying editor world from /Temp/Untitled_1.Untitled_1 to /Temp/UEDPIE_0_Untitled_1.Untitled_1 (0.004377s)
[2018.10.30-03.55.41:130][466]LogInit: XAudio2 using 'LG ULTRAWIDE-0(NVIDIA High Definition Audio)' : 2 channels at 48 kHz using 16 bits per sample (channel mask 0x3)
[2018.10.30-03.55.41:142][466]LogInit: FAudioDevice initialized.
[2018.10.30-03.55.41:191][466]LogLoad: Game class is 'GameModeBase'
[2018.10.30-03.55.41:193][466]LogWorld: Bringing World /Temp/UEDPIE_0_Untitled_1.Untitled_1 up for play (max tick rate 0) at 2018.10.30-12.55.41
[2018.10.30-03.55.41:193][466]LogWorld: Bringing up level for play took: 0.001096
[2018.10.30-03.55.41:208][466]PIE: /Temp/UEDPIE_0_Untitled_1 에 대한 에디터에서 플레이 시작 시간: 0.857
[2018.10.30-03.55.52:276][160]LogSlate: Updating window title bar state: overlay mode, drag disabled, window buttons hidden, title bar hidden
[2018.10.30-03.55.52:324][160]LogPlayLevel: Display: Shutting down PIE online subsystems
[2018.10.30-03.55.52:346][160]LogSlate: Updating window title bar state: overlay mode, drag disabled, window buttons hidden, title bar hidden
[2018.10.30-03.55.52:376][161]LogPlayLevel: Display: Destroying online subsystem :Context_3
[2018.10.30-03.55.54:781][298]LogSlate: FSceneViewport::OnFocusLost() reason 0
[2018.10.30-03.56.13:885][120]LogEditorViewport: Clicking on Actor (LMB): StaticMeshActor (Floor)
[2018.10.30-03.56.15:219][189]LogSlate: FSceneViewport::OnFocusLost() reason 0
[2018.10.30-03.56.15:310][194]LogTemp: Repeating last play command: 선택된 뷰포트
[2018.10.30-03.56.15:319][194]LogPlayLevel: PlayLevel: No blueprints needed recompiling
[2018.10.30-03.56.15:319][194]PIE: New page: PIE 세션: Untitled_1 (2018. 10. 30. 오후 9:56:15)
[2018.10.30-03.56.15:319][194]LogPlayLevel: Creating play world package: /Temp/UEDPIE_0_Untitled_1
[2018.10.30-03.56.15:322][194]LogPlayLevel: PIE: StaticDuplicateObject took: (0.002216s)
[2018.10.30-03.56.15:323][194]LogAIModule: Creating AISystem for world Untitled_1
[2018.10.30-03.56.15:323][194]LogPlayLevel: PIE: World Init took: (0.000935s)
[2018.10.30-03.56.15:323][194]LogPlayLevel: PIE: Created PIE world by copying editor world from /Temp/Untitled_1.Untitled_1 to /Temp/UEDPIE_0_Untitled_1.Untitled_1 (0.003872s)
[2018.10.30-03.56.15:357][194]LogInit: XAudio2 using 'LG ULTRAWIDE-0(NVIDIA High Definition Audio)' : 2 channels at 48 kHz using 16 bits per sample (channel mask 0x3)
[2018.10.30-03.56.15:368][194]LogInit: FAudioDevice initialized.
[2018.10.30-03.56.15:404][194]LogLoad: Game class is 'GameModeBase'
[2018.10.30-03.56.15:406][194]LogWorld: Bringing World /Temp/UEDPIE_0_Untitled_1.Untitled_1 up for play (max tick rate 0) at 2018.10.30-12.56.15
[2018.10.30-03.56.15:407][194]LogWorld: Bringing up level for play took: 0.001065
[2018.10.30-03.56.15:420][194]PIE: /Temp/UEDPIE_0_Untitled_1 에 대한 에디터에서 플레이 시작 시간: 1.069
[2018.10.30-03.56.25:037][493]LogSlate: FSceneViewport::OnFocusLost() reason 2
[2018.10.30-03.56.27:233][602]LogSlate: Updating window title bar state: overlay mode, drag disabled, window buttons hidden, title bar hidden
[2018.10.30-03.56.27:276][602]LogPlayLevel: Display: Shutting down PIE online subsystems
[2018.10.30-03.56.27:298][602]LogSlate: Updating window title bar state: overlay mode, drag disabled, window buttons hidden, title bar hidden
[2018.10.30-03.56.27:347][606]LogPlayLevel: Display: Destroying online subsystem :Context_4
[2018.10.30-03.56.34:823][890]LogSlate: Window '레벨 다른 이름으로 저장' being destroyed
[2018.10.30-03.56.59:811][221]LogSlate: Window '레벨 다른 이름으로 저장' being destroyed
[2018.10.30-03.56.59:934][221]Cmd: OBJ SAVEPACKAGE PACKAGE="/Game/CoopGame" FILE="../../../../../../Unreal Projects/CoopGame/Content/CoopGame.umap" SILENT=true AUTOSAVING=false KEEPDIRTY=false
[2018.10.30-03.56.59:995][221]LogSavePackage: Moving '../../../../../../Unreal Projects/CoopGame/Saved/CoopGame5215DA8443BD2B9A747C0E8A9D2AB7AF.tmp' to '../../../../../../Unreal Projects/CoopGame/Content/CoopGame.umap'
[2018.10.30-03.57.00:047][221]LogFileHelpers: Saving map 'CoopGame' took 0.231
[2018.10.30-03.57.03:619][295]LogSlate: Window '콘텐츠 저장' being destroyed
[2018.10.30-03.57.03:636][295]Cmd: OBJ SAVEPACKAGE PACKAGE="/Game/CoopGame_BuiltData" FILE="../../../../../../Unreal Projects/CoopGame/Content/CoopGame_BuiltData.uasset" SILENT=true
[2018.10.30-03.57.03:654][295]LogSavePackage: Moving '../../../../../../Unreal Projects/CoopGame/Saved/CoopGame_BuiltData2149BBBC409CC4945A8C16AF5DC9322D.tmp' to '../../../../../../Unreal Projects/CoopGame/Content/CoopGame_BuiltData.uasset'
[2018.10.30-03.57.03:689][295]LogSlate: Window 'CoopGame - 언리얼 에디터' being destroyed
[2018.10.30-03.57.03:692][295]LogWindowsTextInputMethodSystem: Display: IME system now activated using TSF (Microsoft 입력기).
[2018.10.30-03.57.03:925][296]Cmd: QUIT_EDITOR
[2018.10.30-03.57.04:882][296]LogExit: Preparing to exit.
[2018.10.30-03.57.05:074][296]LogExit: Editor shut down
[2018.10.30-03.57.05:075][296]LogExit: Transaction tracking system shut down
[2018.10.30-03.57.05:355][296]LogExit: Object subsystem successfully closed.
[2018.10.30-03.57.05:382][296]LogShaderCompilers: Display: Shaders left to compile 0
[2018.10.30-03.57.05:387][296]LogD3D11RHI: Shutdown
[2018.10.30-03.57.05:387][296]LogD3D11RHI: CleanupD3DDevice
[2018.10.30-03.57.05:392][296]LogD3D11RHI: ~FD3D11DynamicRHI
[2018.10.30-03.57.05:410][296]LogModuleManager: Shutting down and abandoning module MovieSceneCapture (622)
[2018.10.30-03.57.05:411][296]LogModuleManager: Shutting down and abandoning module Voice (620)
[2018.10.30-03.57.05:411][296]LogModuleManager: Shutting down and abandoning module ExternalImagePicker (618)
[2018.10.30-03.57.05:412][296]LogModuleManager: Shutting down and abandoning module CoopGame (616)
[2018.10.30-03.57.05:412][296]LogModuleManager: Shutting down and abandoning module HierarchicalLODOutliner (614)
[2018.10.30-03.57.05:413][296]LogModuleManager: Shutting down and abandoning module SceneOutliner (612)
[2018.10.30-03.57.05:413][296]LogModuleManager: Shutting down and abandoning module AddContentDialog (610)
[2018.10.30-03.57.05:414][296]LogModuleManager: Shutting down and abandoning module WidgetCarousel (609)
[2018.10.30-03.57.05:414][296]LogModuleManager: Shutting down and abandoning module EditorWidgets (606)
[2018.10.30-03.57.05:414][296]LogModuleManager: Shutting down and abandoning module CollectionManager (604)
[2018.10.30-03.57.05:415][296]LogModuleManager: Shutting down and abandoning module HierarchicalLODUtilities (602)
[2018.10.30-03.57.05:415][296]LogModuleManager: Shutting down and abandoning module StatsViewer (600)
[2018.10.30-03.57.05:415][296]LogModuleManager: Shutting down and abandoning module FoliageEdit (598)
[2018.10.30-03.57.05:415][296]LogModuleManager: Shutting down and abandoning module LandscapeEditor (596)
[2018.10.30-03.57.05:416][296]LogModuleManager: Shutting down and abandoning module MeshPaintMode (594)
[2018.10.30-03.57.05:416][296]LogModuleManager: Shutting down and abandoning module SceneDepthPickerMode (592)
[2018.10.30-03.57.05:416][296]LogModuleManager: Shutting down and abandoning module ActorPickerMode (590)
[2018.10.30-03.57.05:416][296]LogModuleManager: Shutting down and abandoning module GeometryMode (588)
[2018.10.30-03.57.05:416][296]LogModuleManager: Shutting down and abandoning module TextureAlignMode (586)
[2018.10.30-03.57.05:416][296]LogModuleManager: Shutting down and abandoning module BspMode (584)
[2018.10.30-03.57.05:416][296]LogModuleManager: Shutting down and abandoning module PIEPreviewDeviceProfileSelector (582)
[2018.10.30-03.57.05:417][296]LogModuleManager: Shutting down and abandoning module SequenceRecorderSections (580)
[2018.10.30-03.57.05:417][296]LogModuleManager: Shutting down and abandoning module AutomationWorker (578)
[2018.10.30-03.57.05:417][296]LogModuleManager: Shutting down and abandoning module AudioCaptureEditor (576)
[2018.10.30-03.57.05:417][296]LogModuleManager: Shutting down and abandoning module SequenceRecorder (575)
[2018.10.30-03.57.05:417][296]LogModuleManager: Shutting down and abandoning module MatineeToLevelSequence (572)
[2018.10.30-03.57.05:417][296]LogModuleManager: Shutting down and abandoning module LevelSequenceEditor (570)
[2018.10.30-03.57.05:417][296]LogModuleManager: Shutting down and abandoning module PlacementMode (569)
[2018.10.30-03.57.05:417][296]LogModuleManager: Shutting down and abandoning module MaterialEditor (568)
[2018.10.30-03.57.05:417][296]LogModuleManager: Shutting down and abandoning module WmfMediaFactory (564)
[2018.10.30-03.57.05:418][296]LogModuleManager: Shutting down and abandoning module WmfMediaEditor (562)
[2018.10.30-03.57.05:418][296]LogModuleManager: Shutting down and abandoning module MediaPlayerEditor (560)
[2018.10.30-03.57.05:418][296]LogModuleManager: Shutting down and abandoning module OpenExrWrapper (558)
[2018.10.30-03.57.05:418][296]LogModuleManager: Shutting down and abandoning module ImgMediaFactory (556)
[2018.10.30-03.57.05:418][296]LogModuleManager: Shutting down and abandoning module ImgMediaEditor (554)
[2018.10.30-03.57.05:418][296]LogModuleManager: Shutting down and abandoning module AvfMediaFactory (552)
[2018.10.30-03.57.05:418][296]LogModuleManager: Shutting down and abandoning module AvfMediaEditor (550)
[2018.10.30-03.57.05:418][296]LogModuleManager: Shutting down and abandoning module AndroidMediaFactory (548)
[2018.10.30-03.57.05:418][296]LogModuleManager: Shutting down and abandoning module AndroidMediaEditor (546)
[2018.10.30-03.57.05:418][296]LogModuleManager: Shutting down and abandoning module MagicLeapCameraPreviewFactory (544)
[2018.10.30-03.57.05:418][296]LogModuleManager: Shutting down and abandoning module MagicLeapMediaFactory (542)
[2018.10.30-03.57.05:419][296]LogModuleManager: Shutting down and abandoning module MagicLeapMediaEditor (540)
[2018.10.30-03.57.05:419][296]LogModuleManager: Shutting down and abandoning module CharacterAI (538)
[2018.10.30-03.57.05:419][296]LogModuleManager: Shutting down and abandoning module SmartSnapping (536)
[2018.10.30-03.57.05:419][296]LogModuleManager: Shutting down and abandoning module SessionServices (534)
[2018.10.30-03.57.05:419][296]LogModuleManager: Shutting down and abandoning module ViewportSnapping (532)
[2018.10.30-03.57.05:419][296]LogModuleManager: Shutting down and abandoning module ViewportInteraction (530)
[2018.10.30-03.57.05:419][296]LogModuleManager: Shutting down and abandoning module ClothPainter (528)
[2018.10.30-03.57.05:419][296]LogModuleManager: Shutting down and abandoning module SkeletalMeshEditor (527)
[2018.10.30-03.57.05:419][296]LogModuleManager: Shutting down and abandoning module LogVisualizer (524)
[2018.10.30-03.57.05:419][296]LogModuleManager: Shutting down and abandoning module IntroTutorials (522)
[2018.10.30-03.57.05:419][296]LogModuleManager: Shutting down and abandoning module GameProjectGeneration (521)
[2018.10.30-03.57.05:419][296]LogModuleManager: Shutting down and abandoning module LuminPlatformEditor (518)
[2018.10.30-03.57.05:420][296]LogModuleManager: Shutting down and abandoning module IOSPlatformEditor (516)
[2018.10.30-03.57.05:420][296]LogModuleManager: Shutting down and abandoning module HTML5PlatformEditor (514)
[2018.10.30-03.57.05:420][296]LogModuleManager: Shutting down and abandoning module AndroidPlatformEditor (512)
[2018.10.30-03.57.05:420][296]LogModuleManager: Shutting down and abandoning module AndroidDeviceDetection (511)
[2018.10.30-03.57.05:834][296]LogModuleManager: Shutting down and abandoning module WindowsPlatformEditor (508)
[2018.10.30-03.57.05:835][296]LogModuleManager: Shutting down and abandoning module LuminRuntimeSettings (506)
[2018.10.30-03.57.05:835][296]LogModuleManager: Shutting down and abandoning module IOSRuntimeSettings (504)
[2018.10.30-03.57.05:835][296]LogModuleManager: Shutting down and abandoning module AndroidRuntimeSettings (502)
[2018.10.30-03.57.05:836][296]LogModuleManager: Shutting down and abandoning module InputBindingEditor (500)
[2018.10.30-03.57.05:836][296]LogModuleManager: Shutting down and abandoning module MergeActors (498)
[2018.10.30-03.57.05:836][296]LogModuleManager: Shutting down and abandoning module LocalizationDashboard (496)
[2018.10.30-03.57.05:837][296]LogModuleManager: Shutting down and abandoning module LocalizationService (495)
[2018.10.30-03.57.05:837][296]LogModuleManager: Shutting down and abandoning module HardwareTargeting (492)
[2018.10.30-03.57.05:837][296]LogModuleManager: Shutting down and abandoning module DeviceProfileEditor (490)
[2018.10.30-03.57.05:837][296]LogModuleManager: Shutting down and abandoning module UndoHistory (488)
[2018.10.30-03.57.05:840][296]LogModuleManager: Shutting down and abandoning module XmlParser (486)
[2018.10.30-03.57.05:841][296]LogModuleManager: Shutting down and abandoning module Blutility (484)
[2018.10.30-03.57.05:841][296]LogModuleManager: Shutting down and abandoning module ProjectSettingsViewer (482)
[2018.10.30-03.57.05:842][296]LogModuleManager: Shutting down and abandoning module ProjectTargetPlatformEditor (481)
[2018.10.30-03.57.05:843][296]LogModuleManager: Shutting down and abandoning module EditorSettingsViewer (478)
[2018.10.30-03.57.05:843][296]LogModuleManager: Shutting down and abandoning module SettingsEditor (476)
[2018.10.30-03.57.05:844][296]LogModuleManager: Shutting down and abandoning module ProjectLauncher (474)
[2018.10.30-03.57.05:844][296]LogModuleManager: Shutting down and abandoning module SessionFrontend (472)
[2018.10.30-03.57.05:844][296]LogModuleManager: Shutting down and abandoning module ProfilerClient (470)
[2018.10.30-03.57.05:845][296]LogModuleManager: Shutting down and abandoning module DeviceManager (468)
[2018.10.30-03.57.05:845][296]LogModuleManager: Shutting down and abandoning module TargetDeviceServices (467)
[2018.10.30-03.57.05:901][296]LogModuleManager: Shutting down and abandoning module AutomationController (464)
[2018.10.30-03.57.05:901][296]LogModuleManager: Shutting down and abandoning module AutomationWindow (462)
[2018.10.30-03.57.05:901][296]LogModuleManager: Shutting down and abandoning module Layers (460)
[2018.10.30-03.57.05:901][296]LogModuleManager: Shutting down and abandoning module ComponentVisualizers (458)
[2018.10.30-03.57.05:901][296]LogModuleManager: Shutting down and abandoning module DetailCustomizations (456)
[2018.10.30-03.57.05:901][296]LogModuleManager: Shutting down and abandoning module PackagesDialog (454)
[2018.10.30-03.57.05:902][296]LogModuleManager: Shutting down and abandoning module Persona (452)
[2018.10.30-03.57.05:902][296]LogModuleManager: Shutting down and abandoning module AdvancedPreviewScene (451)
[2018.10.30-03.57.05:902][296]LogModuleManager: Shutting down and abandoning module AnimGraph (449)
[2018.10.30-03.57.05:902][296]LogModuleManager: Shutting down and abandoning module Kismet (446)
[2018.10.30-03.57.05:902][296]LogModuleManager: Shutting down and abandoning module GraphEditor (444)
[2018.10.30-03.57.05:903][296]LogModuleManager: Shutting down and abandoning module ClassViewer (442)
[2018.10.30-03.57.05:904][296]LogModuleManager: Shutting down and abandoning module Toolbox (440)
[2018.10.30-03.57.05:904][296]LogModuleManager: Shutting down and abandoning module DesktopPlatform (439)
[2018.10.30-03.57.05:904][296]LogModuleManager: Shutting down and abandoning module ModuleUI (436)
[2018.10.30-03.57.05:904][296]LogModuleManager: Shutting down and abandoning module MovieSceneTools (434)
[2018.10.30-03.57.05:904][296]LogModuleManager: Shutting down and abandoning module OutputLog (432)
[2018.10.30-03.57.05:904][296]LogModuleManager: Shutting down and abandoning module GammaUI (430)
[2018.10.30-03.57.05:904][296]LogModuleManager: Shutting down and abandoning module Documentation (428)
[2018.10.30-03.57.05:904][296]LogModuleManager: Shutting down and abandoning module MovieSceneTracks (426)
[2018.10.30-03.57.05:904][296]LogModuleManager: Shutting down and abandoning module MovieScene (424)
[2018.10.30-03.57.05:904][296]LogModuleManager: Shutting down and abandoning module StreamingPauseRendering (422)
[2018.10.30-03.57.05:905][296]LogModuleManager: Shutting down and abandoning module LauncherPlatform (420)
[2018.10.30-03.57.05:905][296]LogModuleManager: Shutting down and abandoning module AnalyticsET (418)
[2018.10.30-03.57.05:905][296]LogModuleManager: Shutting down and abandoning module PortalServices (416)
[2018.10.30-03.57.05:905][296]LogModuleManager: Shutting down and abandoning module PortalRpc (414)
[2018.10.30-03.57.05:905][296]LogModuleManager: Shutting down and abandoning module MessagingRpc (412)
[2018.10.30-03.57.05:905][296]LogModuleManager: Shutting down and abandoning module AIModule (410)
[2018.10.30-03.57.05:905][296]LogModuleManager: Shutting down and abandoning module GameplayDebugger (409)
[2018.10.30-03.57.05:905][296]LogModuleManager: Shutting down and abandoning module AITestSuite (407)
[2018.10.30-03.57.05:905][296]LogModuleManager: Shutting down and abandoning module NavigationSystem (405)
[2018.10.30-03.57.05:906][296]LogModuleManager: Shutting down and abandoning module ProfilerService (402)
[2018.10.30-03.57.05:949][296]LogModuleManager: Shutting down and abandoning module TaskGraph (400)
[2018.10.30-03.57.05:950][296]LogModuleManager: Shutting down and abandoning module SteamVRController (398)
[2018.10.30-03.57.05:950][296]LogModuleManager: Shutting down and abandoning module ProceduralMeshComponentEditor (396)
[2018.10.30-03.57.05:950][296]LogModuleManager: Shutting down and abandoning module ProceduralMeshComponent (394)
[2018.10.30-03.57.05:950][296]LogModuleManager: Shutting down and abandoning module OculusInput (392)
[2018.10.30-03.57.05:950][296]LogModuleManager: Shutting down and abandoning module MobilePatchingUtils (390)
[2018.10.30-03.57.05:950][296]LogModuleManager: Shutting down and abandoning module EditableMesh (388)
[2018.10.30-03.57.05:950][296]LogModuleManager: Shutting down and abandoning module CustomMeshComponent (386)
[2018.10.30-03.57.05:950][296]LogModuleManager: Shutting down and abandoning module CableComponent (384)
[2018.10.30-03.57.05:950][296]LogModuleManager: Shutting down and abandoning module AudioCapture (382)
[2018.10.30-03.57.05:951][296]LogModuleManager: Shutting down and abandoning module ArchVisCharacter (380)
[2018.10.30-03.57.05:951][296]LogModuleManager: Shutting down and abandoning module AndroidPermission (378)
[2018.10.30-03.57.05:951][296]LogModuleManager: Shutting down and abandoning module NUTUnrealEngine4 (376)
[2018.10.30-03.57.05:951][296]LogModuleManager: Shutting down and abandoning module NetcodeUnitTest (374)
[2018.10.30-03.57.05:951][296]LogModuleManager: Shutting down and abandoning module MediaCompositingEditor (372)
[2018.10.30-03.57.05:951][296]LogModuleManager: Shutting down and abandoning module MediaCompositing (370)
[2018.10.30-03.57.05:951][296]LogModuleManager: Shutting down and abandoning module LinearTimecode (368)
[2018.10.30-03.57.05:951][296]LogModuleManager: Shutting down and abandoning module ImgMedia (366)
[2018.10.30-03.57.05:959][296]LogModuleManager: Shutting down and abandoning module HTML5Networking (364)
[2018.10.30-03.57.05:960][296]LogModuleManager: Shutting down and abandoning module GeometryCacheTracks (362)
[2018.10.30-03.57.05:960][296]LogModuleManager: Shutting down and abandoning module GeometryCacheSequencer (360)
[2018.10.30-03.57.05:960][296]LogModuleManager: Shutting down and abandoning module BackChannel (358)
[2018.10.30-03.57.05:960][296]LogModuleManager: Shutting down and abandoning module AppleVision (356)
[2018.10.30-03.57.05:960][296]LogModuleManager: Shutting down and abandoning module AppleImageUtils (354)
[2018.10.30-03.57.05:961][296]LogModuleManager: Shutting down and abandoning module AlembicImporter (352)
[2018.10.30-03.57.05:961][296]LogModuleManager: Shutting down and abandoning module AlembicLibrary (351)
[2018.10.30-03.57.05:961][296]LogModuleManager: Shutting down and abandoning module GeometryCache (350)
[2018.10.30-03.57.05:961][296]LogModuleManager: Shutting down and abandoning module GeometryCacheEd (349)
[2018.10.30-03.57.05:961][296]LogModuleManager: Shutting down and abandoning module DatasmithContentEditor (344)
[2018.10.30-03.57.05:961][296]LogModuleManager: Shutting down and abandoning module DatasmithContent (342)
[2018.10.30-03.57.05:962][296]LogModuleManager: Shutting down and abandoning module SpeedTreeImporter (340)
[2018.10.30-03.57.05:962][296]LogModuleManager: Shutting down and abandoning module PluginBrowser (338)
[2018.10.30-03.57.05:962][296]LogModuleManager: Shutting down and abandoning module MobileLauncherProfileWizard (336)
[2018.10.30-03.57.05:963][296]LogModuleManager: Shutting down and abandoning module PolygonModeling (334)
[2018.10.30-03.57.05:963][296]LogModuleManager: Shutting down and abandoning module MeshEditor (332)
[2018.10.30-03.57.05:963][296]LogModuleManager: Shutting down and abandoning module CryptoKeysOpenSSL (330)
[2018.10.30-03.57.05:963][296]LogModuleManager: Shutting down and abandoning module CryptoKeys (328)
[2018.10.30-03.57.05:963][296]LogModuleManager: Shutting down and abandoning module VisualStudioSourceCodeAccess (326)
[2018.10.30-03.57.05:963][296]LogModuleManager: Shutting down and abandoning module VisualStudioCodeSourceCodeAccess (324)
[2018.10.30-03.57.05:963][296]LogModuleManager: Shutting down and abandoning module UObjectPlugin (322)
[2018.10.30-03.57.05:963][296]LogModuleManager: Shutting down and abandoning module SubversionSourceControl (320)
[2018.10.30-03.57.05:963][296]LogModuleManager: Shutting down and abandoning module PerforceSourceControl (318)
[2018.10.30-03.57.05:963][296]LogModuleManager: Shutting down and abandoning module GitSourceControl (316)
[2018.10.30-03.57.05:963][296]LogModuleManager: Shutting down and abandoning module SourceControl (315)
[2018.10.30-03.57.05:964][296]LogModuleManager: Shutting down and abandoning module CLionSourceCodeAccess (312)
[2018.10.30-03.57.05:964][296]LogModuleManager: Shutting down and abandoning module LightPropagationVolumeEditor (310)
[2018.10.30-03.57.05:964][296]LogModuleManager: Shutting down and abandoning module PaperTiledImporter (308)
[2018.10.30-03.57.05:964][296]LogModuleManager: Shutting down and abandoning module PaperSpriteSheetImporter (306)
[2018.10.30-03.57.05:964][296]LogModuleManager: Shutting down and abandoning module Paper2DEditor (304)
[2018.10.30-03.57.05:964][296]LogModuleManager: Shutting down and abandoning module MeshPaint (303)
[2018.10.30-03.57.05:964][296]LogModuleManager: Shutting down and abandoning module RuntimePhysXCooking (298)
[2018.10.30-03.57.05:964][296]LogModuleManager: Shutting down and abandoning module PhysXVehiclesEditor (296)
[2018.10.30-03.57.05:964][296]LogModuleManager: Shutting down and abandoning module PhysXVehicles (294)
[2018.10.30-03.57.05:964][296]LogModuleManager: Shutting down and abandoning module OculusEditor (292)
[2018.10.30-03.57.05:964][296]LogModuleManager: Shutting down and abandoning module LocationServicesBPLibrary (290)
[2018.10.30-03.57.05:964][296]LogModuleManager: Shutting down and abandoning module ImmediatePhysicsEditor (288)
[2018.10.30-03.57.05:964][296]LogModuleManager: Shutting down and abandoning module ImmediatePhysics (286)
[2018.10.30-03.57.05:964][296]LogModuleManager: Shutting down and abandoning module ActorSequence (284)
[2018.10.30-03.57.05:965][296]LogModuleManager: Shutting down and abandoning module UdpMessaging (282)
